<?xml version="1.0" encoding="UTF-8"?>
<testsuite xmlns:xsi="http://www.w3.org/2001/XMLSchema-instance" xsi:noNamespaceSchemaLocation="https://maven.apache.org/surefire/maven-surefire-plugin/xsd/surefire-test-report.xsd" version="3.0.2" name="fullstack_productos.productos.ProductosApplicationTests" time="4.854" tests="1" errors="0" skipped="0" failures="0" flakes="0">
  <properties>
[...]
</properties>
  <testcase name="contextLoads" classname="fullstack_productos.productos.ProductosApplicationTests" time="0.336">
    <system-out><![CDATA[20:51:15.774 [main] INFO org.springframework.test.context.support.AnnotationConfigContextLoaderUtils -- Could not detect default configuration classes for test class [fullstack_productos.productos.ProductosApplicationTests]: ProductosApplicationTests does not declare any static, non-private, non-final, nested classes annotated with @Configuration.
20:51:15.856 [main] INFO org.springframework.boot.test.context.SpringBootTestContextBootstrapper -- Found @SpringBootConfiguration fullstack_productos.productos.ProductosApplication for test class fullstack_productos.productos.ProductosApplicationTests

  .   ____          _            __ _ _
 /\\ / ___'_ __ _ _(_)_ __  __ _ \ \ \ \
( ( )\___ | '_ | '_| | '_ \/ _` | \ \ \ \
 \\/  ___)| |_)| | | | | || (_| |  ) ) ) )
  '  |____| .__|_| |_|_| |_\__, | / / / /
 =========|_|==============|___/=/_/_/_/

 :: Spring Boot ::               (v3.5.12)

2026-04-13T20:51:16.145-04:00 DEBUG 66076 --- [productos] [kground-preinit] o.h.v.i.xml.config.ValidationXmlParser   : Trying to load META-INF/validation.xml for XML based Validator configuration.
2026-04-13T20:51:16.147-04:00 DEBUG 66076 --- [productos] [kground-preinit] o.h.v.i.xml.config.ResourceLoaderHelper  : Trying to load META-INF/validation.xml via TCCL
2026-04-13T20:51:16.147-04:00 DEBUG 66076 --- [productos] [kground-preinit] o.h.v.i.xml.config.ResourceLoaderHelper  : Trying to load META-INF/validation.xml via Hibernate Validator's class loader
2026-04-13T20:51:16.147-04:00 DEBUG 66076 --- [productos] [kground-preinit] o.h.v.i.xml.config.ValidationXmlParser   : No META-INF/validation.xml found. Using annotation based configuration only.
2026-04-13T20:51:16.151-04:00 DEBUG 66076 --- [productos] [kground-preinit] o.h.v.i.e.resolver.TraversableResolvers  : Found jakarta.persistence.Persistence on classpath containing 'getPersistenceUtil'. Assuming JPA 2 environment. Trying to instantiate JPA aware TraversableResolver
2026-04-13T20:51:16.151-04:00 DEBUG 66076 --- [productos] [kground-preinit] o.h.v.i.e.resolver.TraversableResolvers  : Instantiated JPA aware TraversableResolver of type org.hibernate.validator.internal.engine.resolver.JPATraversableResolver.
2026-04-13T20:51:16.164-04:00  INFO 66076 --- [productos] [           main] f.productos.ProductosApplicationTests    : Starting ProductosApplicationTests using Java 17.0.15 with PID 66076 (started by krhisnaoyanedelyanez in /Users/krhisnaoyanedelyanez/Desktop/Inge Desarrollo de Software/BIMESTRE VI/DESARROLLO FULLSTACK/EXPERIENCIA 1/SEMANA 2/FULLSTACK3-PRODUCTOS)
2026-04-13T20:51:16.165-04:00  INFO 66076 --- [productos] [           main] f.productos.ProductosApplicationTests    : No active profile set, falling back to 1 default profile: "default"
2026-04-13T20:51:16.165-04:00 DEBUG 66076 --- [productos] [           main] o.s.boot.SpringApplication               : Loading source class fullstack_productos.productos.ProductosApplication
2026-04-13T20:51:16.167-04:00 DEBUG 66076 --- [productos] [kground-preinit] .h.v.m.ResourceBundleMessageInterpolator : Loaded expression factory via original TCCL
2026-04-13T20:51:16.184-04:00 DEBUG 66076 --- [productos] [           main] o.s.w.c.s.GenericWebApplicationContext   : Refreshing org.springframework.web.context.support.GenericWebApplicationContext@271f18d3
2026-04-13T20:51:16.197-04:00 DEBUG 66076 --- [productos] [           main] o.s.b.f.s.DefaultListableBeanFactory     : Creating shared instance of singleton bean 'org.springframework.context.annotation.internalConfigurationAnnotationProcessor'
2026-04-13T20:51:16.205-04:00 DEBUG 66076 --- [productos] [           main] o.s.b.f.s.DefaultListableBeanFactory     : Creating shared instance of singleton bean 'org.springframework.boot.autoconfigure.internalCachingMetadataReaderFactory'
2026-04-13T20:51:16.223-04:00 DEBUG 66076 --- [productos] [kground-preinit] .i.e.ValidatorFactoryConfigurationHelper : HV000252: Using org.hibernate.validator.internal.engine.DefaultPropertyNodeNameProvider as property node name provider.
2026-04-13T20:51:16.226-04:00 DEBUG 66076 --- [productos] [kground-preinit] .i.e.ValidatorFactoryConfigurationHelper : HV000234: Using org.hibernate.validator.messageinterpolation.ResourceBundleMessageInterpolator as ValidatorFactory-scoped message interpolator.
2026-04-13T20:51:16.227-04:00 DEBUG 66076 --- [productos] [kground-preinit] .i.e.ValidatorFactoryConfigurationHelper : HV000234: Using org.hibernate.validator.internal.engine.resolver.JPATraversableResolver as ValidatorFactory-scoped traversable resolver.
2026-04-13T20:51:16.227-04:00 DEBUG 66076 --- [productos] [kground-preinit] .i.e.ValidatorFactoryConfigurationHelper : HV000234: Using org.hibernate.validator.internal.util.ExecutableParameterNameProvider as ValidatorFactory-scoped parameter name provider.
2026-04-13T20:51:16.227-04:00 DEBUG 66076 --- [productos] [kground-preinit] .i.e.ValidatorFactoryConfigurationHelper : HV000234: Using org.hibernate.validator.internal.engine.DefaultClockProvider as ValidatorFactory-scoped clock provider.
2026-04-13T20:51:16.227-04:00 DEBUG 66076 --- [productos] [kground-preinit] .i.e.ValidatorFactoryConfigurationHelper : HV000234: Using org.hibernate.validator.internal.engine.scripting.DefaultScriptEvaluatorFactory as ValidatorFactory-scoped script evaluator factory.
2026-04-13T20:51:16.240-04:00 DEBUG 66076 --- [productos] [           main] o.s.c.a.ClassPathBeanDefinitionScanner   : Identified candidate component class: file [/Users/krhisnaoyanedelyanez/Desktop/Inge Desarrollo de Software/BIMESTRE VI/DESARROLLO FULLSTACK/EXPERIENCIA 1/SEMANA 2/FULLSTACK3-PRODUCTOS/target/classes/fullstack_productos/productos/controller/ProductoController.class]
2026-04-13T20:51:16.242-04:00 DEBUG 66076 --- [productos] [           main] o.s.c.a.ClassPathBeanDefinitionScanner   : Ignored because not a concrete top-level class: file [/Users/krhisnaoyanedelyanez/Desktop/Inge Desarrollo de Software/BIMESTRE VI/DESARROLLO FULLSTACK/EXPERIENCIA 1/SEMANA 2/FULLSTACK3-PRODUCTOS/target/classes/fullstack_productos/productos/repository/ProductoRepository.class]
2026-04-13T20:51:16.243-04:00 DEBUG 66076 --- [productos] [           main] o.s.c.a.ClassPathBeanDefinitionScanner   : Identified candidate component class: file [/Users/krhisnaoyanedelyanez/Desktop/Inge Desarrollo de Software/BIMESTRE VI/DESARROLLO FULLSTACK/EXPERIENCIA 1/SEMANA 2/FULLSTACK3-PRODUCTOS/target/classes/fullstack_productos/productos/service/ProductoServiceImpl.class]
2026-04-13T20:51:16.832-04:00  INFO 66076 --- [productos] [           main] .s.d.r.c.RepositoryConfigurationDelegate : Bootstrapping Spring Data JPA repositories in DEFAULT mode.
2026-04-13T20:51:16.838-04:00 DEBUG 66076 --- [productos] [           main] o.s.b.f.s.DefaultListableBeanFactory     : Creating shared instance of singleton bean 'org.springframework.boot.autoconfigure.AutoConfigurationPackages'
2026-04-13T20:51:16.843-04:00 DEBUG 66076 --- [productos] [           main] o.s.b.a.AutoConfigurationPackages        : @EnableAutoConfiguration was declared on a class in the package 'fullstack_productos.productos'. Automatic @Repository and @Entity scanning is enabled.
2026-04-13T20:51:16.844-04:00 DEBUG 66076 --- [productos] [           main] .s.d.r.c.RepositoryConfigurationDelegate : Scanning for JPA repositories in packages fullstack_productos.productos.
2026-04-13T20:51:16.849-04:00 DEBUG 66076 --- [productos] [           main] o.s.d.r.c.RepositoryComponentProvider    : Identified candidate component class: file [/Users/krhisnaoyanedelyanez/Desktop/Inge Desarrollo de Software/BIMESTRE VI/DESARROLLO FULLSTACK/EXPERIENCIA 1/SEMANA 2/FULLSTACK3-PRODUCTOS/target/classes/fullstack_productos/productos/repository/ProductoRepository.class]
2026-04-13T20:51:16.863-04:00 DEBUG 66076 --- [productos] [           main] ssPathScanningCandidateComponentProvider : Identified candidate component class: file [/Users/krhisnaoyanedelyanez/Desktop/Inge Desarrollo de Software/BIMESTRE VI/DESARROLLO FULLSTACK/EXPERIENCIA 1/SEMANA 2/FULLSTACK3-PRODUCTOS/target/classes/fullstack_productos/productos/service/ProductoServiceImpl.class]
2026-04-13T20:51:16.871-04:00  INFO 66076 --- [productos] [           main] .s.d.r.c.RepositoryConfigurationDelegate : Finished Spring Data repository scanning in 25 ms. Found 1 JPA repository interface.
2026-04-13T20:51:16.928-04:00 DEBUG 66076 --- [productos] [           main] o.s.b.f.s.DefaultListableBeanFactory     : Creating shared instance of singleton bean 'propertySourcesPlaceholderConfigurer'
2026-04-13T20:51:16.931-04:00 DEBUG 66076 --- [productos] [           main] o.s.b.f.s.DefaultListableBeanFactory     : Creating shared instance of singleton bean 'org.springframework.boot.test.mock.mockito.MockitoPostProcessor'
2026-04-13T20:51:16.931-04:00 DEBUG 66076 --- [productos] [           main] o.s.b.f.s.DefaultListableBeanFactory     : Creating shared instance of singleton bean 'emBeanDefinitionRegistrarPostProcessor'
2026-04-13T20:51:16.931-04:00 DEBUG 66076 --- [productos] [           main] o.s.b.f.s.DefaultListableBeanFactory     : Creating shared instance of singleton bean 'org.springframework.boot.sql.init.dependency.DatabaseInitializationDependencyConfigurer$DependsOnDatabaseInitializationPostProcessor'
2026-04-13T20:51:16.975-04:00 DEBUG 66076 --- [productos] [           main] o.s.b.f.s.DefaultListableBeanFactory     : Creating shared instance of singleton bean 'org.springframework.context.event.internalEventListenerProcessor'
2026-04-13T20:51:16.976-04:00 DEBUG 66076 --- [productos] [           main] o.s.b.f.s.DefaultListableBeanFactory     : Creating shared instance of singleton bean 'bootstrapExecutorAliasPostProcessor'
2026-04-13T20:51:16.977-04:00 DEBUG 66076 --- [productos] [           main] o.s.b.f.s.DefaultListableBeanFactory     : Creating shared instance of singleton bean 'preserveErrorControllerTargetClassPostProcessor'
2026-04-13T20:51:16.979-04:00 DEBUG 66076 --- [productos] [           main] o.s.b.f.s.DefaultListableBeanFactory     : Creating shared instance of singleton bean 'org.springframework.context.event.internalEventListenerFactory'
2026-04-13T20:51:16.979-04:00 DEBUG 66076 --- [productos] [           main] o.s.b.f.s.DefaultListableBeanFactory     : Creating shared instance of singleton bean 'org.springframework.transaction.config.internalTransactionalEventListenerFactory'
2026-04-13T20:51:16.982-04:00 DEBUG 66076 --- [productos] [           main] o.s.b.f.s.DefaultListableBeanFactory     : Creating shared instance of singleton bean 'org.springframework.boot.test.mock.mockito.MockitoPostProcessor$SpyPostProcessor'
2026-04-13T20:51:16.983-04:00 DEBUG 66076 --- [productos] [           main] o.s.b.f.s.DefaultListableBeanFactory     : Creating shared instance of singleton bean 'org.springframework.context.annotation.internalAutowiredAnnotationProcessor'
2026-04-13T20:51:16.984-04:00 DEBUG 66076 --- [productos] [           main] o.s.b.f.s.DefaultListableBeanFactory     : Creating shared instance of singleton bean 'org.springframework.context.annotation.internalCommonAnnotationProcessor'
2026-04-13T20:51:16.986-04:00 DEBUG 66076 --- [productos] [           main] o.s.b.f.s.DefaultListableBeanFactory     : Creating shared instance of singleton bean 'org.springframework.context.annotation.internalPersistenceAnnotationProcessor'
2026-04-13T20:51:16.986-04:00 DEBUG 66076 --- [productos] [           main] o.s.b.f.s.DefaultListableBeanFactory     : Creating shared instance of singleton bean 'org.springframework.boot.context.properties.ConfigurationPropertiesBindingPostProcessor'
2026-04-13T20:51:16.986-04:00 DEBUG 66076 --- [productos] [           main] o.s.b.f.s.DefaultListableBeanFactory     : Creating shared instance of singleton bean 'org.springframework.boot.context.internalConfigurationPropertiesBinder'
2026-04-13T20:51:16.988-04:00 DEBUG 66076 --- [productos] [           main] o.s.b.f.s.DefaultListableBeanFactory     : Creating shared instance of singleton bean 'jdbcConnectionDetailsHikariBeanPostProcessor'
2026-04-13T20:51:16.990-04:00 DEBUG 66076 --- [productos] [           main] o.s.b.f.s.DefaultListableBeanFactory     : Creating shared instance of singleton bean 'methodValidationPostProcessor'
2026-04-13T20:51:16.992-04:00 DEBUG 66076 --- [productos] [           main] o.s.b.f.s.DefaultListableBeanFactory     : Autowiring by type from bean name 'methodValidationPostProcessor' via factory method to bean named 'environment'
2026-04-13T20:51:16.998-04:00 DEBUG 66076 --- [productos] [           main] o.s.b.f.s.DefaultListableBeanFactory     : Creating shared instance of singleton bean 'org.springframework.boot.context.properties.EnableConfigurationPropertiesRegistrar.methodValidationExcludeFilter'
2026-04-13T20:51:17.009-04:00 DEBUG 66076 --- [productos] [           main] o.s.b.f.s.DefaultListableBeanFactory     : Creating shared instance of singleton bean 'org.springframework.aop.config.internalAutoProxyCreator'
2026-04-13T20:51:17.018-04:00 DEBUG 66076 --- [productos] [           main] o.s.b.f.s.DefaultListableBeanFactory     : Creating shared instance of singleton bean 'persistenceExceptionTranslationPostProcessor'
2026-04-13T20:51:17.018-04:00 DEBUG 66076 --- [productos] [           main] o.s.b.f.s.DefaultListableBeanFactory     : Autowiring by type from bean name 'persistenceExceptionTranslationPostProcessor' via factory method to bean named 'environment'
2026-04-13T20:51:17.019-04:00 DEBUG 66076 --- [productos] [           main] o.s.b.f.s.DefaultListableBeanFactory     : Creating shared instance of singleton bean 'webServerFactoryCustomizerBeanPostProcessor'
2026-04-13T20:51:17.020-04:00 DEBUG 66076 --- [productos] [           main] o.s.b.f.s.DefaultListableBeanFactory     : Creating shared instance of singleton bean 'errorPageRegistrarBeanPostProcessor'
2026-04-13T20:51:17.020-04:00 DEBUG 66076 --- [productos] [           main] o.s.b.f.s.DefaultListableBeanFactory     : Creating shared instance of singleton bean 'healthEndpointGroupsBeanPostProcessor'
2026-04-13T20:51:17.022-04:00 DEBUG 66076 --- [productos] [           main] o.s.b.f.s.DefaultListableBeanFactory     : Creating shared instance of singleton bean 'org.springframework.transaction.config.internalTransactionAdvisor'
2026-04-13T20:51:17.022-04:00 DEBUG 66076 --- [productos] [           main] o.s.b.f.s.DefaultListableBeanFactory     : Creating shared instance of singleton bean 'org.springframework.transaction.annotation.ProxyTransactionManagementConfiguration'
2026-04-13T20:51:17.031-04:00 DEBUG 66076 --- [productos] [           main] o.s.b.f.s.DefaultListableBeanFactory     : Creating shared instance of singleton bean 'transactionAttributeSource'
2026-04-13T20:51:17.032-04:00 DEBUG 66076 --- [productos] [           main] o.s.b.f.s.DefaultListableBeanFactory     : Creating shared instance of singleton bean 'transactionInterceptor'
2026-04-13T20:51:17.033-04:00 DEBUG 66076 --- [productos] [           main] o.s.b.f.s.DefaultListableBeanFactory     : Autowiring by type from bean name 'transactionInterceptor' via factory method to bean named 'transactionAttributeSource'
2026-04-13T20:51:17.035-04:00 DEBUG 66076 --- [productos] [           main] o.s.b.f.s.DefaultListableBeanFactory     : Autowiring by type from bean name 'org.springframework.transaction.config.internalTransactionAdvisor' via factory method to bean named 'transactionAttributeSource'
2026-04-13T20:51:17.036-04:00 DEBUG 66076 --- [productos] [           main] o.s.b.f.s.DefaultListableBeanFactory     : Autowiring by type from bean name 'org.springframework.transaction.config.internalTransactionAdvisor' via factory method to bean named 'transactionInterceptor'
2026-04-13T20:51:17.038-04:00 DEBUG 66076 --- [productos] [           main] o.s.b.f.s.DefaultListableBeanFactory     : Creating shared instance of singleton bean 'meterRegistryPostProcessor'
2026-04-13T20:51:17.039-04:00 DEBUG 66076 --- [productos] [           main] o.s.b.f.s.DefaultListableBeanFactory     : Autowiring by type from bean name 'meterRegistryPostProcessor' via factory method to bean named 'org.springframework.web.context.support.GenericWebApplicationContext@271f18d3'
2026-04-13T20:51:17.041-04:00 DEBUG 66076 --- [productos] [           main] o.s.b.f.s.DefaultListableBeanFactory     : Creating shared instance of singleton bean 'metricsRepositoryMethodInvocationListenerBeanPostProcessor'
2026-04-13T20:51:17.042-04:00 DEBUG 66076 --- [productos] [           main] o.s.b.f.s.DefaultListableBeanFactory     : Creating shared instance of singleton bean 'observationRegistryPostProcessor'
2026-04-13T20:51:17.043-04:00 DEBUG 66076 --- [productos] [           main] o.s.b.f.s.DefaultListableBeanFactory     : Creating shared instance of singleton bean 'projectingArgumentResolverBeanPostProcessor'
2026-04-13T20:51:17.054-04:00 DEBUG 66076 --- [productos] [           main] o.s.u.c.s.UiApplicationContextUtils      : Unable to locate ThemeSource with name 'themeSource': using default [org.springframework.ui.context.support.ResourceBundleThemeSource@3c770db4]
2026-04-13T20:51:17.055-04:00 DEBUG 66076 --- [productos] [           main] o.s.b.f.s.DefaultListableBeanFactory     : Creating shared instance of singleton bean 'applicationTaskExecutor'
2026-04-13T20:51:17.055-04:00 DEBUG 66076 --- [productos] [           main] o.s.b.f.s.DefaultListableBeanFactory     : Creating shared instance of singleton bean 'org.springframework.boot.autoconfigure.task.TaskExecutorConfigurations$TaskExecutorConfiguration'
2026-04-13T20:51:17.056-04:00 DEBUG 66076 --- [productos] [           main] o.s.b.f.s.DefaultListableBeanFactory     : Creating shared instance of singleton bean 'threadPoolTaskExecutorBuilder'
2026-04-13T20:51:17.057-04:00 DEBUG 66076 --- [productos] [           main] o.s.b.f.s.DefaultListableBeanFactory     : Creating shared instance of singleton bean 'org.springframework.boot.autoconfigure.task.TaskExecutorConfigurations$ThreadPoolTaskExecutorBuilderConfiguration'
2026-04-13T20:51:17.058-04:00 DEBUG 66076 --- [productos] [           main] o.s.b.f.s.DefaultListableBeanFactory     : Creating shared instance of singleton bean 'spring.task.execution-org.springframework.boot.autoconfigure.task.TaskExecutionProperties'
2026-04-13T20:51:17.059-04:00 DEBUG 66076 --- [productos] [           main] o.s.b.f.s.DefaultListableBeanFactory     : Creating shared instance of singleton bean 'org.springframework.boot.context.properties.BoundConfigurationProperties'
2026-04-13T20:51:17.068-04:00 DEBUG 66076 --- [productos] [           main] o.s.b.f.s.DefaultListableBeanFactory     : Autowiring by type from bean name 'threadPoolTaskExecutorBuilder' via factory method to bean named 'spring.task.execution-org.springframework.boot.autoconfigure.task.TaskExecutionProperties'
2026-04-13T20:51:17.071-04:00 DEBUG 66076 --- [productos] [           main] o.s.b.f.s.DefaultListableBeanFactory     : Autowiring by type from bean name 'applicationTaskExecutor' via factory method to bean named 'threadPoolTaskExecutorBuilder'
2026-04-13T20:51:17.077-04:00 DEBUG 66076 --- [productos] [           main] o.s.s.concurrent.ThreadPoolTaskExecutor  : Initializing ExecutorService 'applicationTaskExecutor'
2026-04-13T20:51:17.083-04:00 DEBUG 66076 --- [productos] [           main] o.s.b.f.s.DefaultListableBeanFactory     : Creating shared instance of singleton bean 'org.springframework.test.context.support.internalDynamicPropertyRegistrarBeanInitializer'
2026-04-13T20:51:17.085-04:00 DEBUG 66076 --- [productos] [           main] o.s.b.f.s.DefaultListableBeanFactory     : Creating shared instance of singleton bean 'dataSourceScriptDatabaseInitializer'
2026-04-13T20:51:17.085-04:00 DEBUG 66076 --- [productos] [           main] o.s.b.f.s.DefaultListableBeanFactory     : Creating shared instance of singleton bean 'org.springframework.boot.autoconfigure.sql.init.DataSourceInitializationConfiguration'
2026-04-13T20:51:17.086-04:00 DEBUG 66076 --- [productos] [           main] o.s.b.f.s.DefaultListableBeanFactory     : Creating shared instance of singleton bean 'dataSource'
2026-04-13T20:51:17.086-04:00 DEBUG 66076 --- [productos] [           main] o.s.b.f.s.DefaultListableBeanFactory     : Creating shared instance of singleton bean 'org.springframework.boot.autoconfigure.jdbc.DataSourceConfiguration$Hikari'
2026-04-13T20:51:17.087-04:00 DEBUG 66076 --- [productos] [           main] o.s.b.f.s.DefaultListableBeanFactory     : Creating shared instance of singleton bean 'spring.datasource-org.springframework.boot.autoconfigure.jdbc.DataSourceProperties'
2026-04-13T20:51:17.093-04:00 DEBUG 66076 --- [productos] [           main] o.s.b.f.s.DefaultListableBeanFactory     : Creating shared instance of singleton bean 'jdbcConnectionDetails'
2026-04-13T20:51:17.093-04:00 DEBUG 66076 --- [productos] [           main] o.s.b.f.s.DefaultListableBeanFactory     : Creating shared instance of singleton bean 'org.springframework.boot.autoconfigure.jdbc.DataSourceAutoConfiguration$PooledDataSourceConfiguration'
2026-04-13T20:51:17.094-04:00 DEBUG 66076 --- [productos] [           main] o.s.b.f.s.DefaultListableBeanFactory     : Autowiring by type from bean name 'jdbcConnectionDetails' via factory method to bean named 'spring.datasource-org.springframework.boot.autoconfigure.jdbc.DataSourceProperties'
2026-04-13T20:51:17.095-04:00 DEBUG 66076 --- [productos] [           main] o.s.b.f.s.DefaultListableBeanFactory     : Autowiring by type from bean name 'dataSource' via factory method to bean named 'spring.datasource-org.springframework.boot.autoconfigure.jdbc.DataSourceProperties'
2026-04-13T20:51:17.095-04:00 DEBUG 66076 --- [productos] [           main] o.s.b.f.s.DefaultListableBeanFactory     : Autowiring by type from bean name 'dataSource' via factory method to bean named 'jdbcConnectionDetails'
2026-04-13T20:51:17.095-04:00 DEBUG 66076 --- [productos] [           main] o.s.b.f.s.DefaultListableBeanFactory     : Autowiring by type from bean name 'dataSource' via factory method to bean named 'environment'
2026-04-13T20:51:17.193-04:00 DEBUG 66076 --- [productos] [           main] o.s.b.f.s.DefaultListableBeanFactory     : Creating shared instance of singleton bean 'spring.sql.init-org.springframework.boot.autoconfigure.sql.init.SqlInitializationProperties'
2026-04-13T20:51:17.194-04:00 DEBUG 66076 --- [productos] [           main] o.s.b.f.s.DefaultListableBeanFactory     : Autowiring by type from bean name 'dataSourceScriptDatabaseInitializer' via factory method to bean named 'dataSource'
2026-04-13T20:51:17.194-04:00 DEBUG 66076 --- [productos] [           main] o.s.b.f.s.DefaultListableBeanFactory     : Autowiring by type from bean name 'dataSourceScriptDatabaseInitializer' via factory method to bean named 'spring.sql.init-org.springframework.boot.autoconfigure.sql.init.SqlInitializationProperties'
2026-04-13T20:51:17.197-04:00 DEBUG 66076 --- [productos] [           main] o.s.b.f.s.DefaultListableBeanFactory     : Creating shared instance of singleton bean 'entityManagerFactory'
2026-04-13T20:51:17.197-04:00 DEBUG 66076 --- [productos] [           main] o.s.b.f.s.DefaultListableBeanFactory     : Creating shared instance of singleton bean 'org.springframework.boot.autoconfigure.orm.jpa.HibernateJpaConfiguration'
2026-04-13T20:51:17.198-04:00 DEBUG 66076 --- [productos] [           main] o.s.b.f.s.DefaultListableBeanFactory     : Creating shared instance of singleton bean 'spring.jpa-org.springframework.boot.autoconfigure.orm.jpa.JpaProperties'
2026-04-13T20:51:17.201-04:00 DEBUG 66076 --- [productos] [           main] o.s.b.f.s.DefaultListableBeanFactory     : Creating shared instance of singleton bean 'spring.jpa.hibernate-org.springframework.boot.autoconfigure.orm.jpa.HibernateProperties'
2026-04-13T20:51:17.202-04:00 DEBUG 66076 --- [productos] [           main] o.s.b.f.s.DefaultListableBeanFactory     : Autowiring by type from bean name 'org.springframework.boot.autoconfigure.orm.jpa.HibernateJpaConfiguration' via constructor to bean named 'dataSource'
2026-04-13T20:51:17.202-04:00 DEBUG 66076 --- [productos] [           main] o.s.b.f.s.DefaultListableBeanFactory     : Autowiring by type from bean name 'org.springframework.boot.autoconfigure.orm.jpa.HibernateJpaConfiguration' via constructor to bean named 'spring.jpa-org.springframework.boot.autoconfigure.orm.jpa.JpaProperties'
2026-04-13T20:51:17.202-04:00 DEBUG 66076 --- [productos] [           main] o.s.b.f.s.DefaultListableBeanFactory     : Autowiring by type from bean name 'org.springframework.boot.autoconfigure.orm.jpa.HibernateJpaConfiguration' via constructor to bean named 'org.springframework.beans.factory.support.DefaultListableBeanFactory@7a26928a'
2026-04-13T20:51:17.202-04:00 DEBUG 66076 --- [productos] [           main] o.s.b.f.s.DefaultListableBeanFactory     : Autowiring by type from bean name 'org.springframework.boot.autoconfigure.orm.jpa.HibernateJpaConfiguration' via constructor to bean named 'spring.jpa.hibernate-org.springframework.boot.autoconfigure.orm.jpa.HibernateProperties'
2026-04-13T20:51:17.203-04:00 DEBUG 66076 --- [productos] [           main] o.s.b.f.s.DefaultListableBeanFactory     : Creating shared instance of singleton bean 'oracleUcpPoolDataSourceMetadataProvider'
2026-04-13T20:51:17.204-04:00 DEBUG 66076 --- [productos] [           main] o.s.b.f.s.DefaultListableBeanFactory     : Creating shared instance of singleton bean 'org.springframework.boot.autoconfigure.jdbc.metadata.DataSourcePoolMetadataProvidersConfiguration$OracleUcpPoolDataSourceMetadataProviderConfiguration'
2026-04-13T20:51:17.205-04:00 DEBUG 66076 --- [productos] [           main] o.s.b.f.s.DefaultListableBeanFactory     : Creating shared instance of singleton bean 'hikariPoolDataSourceMetadataProvider'
2026-04-13T20:51:17.205-04:00 DEBUG 66076 --- [productos] [           main] o.s.b.f.s.DefaultListableBeanFactory     : Creating shared instance of singleton bean 'org.springframework.boot.autoconfigure.jdbc.metadata.DataSourcePoolMetadataProvidersConfiguration$HikariPoolDataSourceMetadataProviderConfiguration'
2026-04-13T20:51:17.210-04:00 DEBUG 66076 --- [productos] [           main] o.s.b.f.s.DefaultListableBeanFactory     : Creating shared instance of singleton bean 'entityManagerFactoryBuilder'
2026-04-13T20:51:17.210-04:00 DEBUG 66076 --- [productos] [           main] o.s.b.f.s.DefaultListableBeanFactory     : Creating shared instance of singleton bean 'jpaVendorAdapter'
2026-04-13T20:51:17.218-04:00 DEBUG 66076 --- [productos] [           main] o.s.b.f.s.DefaultListableBeanFactory     : Autowiring by type from bean name 'entityManagerFactoryBuilder' via factory method to bean named 'jpaVendorAdapter'
2026-04-13T20:51:17.220-04:00 DEBUG 66076 --- [productos] [           main] o.s.b.f.s.DefaultListableBeanFactory     : Creating shared instance of singleton bean 'persistenceManagedTypes'
2026-04-13T20:51:17.221-04:00 DEBUG 66076 --- [productos] [           main] o.s.b.f.s.DefaultListableBeanFactory     : Autowiring by type from bean name 'persistenceManagedTypes' via factory method to bean named 'org.springframework.beans.factory.support.DefaultListableBeanFactory@7a26928a'
2026-04-13T20:51:17.222-04:00 DEBUG 66076 --- [productos] [           main] o.s.b.f.s.DefaultListableBeanFactory     : Autowiring by type from bean name 'persistenceManagedTypes' via factory method to bean named 'org.springframework.web.context.support.GenericWebApplicationContext@271f18d3'
2026-04-13T20:51:17.227-04:00 DEBUG 66076 --- [productos] [           main] o.s.b.f.s.DefaultListableBeanFactory     : Autowiring by type from bean name 'entityManagerFactory' via factory method to bean named 'entityManagerFactoryBuilder'
2026-04-13T20:51:17.227-04:00 DEBUG 66076 --- [productos] [           main] o.s.b.f.s.DefaultListableBeanFactory     : Autowiring by type from bean name 'entityManagerFactory' via factory method to bean named 'persistenceManagedTypes'
2026-04-13T20:51:17.236-04:00 DEBUG 66076 --- [productos] [           main] j.LocalContainerEntityManagerFactoryBean : Building JPA container EntityManagerFactory for persistence unit 'default'
2026-04-13T20:51:17.263-04:00 DEBUG 66076 --- [productos] [           main] o.hibernate.jpa.internal.util.LogHelper  : PersistenceUnitInfo [
	name: default
	persistence provider classname: null
	classloader: jdk.internal.loader.ClassLoaders$AppClassLoader@42110406
	excludeUnlistedClasses: true
	JTA datasource: null
	Non JTA datasource: HikariDataSource (null)
	Transaction type: RESOURCE_LOCAL
	PU root URL: file:/Users/krhisnaoyanedelyanez/Desktop/Inge%20Desarrollo%20de%20Software/BIMESTRE%20VI/DESARROLLO%20FULLSTACK/EXPERIENCIA%201/SEMANA%202/FULLSTACK3-PRODUCTOS/target/test-classes/
	Shared Cache Mode: UNSPECIFIED
	Validation Mode: AUTO
	Jar files URLs []
	Managed classes names [
		fullstack_productos.productos.model.Producto]
	Mapping files names []
	Properties []
2026-04-13T20:51:17.270-04:00 DEBUG 66076 --- [productos] [           main] o.h.i.internal.IntegratorServiceImpl     : Adding Integrator [org.hibernate.boot.beanvalidation.BeanValidationIntegrator].
2026-04-13T20:51:17.271-04:00 DEBUG 66076 --- [productos] [           main] o.h.i.internal.IntegratorServiceImpl     : Adding Integrator [org.hibernate.cache.internal.CollectionCacheInvalidator].
2026-04-13T20:51:17.317-04:00  INFO 66076 --- [productos] [           main] org.hibernate.Version                    : HHH000412: Hibernate ORM core version 6.6.44.Final
2026-04-13T20:51:17.321-04:00 DEBUG 66076 --- [productos] [           main] org.hibernate.cfg.Environment            : HHH000206: 'hibernate.properties' not found
2026-04-13T20:51:17.338-04:00 DEBUG 66076 --- [productos] [           main] org.hibernate.orm.idgen.factory          : Registering IdentifierGenerator strategy [uuid2] -> [org.hibernate.id.UUIDGenerator]
2026-04-13T20:51:17.339-04:00 DEBUG 66076 --- [productos] [           main] org.hibernate.orm.idgen.factory          : Registering IdentifierGenerator strategy [guid] -> [org.hibernate.id.GUIDGenerator]
2026-04-13T20:51:17.339-04:00 DEBUG 66076 --- [productos] [           main] org.hibernate.orm.idgen.factory          : Registering IdentifierGenerator strategy [uuid] -> [org.hibernate.id.UUIDHexGenerator]
2026-04-13T20:51:17.339-04:00 DEBUG 66076 --- [productos] [           main] org.hibernate.orm.idgen.factory          : Registering IdentifierGenerator strategy [uuid.hex] -> [org.hibernate.id.UUIDHexGenerator]
2026-04-13T20:51:17.340-04:00 DEBUG 66076 --- [productos] [           main] org.hibernate.orm.idgen.factory          : Registering IdentifierGenerator strategy [assigned] -> [org.hibernate.id.Assigned]
2026-04-13T20:51:17.340-04:00 DEBUG 66076 --- [productos] [           main] org.hibernate.orm.idgen.factory          : Registering IdentifierGenerator strategy [identity] -> [org.hibernate.id.IdentityGenerator]
2026-04-13T20:51:17.340-04:00 DEBUG 66076 --- [productos] [           main] org.hibernate.orm.idgen.factory          : Registering IdentifierGenerator strategy [select] -> [org.hibernate.id.SelectGenerator]
2026-04-13T20:51:17.341-04:00 DEBUG 66076 --- [productos] [           main] org.hibernate.orm.idgen.factory          : Registering IdentifierGenerator strategy [sequence] -> [org.hibernate.id.enhanced.SequenceStyleGenerator]
2026-04-13T20:51:17.342-04:00 DEBUG 66076 --- [productos] [           main] org.hibernate.orm.idgen.factory          : Registering IdentifierGenerator strategy [increment] -> [org.hibernate.id.IncrementGenerator]
2026-04-13T20:51:17.342-04:00 DEBUG 66076 --- [productos] [           main] org.hibernate.orm.idgen.factory          : Registering IdentifierGenerator strategy [foreign] -> [org.hibernate.id.ForeignGenerator]
2026-04-13T20:51:17.342-04:00 DEBUG 66076 --- [productos] [           main] org.hibernate.orm.idgen.factory          : Registering IdentifierGenerator strategy [enhanced-sequence] -> [org.hibernate.id.enhanced.SequenceStyleGenerator]
2026-04-13T20:51:17.343-04:00 DEBUG 66076 --- [productos] [           main] org.hibernate.orm.idgen.factory          : Registering IdentifierGenerator strategy [enhanced-table] -> [org.hibernate.id.enhanced.TableGenerator]
2026-04-13T20:51:17.348-04:00 DEBUG 66076 --- [productos] [           main] o.h.c.internal.RegionFactoryInitiator    : Cannot default RegionFactory based on registered strategies as `[]` RegionFactory strategies were registered
2026-04-13T20:51:17.348-04:00  INFO 66076 --- [productos] [           main] o.h.c.internal.RegionFactoryInitiator    : HHH000026: Second-level cache disabled
2026-04-13T20:51:17.402-04:00 DEBUG 66076 --- [productos] [           main] org.hibernate.type.BasicTypeRegistry     : Adding type registration boolean -> org.hibernate.type.BasicTypeReference@112c2930
2026-04-13T20:51:17.402-04:00 DEBUG 66076 --- [productos] [           main] org.hibernate.type.BasicTypeRegistry     : Adding type registration boolean -> org.hibernate.type.BasicTypeReference@112c2930
2026-04-13T20:51:17.402-04:00 DEBUG 66076 --- [productos] [           main] org.hibernate.type.BasicTypeRegistry     : Adding type registration java.lang.Boolean -> org.hibernate.type.BasicTypeReference@112c2930
2026-04-13T20:51:17.402-04:00 DEBUG 66076 --- [productos] [           main] org.hibernate.type.BasicTypeRegistry     : Adding type registration numeric_boolean -> org.hibernate.type.BasicTypeReference@7f426ddd
2026-04-13T20:51:17.402-04:00 DEBUG 66076 --- [productos] [           main] org.hibernate.type.BasicTypeRegistry     : Adding type registration org.hibernate.type.NumericBooleanConverter -> org.hibernate.type.BasicTypeReference@7f426ddd
2026-04-13T20:51:17.402-04:00 DEBUG 66076 --- [productos] [           main] org.hibernate.type.BasicTypeRegistry     : Adding type registration true_false -> org.hibernate.type.BasicTypeReference@28e7bb31
2026-04-13T20:51:17.402-04:00 DEBUG 66076 --- [productos] [           main] org.hibernate.type.BasicTypeRegistry     : Adding type registration org.hibernate.type.TrueFalseConverter -> org.hibernate.type.BasicTypeReference@28e7bb31
2026-04-13T20:51:17.402-04:00 DEBUG 66076 --- [productos] [           main] org.hibernate.type.BasicTypeRegistry     : Adding type registration yes_no -> org.hibernate.type.BasicTypeReference@6fe04f2a
2026-04-13T20:51:17.402-04:00 DEBUG 66076 --- [productos] [           main] org.hibernate.type.BasicTypeRegistry     : Adding type registration org.hibernate.type.YesNoConverter -> org.hibernate.type.BasicTypeReference@6fe04f2a
2026-04-13T20:51:17.402-04:00 DEBUG 66076 --- [productos] [           main] org.hibernate.type.BasicTypeRegistry     : Adding type registration byte -> org.hibernate.type.BasicTypeReference@1f758e4f
2026-04-13T20:51:17.402-04:00 DEBUG 66076 --- [productos] [           main] org.hibernate.type.BasicTypeRegistry     : Adding type registration byte -> org.hibernate.type.BasicTypeReference@1f758e4f
2026-04-13T20:51:17.402-04:00 DEBUG 66076 --- [productos] [           main] org.hibernate.type.BasicTypeRegistry     : Adding type registration java.lang.Byte -> org.hibernate.type.BasicTypeReference@1f758e4f
2026-04-13T20:51:17.402-04:00 DEBUG 66076 --- [productos] [           main] org.hibernate.type.BasicTypeRegistry     : Adding type registration binary -> org.hibernate.type.BasicTypeReference@733534f9
2026-04-13T20:51:17.402-04:00 DEBUG 66076 --- [productos] [           main] org.hibernate.type.BasicTypeRegistry     : Adding type registration byte[] -> org.hibernate.type.BasicTypeReference@733534f9
2026-04-13T20:51:17.402-04:00 DEBUG 66076 --- [productos] [           main] org.hibernate.type.BasicTypeRegistry     : Adding type registration [B -> org.hibernate.type.BasicTypeReference@733534f9
2026-04-13T20:51:17.402-04:00 DEBUG 66076 --- [productos] [           main] org.hibernate.type.BasicTypeRegistry     : Adding type registration binary_wrapper -> org.hibernate.type.BasicTypeReference@661e279d
2026-04-13T20:51:17.402-04:00 DEBUG 66076 --- [productos] [           main] org.hibernate.type.BasicTypeRegistry     : Adding type registration wrapper-binary -> org.hibernate.type.BasicTypeReference@661e279d
2026-04-13T20:51:17.403-04:00 DEBUG 66076 --- [productos] [           main] org.hibernate.type.BasicTypeRegistry     : Adding type registration image -> org.hibernate.type.BasicTypeReference@beabd6b
2026-04-13T20:51:17.403-04:00 DEBUG 66076 --- [productos] [           main] org.hibernate.type.BasicTypeRegistry     : Adding type registration blob -> org.hibernate.type.BasicTypeReference@38de5daf
2026-04-13T20:51:17.403-04:00 DEBUG 66076 --- [productos] [           main] org.hibernate.type.BasicTypeRegistry     : Adding type registration java.sql.Blob -> org.hibernate.type.BasicTypeReference@38de5daf
2026-04-13T20:51:17.403-04:00 DEBUG 66076 --- [productos] [           main] org.hibernate.type.BasicTypeRegistry     : Adding type registration materialized_blob -> org.hibernate.type.BasicTypeReference@621624b1
2026-04-13T20:51:17.403-04:00 DEBUG 66076 --- [productos] [           main] org.hibernate.type.BasicTypeRegistry     : Adding type registration materialized_blob_wrapper -> org.hibernate.type.BasicTypeReference@7523d5a1
2026-04-13T20:51:17.403-04:00 DEBUG 66076 --- [productos] [           main] org.hibernate.type.BasicTypeRegistry     : Adding type registration short -> org.hibernate.type.BasicTypeReference@2bfc2f8b
2026-04-13T20:51:17.403-04:00 DEBUG 66076 --- [productos] [           main] org.hibernate.type.BasicTypeRegistry     : Adding type registration short -> org.hibernate.type.BasicTypeReference@2bfc2f8b
2026-04-13T20:51:17.403-04:00 DEBUG 66076 --- [productos] [           main] org.hibernate.type.BasicTypeRegistry     : Adding type registration java.lang.Short -> org.hibernate.type.BasicTypeReference@2bfc2f8b
2026-04-13T20:51:17.403-04:00 DEBUG 66076 --- [productos] [           main] org.hibernate.type.BasicTypeRegistry     : Adding type registration integer -> org.hibernate.type.BasicTypeReference@61853c7e
2026-04-13T20:51:17.403-04:00 DEBUG 66076 --- [productos] [           main] org.hibernate.type.BasicTypeRegistry     : Adding type registration int -> org.hibernate.type.BasicTypeReference@61853c7e
2026-04-13T20:51:17.403-04:00 DEBUG 66076 --- [productos] [           main] org.hibernate.type.BasicTypeRegistry     : Adding type registration java.lang.Integer -> org.hibernate.type.BasicTypeReference@61853c7e
2026-04-13T20:51:17.403-04:00 DEBUG 66076 --- [productos] [           main] org.hibernate.type.BasicTypeRegistry     : Adding type registration long -> org.hibernate.type.BasicTypeReference@32e5af53
2026-04-13T20:51:17.403-04:00 DEBUG 66076 --- [productos] [           main] org.hibernate.type.BasicTypeRegistry     : Adding type registration long -> org.hibernate.type.BasicTypeReference@32e5af53
2026-04-13T20:51:17.403-04:00 DEBUG 66076 --- [productos] [           main] org.hibernate.type.BasicTypeRegistry     : Adding type registration java.lang.Long -> org.hibernate.type.BasicTypeReference@32e5af53
2026-04-13T20:51:17.403-04:00 DEBUG 66076 --- [productos] [           main] org.hibernate.type.BasicTypeRegistry     : Adding type registration float -> org.hibernate.type.BasicTypeReference@5980fa73
2026-04-13T20:51:17.403-04:00 DEBUG 66076 --- [productos] [           main] org.hibernate.type.BasicTypeRegistry     : Adding type registration float -> org.hibernate.type.BasicTypeReference@5980fa73
2026-04-13T20:51:17.403-04:00 DEBUG 66076 --- [productos] [           main] org.hibernate.type.BasicTypeRegistry     : Adding type registration java.lang.Float -> org.hibernate.type.BasicTypeReference@5980fa73
2026-04-13T20:51:17.403-04:00 DEBUG 66076 --- [productos] [           main] org.hibernate.type.BasicTypeRegistry     : Adding type registration double -> org.hibernate.type.BasicTypeReference@13ca16bf
2026-04-13T20:51:17.403-04:00 DEBUG 66076 --- [productos] [           main] org.hibernate.type.BasicTypeRegistry     : Adding type registration double -> org.hibernate.type.BasicTypeReference@13ca16bf
2026-04-13T20:51:17.403-04:00 DEBUG 66076 --- [productos] [           main] org.hibernate.type.BasicTypeRegistry     : Adding type registration java.lang.Double -> org.hibernate.type.BasicTypeReference@13ca16bf
2026-04-13T20:51:17.403-04:00 DEBUG 66076 --- [productos] [           main] org.hibernate.type.BasicTypeRegistry     : Adding type registration big_integer -> org.hibernate.type.BasicTypeReference@5be4be74
2026-04-13T20:51:17.403-04:00 DEBUG 66076 --- [productos] [           main] org.hibernate.type.BasicTypeRegistry     : Adding type registration java.math.BigInteger -> org.hibernate.type.BasicTypeReference@5be4be74
2026-04-13T20:51:17.404-04:00 DEBUG 66076 --- [productos] [           main] org.hibernate.type.BasicTypeRegistry     : Adding type registration big_decimal -> org.hibernate.type.BasicTypeReference@44641d6c
2026-04-13T20:51:17.404-04:00 DEBUG 66076 --- [productos] [           main] org.hibernate.type.BasicTypeRegistry     : Adding type registration java.math.BigDecimal -> org.hibernate.type.BasicTypeReference@44641d6c
2026-04-13T20:51:17.404-04:00 DEBUG 66076 --- [productos] [           main] org.hibernate.type.BasicTypeRegistry     : Adding type registration character -> org.hibernate.type.BasicTypeReference@1ae924f1
2026-04-13T20:51:17.404-04:00 DEBUG 66076 --- [productos] [           main] org.hibernate.type.BasicTypeRegistry     : Adding type registration char -> org.hibernate.type.BasicTypeReference@1ae924f1
2026-04-13T20:51:17.404-04:00 DEBUG 66076 --- [productos] [           main] org.hibernate.type.BasicTypeRegistry     : Adding type registration java.lang.Character -> org.hibernate.type.BasicTypeReference@1ae924f1
2026-04-13T20:51:17.404-04:00 DEBUG 66076 --- [productos] [           main] org.hibernate.type.BasicTypeRegistry     : Adding type registration character_nchar -> org.hibernate.type.BasicTypeReference@59d5a6fd
2026-04-13T20:51:17.404-04:00 DEBUG 66076 --- [productos] [           main] org.hibernate.type.BasicTypeRegistry     : Adding type registration string -> org.hibernate.type.BasicTypeReference@27bcb4ad
2026-04-13T20:51:17.404-04:00 DEBUG 66076 --- [productos] [           main] org.hibernate.type.BasicTypeRegistry     : Adding type registration java.lang.String -> org.hibernate.type.BasicTypeReference@27bcb4ad
2026-04-13T20:51:17.404-04:00 DEBUG 66076 --- [productos] [           main] org.hibernate.type.BasicTypeRegistry     : Adding type registration nstring -> org.hibernate.type.BasicTypeReference@4357524b
2026-04-13T20:51:17.404-04:00 DEBUG 66076 --- [productos] [           main] org.hibernate.type.BasicTypeRegistry     : Adding type registration characters -> org.hibernate.type.BasicTypeReference@104a287c
2026-04-13T20:51:17.404-04:00 DEBUG 66076 --- [productos] [           main] org.hibernate.type.BasicTypeRegistry     : Adding type registration char[] -> org.hibernate.type.BasicTypeReference@104a287c
2026-04-13T20:51:17.404-04:00 DEBUG 66076 --- [productos] [           main] org.hibernate.type.BasicTypeRegistry     : Adding type registration [C -> org.hibernate.type.BasicTypeReference@104a287c
2026-04-13T20:51:17.404-04:00 DEBUG 66076 --- [productos] [           main] org.hibernate.type.BasicTypeRegistry     : Adding type registration wrapper-characters -> org.hibernate.type.BasicTypeReference@64dc86c6
2026-04-13T20:51:17.404-04:00 DEBUG 66076 --- [productos] [           main] org.hibernate.type.BasicTypeRegistry     : Adding type registration text -> org.hibernate.type.BasicTypeReference@26874f2c
2026-04-13T20:51:17.404-04:00 DEBUG 66076 --- [productos] [           main] org.hibernate.type.BasicTypeRegistry     : Adding type registration ntext -> org.hibernate.type.BasicTypeReference@5f3b84bd
2026-04-13T20:51:17.404-04:00 DEBUG 66076 --- [productos] [           main] org.hibernate.type.BasicTypeRegistry     : Adding type registration clob -> org.hibernate.type.BasicTypeReference@1e734eee
2026-04-13T20:51:17.404-04:00 DEBUG 66076 --- [productos] [           main] org.hibernate.type.BasicTypeRegistry     : Adding type registration java.sql.Clob -> org.hibernate.type.BasicTypeReference@1e734eee
2026-04-13T20:51:17.404-04:00 DEBUG 66076 --- [productos] [           main] org.hibernate.type.BasicTypeRegistry     : Adding type registration nclob -> org.hibernate.type.BasicTypeReference@1e191150
2026-04-13T20:51:17.404-04:00 DEBUG 66076 --- [productos] [           main] org.hibernate.type.BasicTypeRegistry     : Adding type registration java.sql.NClob -> org.hibernate.type.BasicTypeReference@1e191150
2026-04-13T20:51:17.404-04:00 DEBUG 66076 --- [productos] [           main] org.hibernate.type.BasicTypeRegistry     : Adding type registration materialized_clob -> org.hibernate.type.BasicTypeReference@2fbd390
2026-04-13T20:51:17.404-04:00 DEBUG 66076 --- [productos] [           main] org.hibernate.type.BasicTypeRegistry     : Adding type registration materialized_clob_char_array -> org.hibernate.type.BasicTypeReference@166b11e
2026-04-13T20:51:17.404-04:00 DEBUG 66076 --- [productos] [           main] org.hibernate.type.BasicTypeRegistry     : Adding type registration materialized_clob_character_array -> org.hibernate.type.BasicTypeReference@5e68be2
2026-04-13T20:51:17.405-04:00 DEBUG 66076 --- [productos] [           main] org.hibernate.type.BasicTypeRegistry     : Adding type registration materialized_nclob -> org.hibernate.type.BasicTypeReference@5323999f
2026-04-13T20:51:17.405-04:00 DEBUG 66076 --- [productos] [           main] org.hibernate.type.BasicTypeRegistry     : Adding type registration materialized_nclob_character_array -> org.hibernate.type.BasicTypeReference@f18b738
2026-04-13T20:51:17.405-04:00 DEBUG 66076 --- [productos] [           main] org.hibernate.type.BasicTypeRegistry     : Adding type registration materialized_nclob_char_array -> org.hibernate.type.BasicTypeReference@3bc20984
2026-04-13T20:51:17.405-04:00 DEBUG 66076 --- [productos] [           main] org.hibernate.type.BasicTypeRegistry     : Adding type registration Duration -> org.hibernate.type.BasicTypeReference@aca3c85
2026-04-13T20:51:17.405-04:00 DEBUG 66076 --- [productos] [           main] org.hibernate.type.BasicTypeRegistry     : Adding type registration java.time.Duration -> org.hibernate.type.BasicTypeReference@aca3c85
2026-04-13T20:51:17.405-04:00 DEBUG 66076 --- [productos] [           main] org.hibernate.type.BasicTypeRegistry     : Adding type registration LocalDateTime -> org.hibernate.type.BasicTypeReference@45eab322
2026-04-13T20:51:17.405-04:00 DEBUG 66076 --- [productos] [           main] org.hibernate.type.BasicTypeRegistry     : Adding type registration java.time.LocalDateTime -> org.hibernate.type.BasicTypeReference@45eab322
2026-04-13T20:51:17.405-04:00 DEBUG 66076 --- [productos] [           main] org.hibernate.type.BasicTypeRegistry     : Adding type registration LocalDate -> org.hibernate.type.BasicTypeReference@f017dd0
2026-04-13T20:51:17.405-04:00 DEBUG 66076 --- [productos] [           main] org.hibernate.type.BasicTypeRegistry     : Adding type registration java.time.LocalDate -> org.hibernate.type.BasicTypeReference@f017dd0
2026-04-13T20:51:17.405-04:00 DEBUG 66076 --- [productos] [           main] org.hibernate.type.BasicTypeRegistry     : Adding type registration LocalTime -> org.hibernate.type.BasicTypeReference@2424cb9d
2026-04-13T20:51:17.405-04:00 DEBUG 66076 --- [productos] [           main] org.hibernate.type.BasicTypeRegistry     : Adding type registration java.time.LocalTime -> org.hibernate.type.BasicTypeReference@2424cb9d
2026-04-13T20:51:17.405-04:00 DEBUG 66076 --- [productos] [           main] org.hibernate.type.BasicTypeRegistry     : Adding type registration OffsetDateTime -> org.hibernate.type.BasicTypeReference@7f51f588
2026-04-13T20:51:17.405-04:00 DEBUG 66076 --- [productos] [           main] org.hibernate.type.BasicTypeRegistry     : Adding type registration java.time.OffsetDateTime -> org.hibernate.type.BasicTypeReference@7f51f588
2026-04-13T20:51:17.405-04:00 DEBUG 66076 --- [productos] [           main] org.hibernate.type.BasicTypeRegistry     : Adding type registration OffsetDateTimeWithTimezone -> org.hibernate.type.BasicTypeReference@6fb22ae3
2026-04-13T20:51:17.405-04:00 DEBUG 66076 --- [productos] [           main] org.hibernate.type.BasicTypeRegistry     : Adding type registration OffsetDateTimeWithoutTimezone -> org.hibernate.type.BasicTypeReference@6bd92538
2026-04-13T20:51:17.405-04:00 DEBUG 66076 --- [productos] [           main] org.hibernate.type.BasicTypeRegistry     : Adding type registration OffsetTime -> org.hibernate.type.BasicTypeReference@69a373fd
2026-04-13T20:51:17.405-04:00 DEBUG 66076 --- [productos] [           main] org.hibernate.type.BasicTypeRegistry     : Adding type registration java.time.OffsetTime -> org.hibernate.type.BasicTypeReference@69a373fd
2026-04-13T20:51:17.405-04:00 DEBUG 66076 --- [productos] [           main] org.hibernate.type.BasicTypeRegistry     : Adding type registration OffsetTimeUtc -> org.hibernate.type.BasicTypeReference@19ae36f4
2026-04-13T20:51:17.406-04:00 DEBUG 66076 --- [productos] [           main] org.hibernate.type.BasicTypeRegistry     : Adding type registration OffsetTimeWithTimezone -> org.hibernate.type.BasicTypeReference@6735f210
2026-04-13T20:51:17.406-04:00 DEBUG 66076 --- [productos] [           main] org.hibernate.type.BasicTypeRegistry     : Adding type registration OffsetTimeWithoutTimezone -> org.hibernate.type.BasicTypeReference@4567fb2b
2026-04-13T20:51:17.406-04:00 DEBUG 66076 --- [productos] [           main] org.hibernate.type.BasicTypeRegistry     : Adding type registration ZonedDateTime -> org.hibernate.type.BasicTypeReference@372954e1
2026-04-13T20:51:17.406-04:00 DEBUG 66076 --- [productos] [           main] org.hibernate.type.BasicTypeRegistry     : Adding type registration java.time.ZonedDateTime -> org.hibernate.type.BasicTypeReference@372954e1
2026-04-13T20:51:17.406-04:00 DEBUG 66076 --- [productos] [           main] org.hibernate.type.BasicTypeRegistry     : Adding type registration ZonedDateTimeWithTimezone -> org.hibernate.type.BasicTypeReference@5fd8dd66
2026-04-13T20:51:17.406-04:00 DEBUG 66076 --- [productos] [           main] org.hibernate.type.BasicTypeRegistry     : Adding type registration ZonedDateTimeWithoutTimezone -> org.hibernate.type.BasicTypeReference@173511ff
2026-04-13T20:51:17.406-04:00 DEBUG 66076 --- [productos] [           main] org.hibernate.type.BasicTypeRegistry     : Adding type registration date -> org.hibernate.type.BasicTypeReference@6df11e91
2026-04-13T20:51:17.406-04:00 DEBUG 66076 --- [productos] [           main] org.hibernate.type.BasicTypeRegistry     : Adding type registration java.sql.Date -> org.hibernate.type.BasicTypeReference@6df11e91
2026-04-13T20:51:17.406-04:00 DEBUG 66076 --- [productos] [           main] org.hibernate.type.BasicTypeRegistry     : Adding type registration time -> org.hibernate.type.BasicTypeReference@1002d192
2026-04-13T20:51:17.406-04:00 DEBUG 66076 --- [productos] [           main] org.hibernate.type.BasicTypeRegistry     : Adding type registration java.sql.Time -> org.hibernate.type.BasicTypeReference@1002d192
2026-04-13T20:51:17.406-04:00 DEBUG 66076 --- [productos] [           main] org.hibernate.type.BasicTypeRegistry     : Adding type registration timestamp -> org.hibernate.type.BasicTypeReference@9281d19
2026-04-13T20:51:17.406-04:00 DEBUG 66076 --- [productos] [           main] org.hibernate.type.BasicTypeRegistry     : Adding type registration java.sql.Timestamp -> org.hibernate.type.BasicTypeReference@9281d19
2026-04-13T20:51:17.406-04:00 DEBUG 66076 --- [productos] [           main] org.hibernate.type.BasicTypeRegistry     : Adding type registration java.util.Date -> org.hibernate.type.BasicTypeReference@9281d19
2026-04-13T20:51:17.406-04:00 DEBUG 66076 --- [productos] [           main] org.hibernate.type.BasicTypeRegistry     : Adding type registration calendar -> org.hibernate.type.BasicTypeReference@36ad5f2a
2026-04-13T20:51:17.406-04:00 DEBUG 66076 --- [productos] [           main] org.hibernate.type.BasicTypeRegistry     : Adding type registration java.util.Calendar -> org.hibernate.type.BasicTypeReference@36ad5f2a
2026-04-13T20:51:17.406-04:00 DEBUG 66076 --- [productos] [           main] org.hibernate.type.BasicTypeRegistry     : Adding type registration java.util.GregorianCalendar -> org.hibernate.type.BasicTypeReference@36ad5f2a
2026-04-13T20:51:17.406-04:00 DEBUG 66076 --- [productos] [           main] org.hibernate.type.BasicTypeRegistry     : Adding type registration calendar_date -> org.hibernate.type.BasicTypeReference@53cddaf8
2026-04-13T20:51:17.406-04:00 DEBUG 66076 --- [productos] [           main] org.hibernate.type.BasicTypeRegistry     : Adding type registration calendar_time -> org.hibernate.type.BasicTypeReference@55c50f52
2026-04-13T20:51:17.406-04:00 DEBUG 66076 --- [productos] [           main] org.hibernate.type.BasicTypeRegistry     : Adding type registration instant -> org.hibernate.type.BasicTypeReference@1ccc1026
2026-04-13T20:51:17.406-04:00 DEBUG 66076 --- [productos] [           main] org.hibernate.type.BasicTypeRegistry     : Adding type registration java.time.Instant -> org.hibernate.type.BasicTypeReference@1ccc1026
2026-04-13T20:51:17.406-04:00 DEBUG 66076 --- [productos] [           main] org.hibernate.type.BasicTypeRegistry     : Adding type registration uuid -> org.hibernate.type.BasicTypeReference@4044589a
2026-04-13T20:51:17.406-04:00 DEBUG 66076 --- [productos] [           main] org.hibernate.type.BasicTypeRegistry     : Adding type registration java.util.UUID -> org.hibernate.type.BasicTypeReference@4044589a
2026-04-13T20:51:17.406-04:00 DEBUG 66076 --- [productos] [           main] org.hibernate.type.BasicTypeRegistry     : Adding type registration pg-uuid -> org.hibernate.type.BasicTypeReference@4044589a
2026-04-13T20:51:17.407-04:00 DEBUG 66076 --- [productos] [           main] org.hibernate.type.BasicTypeRegistry     : Adding type registration uuid-binary -> org.hibernate.type.BasicTypeReference@7de35070
2026-04-13T20:51:17.407-04:00 DEBUG 66076 --- [productos] [           main] org.hibernate.type.BasicTypeRegistry     : Adding type registration uuid-char -> org.hibernate.type.BasicTypeReference@216f01
2026-04-13T20:51:17.407-04:00 DEBUG 66076 --- [productos] [           main] org.hibernate.type.BasicTypeRegistry     : Adding type registration class -> org.hibernate.type.BasicTypeReference@7c901203
2026-04-13T20:51:17.407-04:00 DEBUG 66076 --- [productos] [           main] org.hibernate.type.BasicTypeRegistry     : Adding type registration java.lang.Class -> org.hibernate.type.BasicTypeReference@7c901203
2026-04-13T20:51:17.407-04:00 DEBUG 66076 --- [productos] [           main] org.hibernate.type.BasicTypeRegistry     : Adding type registration currency -> org.hibernate.type.BasicTypeReference@1e721583
2026-04-13T20:51:17.407-04:00 DEBUG 66076 --- [productos] [           main] org.hibernate.type.BasicTypeRegistry     : Adding type registration Currency -> org.hibernate.type.BasicTypeReference@1e721583
2026-04-13T20:51:17.407-04:00 DEBUG 66076 --- [productos] [           main] org.hibernate.type.BasicTypeRegistry     : Adding type registration java.util.Currency -> org.hibernate.type.BasicTypeReference@1e721583
2026-04-13T20:51:17.407-04:00 DEBUG 66076 --- [productos] [           main] org.hibernate.type.BasicTypeRegistry     : Adding type registration locale -> org.hibernate.type.BasicTypeReference@79f5a6ed
2026-04-13T20:51:17.407-04:00 DEBUG 66076 --- [productos] [           main] org.hibernate.type.BasicTypeRegistry     : Adding type registration java.util.Locale -> org.hibernate.type.BasicTypeReference@79f5a6ed
2026-04-13T20:51:17.407-04:00 DEBUG 66076 --- [productos] [           main] org.hibernate.type.BasicTypeRegistry     : Adding type registration serializable -> org.hibernate.type.BasicTypeReference@722787b5
2026-04-13T20:51:17.407-04:00 DEBUG 66076 --- [productos] [           main] org.hibernate.type.BasicTypeRegistry     : Adding type registration java.io.Serializable -> org.hibernate.type.BasicTypeReference@722787b5
2026-04-13T20:51:17.407-04:00 DEBUG 66076 --- [productos] [           main] org.hibernate.type.BasicTypeRegistry     : Adding type registration timezone -> org.hibernate.type.BasicTypeReference@edb83f8
2026-04-13T20:51:17.407-04:00 DEBUG 66076 --- [productos] [           main] org.hibernate.type.BasicTypeRegistry     : Adding type registration java.util.TimeZone -> org.hibernate.type.BasicTypeReference@edb83f8
2026-04-13T20:51:17.407-04:00 DEBUG 66076 --- [productos] [           main] org.hibernate.type.BasicTypeRegistry     : Adding type registration ZoneOffset -> org.hibernate.type.BasicTypeReference@8b41ad
2026-04-13T20:51:17.407-04:00 DEBUG 66076 --- [productos] [           main] org.hibernate.type.BasicTypeRegistry     : Adding type registration java.time.ZoneOffset -> org.hibernate.type.BasicTypeReference@8b41ad
2026-04-13T20:51:17.407-04:00 DEBUG 66076 --- [productos] [           main] org.hibernate.type.BasicTypeRegistry     : Adding type registration url -> org.hibernate.type.BasicTypeReference@541d4d9f
2026-04-13T20:51:17.407-04:00 DEBUG 66076 --- [productos] [           main] org.hibernate.type.BasicTypeRegistry     : Adding type registration java.net.URL -> org.hibernate.type.BasicTypeReference@541d4d9f
2026-04-13T20:51:17.407-04:00 DEBUG 66076 --- [productos] [           main] org.hibernate.type.BasicTypeRegistry     : Adding type registration vector -> org.hibernate.type.BasicTypeReference@1a497286
2026-04-13T20:51:17.407-04:00 DEBUG 66076 --- [productos] [           main] org.hibernate.type.BasicTypeRegistry     : Adding type registration float_vector -> org.hibernate.type.BasicTypeReference@48dff674
2026-04-13T20:51:17.407-04:00 DEBUG 66076 --- [productos] [           main] org.hibernate.type.BasicTypeRegistry     : Adding type registration double_vector -> org.hibernate.type.BasicTypeReference@120350eb
2026-04-13T20:51:17.408-04:00 DEBUG 66076 --- [productos] [           main] org.hibernate.type.BasicTypeRegistry     : Adding type registration byte_vector -> org.hibernate.type.BasicTypeReference@2ccc9681
2026-04-13T20:51:17.408-04:00 DEBUG 66076 --- [productos] [           main] org.hibernate.type.BasicTypeRegistry     : Adding type registration row_version -> org.hibernate.type.BasicTypeReference@7d401cdc
2026-04-13T20:51:17.414-04:00 DEBUG 66076 --- [productos] [           main] org.hibernate.type.BasicTypeRegistry     : Adding type registration object -> org.hibernate.type.JavaObjectType@3271ec2a
2026-04-13T20:51:17.414-04:00 DEBUG 66076 --- [productos] [           main] org.hibernate.type.BasicTypeRegistry     : Adding type registration java.lang.Object -> org.hibernate.type.JavaObjectType@3271ec2a
2026-04-13T20:51:17.415-04:00 DEBUG 66076 --- [productos] [           main] org.hibernate.type.BasicTypeRegistry     : Adding type registration null -> org.hibernate.type.NullType@5cce40d7
2026-04-13T20:51:17.416-04:00 DEBUG 66076 --- [productos] [           main] org.hibernate.type.BasicTypeRegistry     : Adding type registration imm_date -> org.hibernate.type.BasicTypeReference@314b7945
2026-04-13T20:51:17.416-04:00 DEBUG 66076 --- [productos] [           main] org.hibernate.type.BasicTypeRegistry     : Adding type registration imm_time -> org.hibernate.type.BasicTypeReference@32da97fd
2026-04-13T20:51:17.416-04:00 DEBUG 66076 --- [productos] [           main] org.hibernate.type.BasicTypeRegistry     : Adding type registration imm_timestamp -> org.hibernate.type.BasicTypeReference@64440065
2026-04-13T20:51:17.416-04:00 DEBUG 66076 --- [productos] [           main] org.hibernate.type.BasicTypeRegistry     : Adding type registration imm_calendar -> org.hibernate.type.BasicTypeReference@4aa22cc2
2026-04-13T20:51:17.416-04:00 DEBUG 66076 --- [productos] [           main] org.hibernate.type.BasicTypeRegistry     : Adding type registration imm_calendar_date -> org.hibernate.type.BasicTypeReference@2049e582
2026-04-13T20:51:17.416-04:00 DEBUG 66076 --- [productos] [           main] org.hibernate.type.BasicTypeRegistry     : Adding type registration imm_calendar_time -> org.hibernate.type.BasicTypeReference@464aeb09
2026-04-13T20:51:17.416-04:00 DEBUG 66076 --- [productos] [           main] org.hibernate.type.BasicTypeRegistry     : Adding type registration imm_binary -> org.hibernate.type.BasicTypeReference@2c99c8d
2026-04-13T20:51:17.416-04:00 DEBUG 66076 --- [productos] [           main] org.hibernate.type.BasicTypeRegistry     : Adding type registration imm_serializable -> org.hibernate.type.BasicTypeReference@59d6642a
2026-04-13T20:51:17.424-04:00 DEBUG 66076 --- [productos] [           main] o.h.boot.internal.BootstrapContextImpl   : Injecting JPA temp ClassLoader [org.springframework.instrument.classloading.SimpleThrowawayClassLoader@23e2c1ca] into BootstrapContext; was [null]
2026-04-13T20:51:17.424-04:00 DEBUG 66076 --- [productos] [           main] o.h.boot.internal.ClassLoaderAccessImpl  : ClassLoaderAccessImpl#injectTempClassLoader(org.springframework.instrument.classloading.SimpleThrowawayClassLoader@23e2c1ca) [was null]
2026-04-13T20:51:17.424-04:00 DEBUG 66076 --- [productos] [           main] o.h.boot.internal.BootstrapContextImpl   : Injecting ScanEnvironment [org.hibernate.jpa.boot.internal.StandardJpaScanEnvironmentImpl@5b332439] into BootstrapContext; was [null]
2026-04-13T20:51:17.424-04:00 DEBUG 66076 --- [productos] [           main] o.h.boot.internal.BootstrapContextImpl   : Injecting ScanOptions [org.hibernate.boot.archive.scan.internal.StandardScanOptions@59262a90] into BootstrapContext; was [org.hibernate.boot.archive.scan.internal.StandardScanOptions@78479f2b]
2026-04-13T20:51:17.438-04:00 DEBUG 66076 --- [productos] [           main] o.h.j.b.i.PersistenceUnitInfoDescriptor  : Pushing class transformers for PU named 'default' on loading classloader jdk.internal.loader.ClassLoaders$AppClassLoader@42110406
2026-04-13T20:51:17.596-04:00  INFO 66076 --- [productos] [           main] o.s.o.j.p.SpringPersistenceUnitInfo      : No LoadTimeWeaver setup: ignoring JPA class transformer
2026-04-13T20:51:17.596-04:00 DEBUG 66076 --- [productos] [           main] o.h.boot.internal.BootstrapContextImpl   : Injecting JPA temp ClassLoader [null] into BootstrapContext; was [org.springframework.instrument.classloading.SimpleThrowawayClassLoader@23e2c1ca]
2026-04-13T20:51:17.596-04:00 DEBUG 66076 --- [productos] [           main] o.h.boot.internal.ClassLoaderAccessImpl  : ClassLoaderAccessImpl#injectTempClassLoader(null) [was org.springframework.instrument.classloading.SimpleThrowawayClassLoader@23e2c1ca]
2026-04-13T20:51:17.640-04:00  INFO 66076 --- [productos] [           main] com.zaxxer.hikari.HikariDataSource       : HikariPool-1 - Starting...
2026-04-13T20:51:18.521-04:00  INFO 66076 --- [productos] [           main] com.zaxxer.hikari.pool.HikariPool        : HikariPool-1 - Added connection oracle.jdbc.driver.T4CConnection@351d93bd
2026-04-13T20:51:18.522-04:00  INFO 66076 --- [productos] [           main] com.zaxxer.hikari.HikariDataSource       : HikariPool-1 - Start completed.
2026-04-13T20:51:18.532-04:00 DEBUG 66076 --- [productos] [           main] o.h.e.j.e.i.JdbcEnvironmentInitiator     : Database ->
	   name : Oracle
	version : Oracle Database 19c Enterprise Edition Release 19.0.0.0.0 - Production
Version 19.31.0.1.0
	  major : 19
	  minor : 31
2026-04-13T20:51:18.532-04:00 DEBUG 66076 --- [productos] [           main] o.h.e.j.e.i.JdbcEnvironmentInitiator     : Driver ->
	   name : Oracle JDBC driver
	version : 23.7.0.25.01
	  major : 23
	  minor : 7
2026-04-13T20:51:18.532-04:00 DEBUG 66076 --- [productos] [           main] o.h.e.j.e.i.JdbcEnvironmentInitiator     : JDBC version : 4.3
2026-04-13T20:51:18.683-04:00  WARN 66076 --- [productos] [           main] org.hibernate.orm.deprecation            : HHH90000025: OracleDialect does not need to be specified explicitly using 'hibernate.dialect' (remove the property setting and it will be selected by default)
2026-04-13T20:51:18.684-04:00 DEBUG 66076 --- [productos] [           main] org.hibernate.orm.dialect                : HHH035001: Using dialect: org.hibernate.dialect.OracleDialect, version: 19.31
2026-04-13T20:51:18.733-04:00  INFO 66076 --- [productos] [           main] org.hibernate.orm.connections.pooling    : HHH10001005: Database info:
	Database JDBC URL [Connecting through datasource 'HikariDataSource (HikariPool-1)']
	Database driver: undefined/unknown
	Database version: 19.31
	Autocommit mode: undefined/unknown
	Isolation level: undefined/unknown
	Minimum pool size: undefined/unknown
	Maximum pool size: undefined/unknown
2026-04-13T20:51:18.738-04:00 DEBUG 66076 --- [productos] [           main] o.h.t.d.jdbc.spi.JdbcTypeRegistry        : addDescriptor(NCharTypeDescriptor) replaced previous registration(CharTypeDescriptor)
2026-04-13T20:51:18.738-04:00 DEBUG 66076 --- [productos] [           main] o.h.t.d.jdbc.spi.JdbcTypeRegistry        : addDescriptor(NVarcharTypeDescriptor) replaced previous registration(VarcharTypeDescriptor)
2026-04-13T20:51:18.738-04:00 DEBUG 66076 --- [productos] [           main] o.h.t.d.jdbc.spi.JdbcTypeRegistry        : addDescriptor(LongNVarcharTypeDescriptor) replaced previous registration(LongVarcharTypeDescriptor)
2026-04-13T20:51:18.740-04:00 DEBUG 66076 --- [productos] [           main] o.h.t.d.jdbc.spi.JdbcTypeRegistry        : addDescriptor(NClobTypeDescriptor(DEFAULT)) replaced previous registration(ClobTypeDescriptor(DEFAULT))
2026-04-13T20:51:18.740-04:00 DEBUG 66076 --- [productos] [           main] o.h.t.d.jdbc.spi.JdbcTypeRegistry        : addDescriptor(BooleanTypeDescriptor) replaced previous registration(BooleanTypeDescriptor)
2026-04-13T20:51:18.746-04:00 DEBUG 66076 --- [productos] [           main] org.hibernate.type.BasicTypeRegistry     : Adding type registration null -> org.hibernate.type.NullType@736f8837
2026-04-13T20:51:18.746-04:00 DEBUG 66076 --- [productos] [           main] org.hibernate.type.BasicTypeRegistry     : Type registration key [null] overrode previous entry : `org.hibernate.type.NullType@5cce40d7`
2026-04-13T20:51:18.746-04:00 DEBUG 66076 --- [productos] [           main] org.hibernate.type.BasicTypeRegistry     : Adding type registration JAVA_OBJECT -> org.hibernate.type.JavaObjectType@6f6a2ac8
2026-04-13T20:51:18.746-04:00 DEBUG 66076 --- [productos] [           main] org.hibernate.type.BasicTypeRegistry     : Adding type registration java.lang.Object -> org.hibernate.type.JavaObjectType@6f6a2ac8
2026-04-13T20:51:18.746-04:00 DEBUG 66076 --- [productos] [           main] org.hibernate.type.BasicTypeRegistry     : Type registration key [java.lang.Object] overrode previous entry : `org.hibernate.type.JavaObjectType@3271ec2a`
2026-04-13T20:51:18.748-04:00 DEBUG 66076 --- [productos] [           main] org.hibernate.type.BasicTypeRegistry     : Adding type registration org.hibernate.type.DurationType -> basicType@1(java.time.Duration,3015)
2026-04-13T20:51:18.748-04:00 DEBUG 66076 --- [productos] [           main] org.hibernate.type.BasicTypeRegistry     : Adding type registration Duration -> basicType@1(java.time.Duration,3015)
2026-04-13T20:51:18.748-04:00 DEBUG 66076 --- [productos] [           main] org.hibernate.type.BasicTypeRegistry     : Adding type registration java.time.Duration -> basicType@1(java.time.Duration,3015)
2026-04-13T20:51:18.750-04:00 DEBUG 66076 --- [productos] [           main] o.h.type.spi.TypeConfiguration$Scope     : Scoping TypeConfiguration [org.hibernate.type.spi.TypeConfiguration@21d15932] to MetadataBuildingContext [org.hibernate.boot.internal.MetadataBuildingContextRootImpl@3966c679]
2026-04-13T20:51:18.773-04:00 DEBUG 66076 --- [productos] [           main] o.h.boot.model.relational.Namespace      : Created database namespace [logicalName=Name{catalog=null, schema=null}, physicalName=Name{catalog=null, schema=null}]
2026-04-13T20:51:18.789-04:00 DEBUG 66076 --- [productos] [           main] o.h.boot.model.internal.EntityBinder     : Binding entity from annotated class: fullstack_productos.productos.model.Producto
2026-04-13T20:51:18.792-04:00 DEBUG 66076 --- [productos] [           main] o.h.boot.model.internal.EntityBinder     : Import with entity name Producto
2026-04-13T20:51:18.804-04:00 DEBUG 66076 --- [productos] [           main] o.h.boot.model.internal.EntityBinder     : Bind entity fullstack_productos.productos.model.Producto on table productos
2026-04-13T20:51:18.810-04:00 DEBUG 66076 --- [productos] [           main] o.h.boot.model.internal.AnnotatedColumn  : Binding column: AnnotatedDiscriminatorColumn(column='DTYPE')
2026-04-13T20:51:18.827-04:00 DEBUG 66076 --- [productos] [           main] o.h.boot.model.internal.AnnotatedColumn  : Binding column: AnnotatedColumn()
2026-04-13T20:51:18.827-04:00 DEBUG 66076 --- [productos] [           main] o.h.boot.internal.ClassLoaderAccessImpl  : Not known whether passed class name [fullstack_productos.productos.model.Producto] is safe
2026-04-13T20:51:18.827-04:00 DEBUG 66076 --- [productos] [           main] o.h.boot.internal.ClassLoaderAccessImpl  : No temp ClassLoader provided; using live ClassLoader for loading potentially unsafe class : fullstack_productos.productos.model.Producto
2026-04-13T20:51:18.829-04:00 DEBUG 66076 --- [productos] [           main] o.h.boot.model.internal.PropertyBinder   : MetadataSourceProcessor property id with lazy=false
2026-04-13T20:51:18.832-04:00 DEBUG 66076 --- [productos] [           main] o.h.b.m.internal.AbstractPropertyHolder  : Attempting to locate auto-apply AttributeConverter for property [fullstack_productos.productos.model.Producto:id]
2026-04-13T20:51:18.833-04:00 DEBUG 66076 --- [productos] [           main] o.h.b.model.internal.BasicValueBinder    : building BasicValue for id
2026-04-13T20:51:18.835-04:00 DEBUG 66076 --- [productos] [           main] org.hibernate.mapping.BasicValue         : Skipping column re-registration: productos.id
2026-04-13T20:51:18.835-04:00 DEBUG 66076 --- [productos] [           main] o.h.boot.model.internal.PropertyBinder   : Building property id
2026-04-13T20:51:18.838-04:00 DEBUG 66076 --- [productos] [           main] o.h.boot.model.internal.BinderHelper     : #makeIdGenerator(BasicValue([Column(id)]), id, identity, , ...)
2026-04-13T20:51:18.839-04:00 DEBUG 66076 --- [productos] [           main] o.h.boot.model.internal.AnnotatedColumn  : Binding column: AnnotatedColumn(column='DESCRIPCION')
2026-04-13T20:51:18.839-04:00 DEBUG 66076 --- [productos] [           main] o.h.boot.model.internal.PropertyBinder   : MetadataSourceProcessor property descripcion with lazy=false
2026-04-13T20:51:18.839-04:00 DEBUG 66076 --- [productos] [           main] o.h.b.m.internal.AbstractPropertyHolder  : Attempting to locate auto-apply AttributeConverter for property [fullstack_productos.productos.model.Producto:descripcion]
2026-04-13T20:51:18.839-04:00 DEBUG 66076 --- [productos] [           main] o.h.b.model.internal.BasicValueBinder    : building BasicValue for descripcion
2026-04-13T20:51:18.839-04:00 DEBUG 66076 --- [productos] [           main] org.hibernate.mapping.BasicValue         : Skipping column re-registration: productos.descripcion
2026-04-13T20:51:18.839-04:00 DEBUG 66076 --- [productos] [           main] o.h.boot.model.internal.PropertyBinder   : Building property descripcion
2026-04-13T20:51:18.840-04:00 DEBUG 66076 --- [productos] [           main] o.h.boot.model.internal.AnnotatedColumn  : Binding column: AnnotatedColumn(column='NOMBRE')
2026-04-13T20:51:18.840-04:00 DEBUG 66076 --- [productos] [           main] o.h.boot.model.internal.PropertyBinder   : MetadataSourceProcessor property nombre with lazy=false
2026-04-13T20:51:18.840-04:00 DEBUG 66076 --- [productos] [           main] o.h.b.m.internal.AbstractPropertyHolder  : Attempting to locate auto-apply AttributeConverter for property [fullstack_productos.productos.model.Producto:nombre]
2026-04-13T20:51:18.840-04:00 DEBUG 66076 --- [productos] [           main] o.h.b.model.internal.BasicValueBinder    : building BasicValue for nombre
2026-04-13T20:51:18.840-04:00 DEBUG 66076 --- [productos] [           main] org.hibernate.mapping.BasicValue         : Skipping column re-registration: productos.nombre
2026-04-13T20:51:18.840-04:00 DEBUG 66076 --- [productos] [           main] o.h.boot.model.internal.PropertyBinder   : Building property nombre
2026-04-13T20:51:18.841-04:00 DEBUG 66076 --- [productos] [           main] o.h.boot.model.internal.AnnotatedColumn  : Binding column: AnnotatedColumn(column='PRECIO')
2026-04-13T20:51:18.841-04:00 DEBUG 66076 --- [productos] [           main] o.h.boot.model.internal.PropertyBinder   : MetadataSourceProcessor property precio with lazy=false
2026-04-13T20:51:18.841-04:00 DEBUG 66076 --- [productos] [           main] o.h.b.m.internal.AbstractPropertyHolder  : Attempting to locate auto-apply AttributeConverter for property [fullstack_productos.productos.model.Producto:precio]
2026-04-13T20:51:18.841-04:00 DEBUG 66076 --- [productos] [           main] o.h.b.model.internal.BasicValueBinder    : building BasicValue for precio
2026-04-13T20:51:18.841-04:00 DEBUG 66076 --- [productos] [           main] org.hibernate.mapping.BasicValue         : Skipping column re-registration: productos.precio
2026-04-13T20:51:18.841-04:00 DEBUG 66076 --- [productos] [           main] o.h.boot.model.internal.PropertyBinder   : Building property precio
2026-04-13T20:51:18.842-04:00 DEBUG 66076 --- [productos] [           main] o.h.boot.model.internal.AnnotatedColumn  : Binding column: AnnotatedColumn(column='STOCK')
2026-04-13T20:51:18.842-04:00 DEBUG 66076 --- [productos] [           main] o.h.boot.model.internal.PropertyBinder   : MetadataSourceProcessor property stock with lazy=false
2026-04-13T20:51:18.842-04:00 DEBUG 66076 --- [productos] [           main] o.h.b.m.internal.AbstractPropertyHolder  : Attempting to locate auto-apply AttributeConverter for property [fullstack_productos.productos.model.Producto:stock]
2026-04-13T20:51:18.842-04:00 DEBUG 66076 --- [productos] [           main] o.h.b.model.internal.BasicValueBinder    : building BasicValue for stock
2026-04-13T20:51:18.842-04:00 DEBUG 66076 --- [productos] [           main] org.hibernate.mapping.BasicValue         : Skipping column re-registration: productos.stock
2026-04-13T20:51:18.842-04:00 DEBUG 66076 --- [productos] [           main] o.h.boot.model.internal.PropertyBinder   : Building property stock
2026-04-13T20:51:18.843-04:00 DEBUG 66076 --- [productos] [           main] o.h.b.r.c.i.ClassLoaderServiceImpl       : HHH000194: Package not found or no package-info.java: fullstack_productos.productos.model
2026-04-13T20:51:18.846-04:00 DEBUG 66076 --- [productos] [           main] o.h.b.model.internal.BasicValueBinder    : Starting `BasicValueBinder#fillSimpleValue` for id
2026-04-13T20:51:18.848-04:00 DEBUG 66076 --- [productos] [           main] o.h.b.model.internal.BasicValueBinder    : Starting `BasicValueBinder#fillSimpleValue` for descripcion
2026-04-13T20:51:18.848-04:00 DEBUG 66076 --- [productos] [           main] o.h.b.model.internal.BasicValueBinder    : Starting `BasicValueBinder#fillSimpleValue` for nombre
2026-04-13T20:51:18.848-04:00 DEBUG 66076 --- [productos] [           main] o.h.b.model.internal.BasicValueBinder    : Starting `BasicValueBinder#fillSimpleValue` for precio
2026-04-13T20:51:18.848-04:00 DEBUG 66076 --- [productos] [           main] o.h.b.model.internal.BasicValueBinder    : Starting `BasicValueBinder#fillSimpleValue` for stock
2026-04-13T20:51:18.851-04:00 DEBUG 66076 --- [productos] [           main] org.hibernate.mapping.PrimaryKey         : Forcing column [id] to be non-null as it is part of the primary key for table [productos]
2026-04-13T20:51:18.892-04:00 DEBUG 66076 --- [productos] [           main] o.hibernate.internal.SessionFactoryImpl  : Building session factory
2026-04-13T20:51:18.917-04:00 DEBUG 66076 --- [productos] [           main] .h.s.i.SessionFactoryServiceRegistryImpl : EventListenerRegistry access via ServiceRegistry is deprecated.  Use `sessionFactory.getEventEngine().getListenerRegistry()` instead
2026-04-13T20:51:18.917-04:00 DEBUG 66076 --- [productos] [           main] o.hibernate.internal.SessionFactoryImpl  : Instantiating SessionFactory with settings: {java.specification.version=17, hibernate.resource.beans.container=org.springframework.orm.hibernate5.SpringBeanContainer@79ae3fb1, hibernate.connection.handling_mode=DELAYED_ACQUISITION_AND_HOLD, sun.jnu.encoding=UTF-8, hibernate.dialect=org.hibernate.dialect.OracleDialect, hibernate.implicit_naming_strategy=org.springframework.boot.orm.jpa.hibernate.SpringImplicitNamingStrategy, java.class.path=/Users/krhisnaoyanedelyanez/Desktop/Inge Desarrollo de Software/BIMESTRE VI/DESARROLLO FULLSTACK/EXPERIENCIA 1/SEMANA 2/FULLSTACK3-PRODUCTOS/target/test-classes:/Users/krhisnaoyanedelyanez/Desktop/Inge Desarrollo de Software/BIMESTRE VI/DESARROLLO FULLSTACK/EXPERIENCIA 1/SEMANA 2/FULLSTACK3-PRODUCTOS/target/classes:/Users/krhisnaoyanedelyanez/.m2/repository/org/springframework/boot/spring-boot-starter-actuator/3.5.12/spring-boot-starter-actuator-3.5.12.jar:/Users/krhisnaoyanedelyanez/.m2/repository/org/springframework/boot/spring-boot-starter/3.5.12/spring-boot-starter-3.5.12.jar:/Users/krhisnaoyanedelyanez/.m2/repository/org/springframework/boot/spring-boot/3.5.12/spring-boot-3.5.12.jar:/Users/krhisnaoyanedelyanez/.m2/repository/org/springframework/boot/spring-boot-autoconfigure/3.5.12/spring-boot-autoconfigure-3.5.12.jar:/Users/krhisnaoyanedelyanez/.m2/repository/org/springframework/boot/spring-boot-starter-logging/3.5.12/spring-boot-starter-logging-3.5.12.jar:/Users/krhisnaoyanedelyanez/.m2/repository/ch/qos/logback/logback-classic/1.5.32/logback-classic-1.5.32.jar:/Users/krhisnaoyanedelyanez/.m2/repository/ch/qos/logback/logback-core/1.5.32/logback-core-1.5.32.jar:/Users/krhisnaoyanedelyanez/.m2/repository/org/apache/logging/log4j/log4j-to-slf4j/2.24.3/log4j-to-slf4j-2.24.3.jar:/Users/krhisnaoyanedelyanez/.m2/repository/org/apache/logging/log4j/log4j-api/2.24.3/log4j-api-2.24.3.jar:/Users/krhisnaoyanedelyanez/.m2/repository/org/slf4j/jul-to-slf4j/2.0.17/jul-to-slf4j-2.0.17.jar:/Users/krhisnaoyanedelyanez/.m2/repository/jakarta/annotation/jakarta.annotation-api/2.1.1/jakarta.annotation-api-2.1.1.jar:/Users/krhisnaoyanedelyanez/.m2/repository/org/yaml/snakeyaml/2.4/snakeyaml-2.4.jar:/Users/krhisnaoyanedelyanez/.m2/repository/org/springframework/boot/spring-boot-actuator-autoconfigure/3.5.12/spring-boot-actuator-autoconfigure-3.5.12.jar:/Users/krhisnaoyanedelyanez/.m2/repository/org/springframework/boot/spring-boot-actuator/3.5.12/spring-boot-actuator-3.5.12.jar:/Users/krhisnaoyanedelyanez/.m2/repository/com/fasterxml/jackson/core/jackson-databind/2.19.4/jackson-databind-2.19.4.jar:/Users/krhisnaoyanedelyanez/.m2/repository/com/fasterxml/jackson/core/jackson-annotations/2.19.4/jackson-annotations-2.19.4.jar:/Users/krhisnaoyanedelyanez/.m2/repository/com/fasterxml/jackson/core/jackson-core/2.19.4/jackson-core-2.19.4.jar:/Users/krhisnaoyanedelyanez/.m2/repository/com/fasterxml/jackson/datatype/jackson-datatype-jsr310/2.19.4/jackson-datatype-jsr310-2.19.4.jar:/Users/krhisnaoyanedelyanez/.m2/repository/io/micrometer/micrometer-observation/1.15.10/micrometer-observation-1.15.10.jar:/Users/krhisnaoyanedelyanez/.m2/repository/io/micrometer/micrometer-commons/1.15.
[...]

   RepositoryRestMvcAutoConfiguration:
      Did not match:
         - @ConditionalOnClass did not find required class 'org.springframework.data.rest.webmvc.config.RepositoryRestMvcConfiguration' (OnClassCondition)

   Saml2RelyingPartyAutoConfiguration:
      Did not match:
         - @ConditionalOnClass did not find required class 'org.springframework.security.saml2.provider.service.registration.RelyingPartyRegistrationRepository' (OnClassCondition)

   SbomEndpointAutoConfiguration:
      Did not match:
         - @ConditionalOnAvailableEndpoint not exposed (OnAvailableEndpointCondition)

   ScheduledTasksEndpointAutoConfiguration:
      Did not match:
         - @ConditionalOnAvailableEndpoint not exposed (OnAvailableEndpointCondition)

   SecurityAutoConfiguration:
      Did not match:
         - @ConditionalOnClass did not find required class 'org.springframework.security.authentication.DefaultAuthenticationEventPublisher' (OnClassCondition)

   SecurityFilterAutoConfiguration:
      Did not match:
         - @ConditionalOnClass did not find required class 'org.springframework.security.config.http.SessionCreationPolicy' (OnClassCondition)

   SecurityRequestMatchersManagementContextConfiguration:
      Did not match:
         - @ConditionalOnClass did not find required class 'org.springframework.security.web.util.matcher.RequestMatcher' (OnClassCondition)

   SendGridAutoConfiguration:
      Did not match:
         - @ConditionalOnClass did not find required class 'com.sendgrid.SendGrid' (OnClassCondition)

   ServletEndpointManagementContextConfiguration.JerseyServletEndpointManagementContextConfiguration:
      Did not match:
         - @ConditionalOnClass did not find required class 'org.glassfish.jersey.server.ResourceConfig' (OnClassCondition)

   ServletManagementContextAutoConfiguration.ApplicationContextFilterConfiguration:
      Did not match:
         - @ConditionalOnBooleanProperty (management.server.add-application-context-header=true) did not find property 'management.server.add-application-context-header' (OnPropertyCondition)

   ServletWebServerFactoryAutoConfiguration.ForwardedHeaderFilterConfiguration:
      Did not match:
         - @ConditionalOnProperty (server.forward-headers-strategy=framework) did not find property 'server.forward-headers-strategy' (OnPropertyCondition)

   ServletWebServerFactoryConfiguration.EmbeddedJetty:
      Did not match:
         - @ConditionalOnClass did not find required classes 'org.eclipse.jetty.server.Server', 'org.eclipse.jetty.util.Loader', 'org.eclipse.jetty.ee10.webapp.WebAppContext' (OnClassCondition)

   ServletWebServerFactoryConfiguration.EmbeddedUndertow:
      Did not match:
         - @ConditionalOnClass did not find required classes 'io.undertow.Undertow', 'org.xnio.SslClientAuthMode' (OnClassCondition)

   SessionAutoConfiguration:
      Did not match:
         - @ConditionalOnClass did not find required class 'org.springframework.session.Session' (OnClassCondition)

   SessionsEndpointAutoConfiguration:
      Did not match:
         - @ConditionalOnClass did not find required class 'org.springframework.session.Session' (OnClassCondition)

   ShutdownEndpointAutoConfiguration:
      Did not match:
         - @ConditionalOnAvailableEndpoint the configured access for endpoint 'shutdown' is NONE (OnAvailableEndpointCondition)

   SignalFxMetricsExportAutoConfiguration:
      Did not match:
         - @ConditionalOnClass did not find required class 'io.micrometer.signalfx.SignalFxMeterRegistry' (OnClassCondition)

   SpringApplicationAdminJmxAutoConfiguration:
      Did not match:
         - @ConditionalOnBooleanProperty (spring.application.admin.enabled=true) did not find property 'spring.application.admin.enabled' (OnPropertyCondition)

   SslObservabilityAutoConfiguration#sslInfoProvider:
      Did not match:
         - @ConditionalOnMissingBean (types: org.springframework.boot.info.SslInfo; SearchStrategy: all) found beans of type 'org.springframework.boot.info.SslInfo' sslInfo (OnBeanCondition)

   StackdriverMetricsExportAutoConfiguration:
      Did not match:
         - @ConditionalOnClass did not find required class 'io.micrometer.stackdriver.StackdriverMeterRegistry' (OnClassCondition)

   StartupEndpointAutoConfiguration:
      Did not match:
         - ApplicationStartup configured applicationStartup is of type class org.springframework.core.metrics.DefaultApplicationStartup, expected BufferingApplicationStartup. (StartupEndpointAutoConfiguration.ApplicationStartupCondition)

   StatsdMetricsExportAutoConfiguration:
      Did not match:
         - @ConditionalOnClass did not find required class 'io.micrometer.statsd.StatsdMeterRegistry' (OnClassCondition)

   TaskExecutorConfigurations.SimpleAsyncTaskExecutorBuilderConfiguration#simpleAsyncTaskExecutorBuilderVirtualThreads:
      Did not match:
         - @ConditionalOnMissingBean (types: org.springframework.boot.task.SimpleAsyncTaskExecutorBuilder; SearchStrategy: all) found beans of type 'org.springframework.boot.task.SimpleAsyncTaskExecutorBuilder' simpleAsyncTaskExecutorBuilder (OnBeanCondition)

   TaskExecutorConfigurations.TaskExecutorConfiguration#applicationTaskExecutorVirtualThreads:
      Did not match:
         - @ConditionalOnThreading did not find VIRTUAL (OnThreadingCondition)

   TaskSchedulingAutoConfiguration#scheduledBeanLazyInitializationExcludeFilter:
      Did not match:
         - @ConditionalOnBean (names: org.springframework.context.annotation.internalScheduledAnnotationProcessor; SearchStrategy: all) did not find any beans named org.springframework.context.annotation.internalScheduledAnnotationProcessor (OnBeanCondition)

   TaskSchedulingConfigurations.SimpleAsyncTaskSchedulerBuilderConfiguration#simpleAsyncTaskSchedulerBuilderVirtualThreads:
      Did not match:
         - @ConditionalOnMissingBean (types: org.springframework.boot.task.SimpleAsyncTaskSchedulerBuilder; SearchStrategy: all) found beans of type 'org.springframework.boot.task.SimpleAsyncTaskSchedulerBuilder' simpleAsyncTaskSchedulerBuilder (OnBeanCondition)

   TaskSchedulingConfigurations.TaskSchedulerConfiguration:
      Did not match:
         - @ConditionalOnBean (names: org.springframework.context.annotation.internalScheduledAnnotationProcessor; SearchStrategy: all) did not find any beans named org.springframework.context.annotation.internalScheduledAnnotationProcessor (OnBeanCondition)

   ThreadDumpEndpointAutoConfiguration:
      Did not match:
         - @ConditionalOnAvailableEndpoint not exposed (OnAvailableEndpointCondition)

   ThymeleafAutoConfiguration:
      Did not match:
         - @ConditionalOnClass did not find required class 'org.thymeleaf.spring6.SpringTemplateEngine' (OnClassCondition)

   TransactionAutoConfiguration#transactionalOperator:
      Did not match:
         - @ConditionalOnSingleCandidate (types: org.springframework.transaction.ReactiveTransactionManager; SearchStrategy: all) did not find any beans (OnBeanCondition)

   TransactionAutoConfiguration.AspectJTransactionManagementConfiguration:
      Did not match:
         - @ConditionalOnBean (types: org.springframework.transaction.aspectj.AbstractTransactionAspect; SearchStrategy: all) did not find any beans of type org.springframework.transaction.aspectj.AbstractTransactionAspect (OnBeanCondition)

   TransactionAutoConfiguration.EnableTransactionManagementConfiguration.JdkDynamicAutoProxyConfiguration:
      Did not match:
         - @ConditionalOnBooleanProperty (spring.aop.proxy-target-class=false) did not find property 'spring.aop.proxy-target-class' (OnPropertyCondition)

   UserDetailsServiceAutoConfiguration:
      Did not match:
         - @ConditionalOnClass did not find required class 'org.springframework.security.authentication.AuthenticationManager' (OnClassCondition)

   WavefrontAutoConfiguration:
      Did not match:
         - @ConditionalOnClass did not find required class 'com.wavefront.sdk.common.application.ApplicationTags' (OnClassCondition)

   WavefrontMetricsExportAutoConfiguration:
      Did not match:
         - @ConditionalOnClass did not find required class 'com.wavefront.sdk.common.WavefrontSender' (OnClassCondition)

   WavefrontTracingAutoConfiguration:
      Did not match:
         - @ConditionalOnClass did not find required class 'com.wavefront.sdk.common.WavefrontSender' (OnClassCondition)

   WebClientAutoConfiguration:
      Did not match:
         - @ConditionalOnClass did not find required class 'org.springframework.web.reactive.function.client.WebClient' (OnClassCondition)

   WebClientObservationConfiguration:
      Did not match:
         - @ConditionalOnClass did not find required class 'org.springframework.web.reactive.function.client.WebClient' (OnClassCondition)

   WebFluxAutoConfiguration:
      Did not match:
         - @ConditionalOnClass did not find required class 'org.springframework.web.reactive.config.WebFluxConfigurer' (OnClassCondition)

   WebFluxEndpointManagementContextConfiguration:
      Did not match:
         - @ConditionalOnClass did not find required class 'org.springframework.web.reactive.DispatcherHandler' (OnClassCondition)

   WebFluxObservationAutoConfiguration:
      Did not match:
         - @ConditionalOnWebApplication did not find reactive web application classes (OnWebApplicationCondition)

   WebMvcAutoConfiguration#hiddenHttpMethodFilter:
      Did not match:
         - @ConditionalOnBooleanProperty (spring.mvc.hiddenmethod.filter.enabled=true) did not find property 'spring.mvc.hiddenmethod.filter.enabled' (OnPropertyCondition)

   WebMvcAutoConfiguration.ProblemDetailsErrorHandlingConfiguration:
      Did not match:
         - @ConditionalOnBooleanProperty (spring.mvc.problemdetails.enabled=true) did not find property 'spring.mvc.problemdetails.enabled' (OnPropertyCondition)

   WebMvcAutoConfiguration.ResourceChainCustomizerConfiguration:
      Did not match:
         - @ConditionalOnEnabledResourceChain did not find class org.webjars.WebJarVersionLocator (OnEnabledResourceChainCondition)

   WebMvcAutoConfiguration.WebMvcAutoConfigurationAdapter#beanNameViewResolver:
      Did not match:
         - @ConditionalOnMissingBean (types: org.springframework.web.servlet.view.BeanNameViewResolver; SearchStrategy: all) found beans of type 'org.springframework.web.servlet.view.BeanNameViewResolver' beanNameViewResolver (OnBeanCondition)

   WebMvcEndpointManagementContextConfiguration#managementHealthEndpointWebMvcHandlerMapping:
      Did not match:
         - Management Port actual port type (SAME) did not match required type (DIFFERENT) (OnManagementPortCondition)

   WebServiceTemplateAutoConfiguration:
      Did not match:
         - @ConditionalOnClass did not find required class 'org.springframework.oxm.Marshaller' (OnClassCondition)

   WebServicesAutoConfiguration:
      Did not match:
         - @ConditionalOnClass did not find required class 'org.springframework.ws.transport.http.MessageDispatcherServlet' (OnClassCondition)

   WebSessionIdResolverAutoConfiguration:
      Did not match:
         - @ConditionalOnClass did not find required class 'reactor.core.publisher.Mono' (OnClassCondition)

   WebSocketMessagingAutoConfiguration:
      Did not match:
         - @ConditionalOnClass did not find required class 'org.springframework.web.socket.config.annotation.WebSocketMessageBrokerConfigurer' (OnClassCondition)

   WebSocketReactiveAutoConfiguration:
      Did not match:
         - @ConditionalOnWebApplication did not find reactive web application classes (OnWebApplicationCondition)

   WebSocketServletAutoConfiguration.JettyWebSocketConfiguration:
      Did not match:
         - @ConditionalOnClass did not find required class 'org.eclipse.jetty.ee10.websocket.jakarta.server.config.JakartaWebSocketServletContainerInitializer' (OnClassCondition)

   WebSocketServletAutoConfiguration.UndertowWebSocketConfiguration:
      Did not match:
         - @ConditionalOnClass did not find required class 'io.undertow.websockets.jsr.Bootstrap' (OnClassCondition)

   XADataSourceAutoConfiguration:
      Did not match:
         - @ConditionalOnBean (types: org.springframework.boot.jdbc.XADataSourceWrapper; SearchStrategy: all) did not find any beans of type org.springframework.boot.jdbc.XADataSourceWrapper (OnBeanCondition)
      Matched:
         - @ConditionalOnClass found required classes 'javax.sql.DataSource', 'jakarta.transaction.TransactionManager', 'org.springframework.jdbc.datasource.embedded.EmbeddedDatabaseType' (OnClassCondition)

   ZipkinAutoConfiguration:
      Did not match:
         - @ConditionalOnClass did not find required class 'zipkin2.reporter.Encoding' (OnClassCondition)


Exclusions:
-----------

    None


Unconditional classes:
----------------------

    org.springframework.boot.autoconfigure.context.ConfigurationPropertiesAutoConfiguration

    org.springframework.boot.actuate.autoconfigure.availability.AvailabilityHealthContributorAutoConfiguration

    org.springframework.boot.autoconfigure.ssl.SslAutoConfiguration

    org.springframework.boot.actuate.autoconfigure.info.InfoContributorAutoConfiguration

    org.springframework.boot.autoconfigure.context.PropertyPlaceholderAutoConfiguration

    org.springframework.boot.autoconfigure.context.LifecycleAutoConfiguration

    org.springframework.boot.actuate.autoconfigure.metrics.integration.IntegrationMetricsAutoConfiguration

    org.springframework.boot.actuate.autoconfigure.endpoint.EndpointAutoConfiguration

    org.springframework.boot.actuate.autoconfigure.web.server.ManagementContextAutoConfiguration

    org.springframework.boot.actuate.autoconfigure.health.HealthContributorAutoConfiguration

    org.springframework.boot.autoconfigure.availability.ApplicationAvailabilityAutoConfiguration

    org.springframework.boot.autoconfigure.info.ProjectInfoAutoConfiguration



2026-04-13T20:51:20.155-04:00  INFO 66076 --- [productos] [           main] f.productos.ProductosApplicationTests    : Started ProductosApplicationTests in 4.188 seconds (process running for 4.879)
2026-04-13T20:51:20.159-04:00 DEBUG 66076 --- [productos] [           main] o.s.b.a.ApplicationAvailabilityBean      : Application availability state LivenessState changed to CORRECT
2026-04-13T20:51:20.164-04:00 DEBUG 66076 --- [productos] [           main] o.s.b.a.ApplicationAvailabilityBean      : Application availability state ReadinessState changed to ACCEPTING_TRAFFIC
2026-04-13T20:51:20.167-04:00 DEBUG 66076 --- [productos] [           main] org.springframework.test.context.cache   : Spring test ApplicationContext cache statistics: [DefaultContextCache@322f6283 size = 1, maxSize = 32, parentContextCount = 0, hitCount = 0, missCount = 1, failureCount = 0]
2026-04-13T20:51:20.167-04:00 DEBUG 66076 --- [productos] [           main] o.s.t.c.w.ServletTestExecutionListener   : Setting up MockHttpServletRequest, MockHttpServletResponse, ServletWebRequest, and RequestContextHolder for test class fullstack_productos.productos.ProductosApplicationTests
2026-04-13T20:51:20.175-04:00 DEBUG 66076 --- [productos] [           main] DependencyInjectionTestExecutionListener : Performing dependency injection for test class fullstack_productos.productos.ProductosApplicationTests
2026-04-13T20:51:20.176-04:00 DEBUG 66076 --- [productos] [           main] org.springframework.test.context.cache   : Spring test ApplicationContext cache statistics: [DefaultContextCache@322f6283 size = 1, maxSize = 32, parentContextCount = 0, hitCount = 1, missCount = 1, failureCount = 0]
2026-04-13T20:51:20.176-04:00 DEBUG 66076 --- [productos] [           main] org.springframework.test.context.cache   : Spring test ApplicationContext cache statistics: [DefaultContextCache@322f6283 size = 1, maxSize = 32, parentContextCount = 0, hitCount = 2, missCount = 1, failureCount = 0]
2026-04-13T20:51:20.187-04:00 DEBUG 66076 --- [productos] [           main] sContextBeforeModesTestExecutionListener : Before test method: class [ProductosApplicationTests], method [contextLoads], class annotated with @DirtiesContext [false] with mode [null], method annotated with @DirtiesContext [false] with mode [null]
2026-04-13T20:51:20.188-04:00 DEBUG 66076 --- [productos] [           main] org.springframework.test.context.cache   : Spring test ApplicationContext cache statistics: [DefaultContextCache@322f6283 size = 1, maxSize = 32, parentContextCount = 0, hitCount = 3, missCount = 1, failureCount = 0]
2026-04-13T20:51:20.188-04:00 DEBUG 66076 --- [productos] [           main] org.springframework.test.context.cache   : Spring test ApplicationContext cache statistics: [DefaultContextCache@322f6283 size = 1, maxSize = 32, parentContextCount = 0, hitCount = 4, missCount = 1, failureCount = 0]
2026-04-13T20:51:20.500-04:00 DEBUG 66076 --- [productos] [           main] org.springframework.test.context.cache   : Spring test ApplicationContext cache statistics: [DefaultContextCache@322f6283 size = 1, maxSize = 32, parentContextCount = 0, hitCount = 5, missCount = 1, failureCount = 0]
2026-04-13T20:51:20.502-04:00 DEBUG 66076 --- [productos] [           main] org.springframework.test.context.cache   : Spring test ApplicationContext cache statistics: [DefaultContextCache@322f6283 size = 1, maxSize = 32, parentContextCount = 0, hitCount = 6, missCount = 1, failureCount = 0]
2026-04-13T20:51:20.506-04:00 DEBUG 66076 --- [productos] [           main] org.springframework.test.context.cache   : Spring test ApplicationContext cache statistics: [DefaultContextCache@322f6283 size = 1, maxSize = 32, parentContextCount = 0, hitCount = 7, missCount = 1, failureCount = 0]
2026-04-13T20:51:20.506-04:00 DEBUG 66076 --- [productos] [           main] org.springframework.test.context.cache   : Spring test ApplicationContext cache statistics: [DefaultContextCache@322f6283 size = 1, maxSize = 32, parentContextCount = 0, hitCount = 8, missCount = 1, failureCount = 0]
2026-04-13T20:51:20.507-04:00 DEBUG 66076 --- [productos] [           main] org.springframework.test.context.cache   : Spring test ApplicationContext cache statistics: [DefaultContextCache@322f6283 size = 1, maxSize = 32, parentContextCount = 0, hitCount = 9, missCount = 1, failureCount = 0]
2026-04-13T20:51:20.507-04:00 DEBUG 66076 --- [productos] [           main] org.springframework.test.context.cache   : Spring test ApplicationContext cache statistics: [DefaultContextCache@322f6283 size = 1, maxSize = 32, parentContextCount = 0, hitCount = 10, missCount = 1, failureCount = 0]
2026-04-13T20:51:20.507-04:00 DEBUG 66076 --- [productos] [           main] org.springframework.test.context.cache   : Spring test ApplicationContext cache statistics: [DefaultContextCache@322f6283 size = 1, maxSize = 32, parentContextCount = 0, hitCount = 11, missCount = 1, failureCount = 0]
2026-04-13T20:51:20.508-04:00 DEBUG 66076 --- [productos] [           main] org.springframework.test.context.cache   : Spring test ApplicationContext cache statistics: [DefaultContextCache@322f6283 size = 1, maxSize = 32, parentContextCount = 0, hitCount = 12, missCount = 1, failureCount = 0]
2026-04-13T20:51:20.509-04:00 DEBUG 66076 --- [productos] [           main] org.springframework.test.context.cache   : Spring test ApplicationContext cache statistics: [DefaultContextCache@322f6283 size = 1, maxSize = 32, parentContextCount = 0, hitCount = 13, missCount = 1, failureCount = 0]
2026-04-13T20:51:20.509-04:00 DEBUG 66076 --- [productos] [           main] .c.s.DirtiesContextTestExecutionListener : After test method: class [ProductosApplicationTests], method [contextLoads], class annotated with @DirtiesContext [false] with mode [null], method annotated with @DirtiesContext [false] with mode [null]
2026-04-13T20:51:20.510-04:00 DEBUG 66076 --- [productos] [           main] o.s.t.c.w.ServletTestExecutionListener   : Resetting RequestContextHolder for test class fullstack_productos.productos.ProductosApplicationTests
]]></system-out>
  </testcase>
</testsuite>