<?xml version="1.0" encoding="UTF-8"?>
<testsuite xmlns:xsi="http://www.w3.org/2001/XMLSchema-instance" xsi:noNamespaceSchemaLocation="https://maven.apache.org/surefire/maven-surefire-plugin/xsd/surefire-test-report.xsd" version="3.0.2" name="fullstack_productos.productos.ProductosApplicationTests" time="8.626" tests="1" errors="0" skipped="0" failures="0" flakes="0">
  <properties>
[...]
</properties>
  <testcase name="contextLoads" classname="fullstack_productos.productos.ProductosApplicationTests" time="0.471">
    <system-out><![CDATA[22:43:41.659 [main] INFO org.springframework.test.context.support.AnnotationConfigContextLoaderUtils -- Could not detect default configuration classes for test class [fullstack_productos.productos.ProductosApplicationTests]: ProductosApplicationTests does not declare any static, non-private, non-final, nested classes annotated with @Configuration.
22:43:41.823 [main] INFO org.springframework.boot.test.context.SpringBootTestContextBootstrapper -- Found @SpringBootConfiguration fullstack_productos.productos.ProductosApplication for test class fullstack_productos.productos.ProductosApplicationTests

  .   ____          _            __ _ _
 /\\ / ___'_ __ _ _(_)_ __  __ _ \ \ \ \
( ( )\___ | '_ | '_| | '_ \/ _` | \ \ \ \
 \\/  ___)| |_)| | | | | || (_| |  ) ) ) )
  '  |____| .__|_| |_|_| |_\__, | / / / /
 =========|_|==============|___/=/_/_/_/

 :: Spring Boot ::               (v3.5.12)

2026-05-10T22:43:42.458-04:00 DEBUG 90877 --- [productos] [kground-preinit] o.h.v.i.xml.config.ValidationXmlParser   : Trying to load META-INF/validation.xml for XML based Validator configuration.
2026-05-10T22:43:42.462-04:00 DEBUG 90877 --- [productos] [kground-preinit] o.h.v.i.xml.config.ResourceLoaderHelper  : Trying to load META-INF/validation.xml via TCCL
2026-05-10T22:43:42.463-04:00 DEBUG 90877 --- [productos] [kground-preinit] o.h.v.i.xml.config.ResourceLoaderHelper  : Trying to load META-INF/validation.xml via Hibernate Validator's class loader
2026-05-10T22:43:42.463-04:00 DEBUG 90877 --- [productos] [kground-preinit] o.h.v.i.xml.config.ValidationXmlParser   : No META-INF/validation.xml found. Using annotation based configuration only.
2026-05-10T22:43:42.498-04:00 DEBUG 90877 --- [productos] [kground-preinit] o.h.v.i.e.resolver.TraversableResolvers  : Found jakarta.persistence.Persistence on classpath containing 'getPersistenceUtil'. Assuming JPA 2 environment. Trying to instantiate JPA aware TraversableResolver
2026-05-10T22:43:42.499-04:00 DEBUG 90877 --- [productos] [kground-preinit] o.h.v.i.e.resolver.TraversableResolvers  : Instantiated JPA aware TraversableResolver of type org.hibernate.validator.internal.engine.resolver.JPATraversableResolver.
2026-05-10T22:43:42.526-04:00  INFO 90877 --- [productos] [           main] f.productos.ProductosApplicationTests    : Starting ProductosApplicationTests using Java 21.0.11 with PID 90877 (started by krhisnaoyanedelyanez in /Users/krhisnaoyanedelyanez/Desktop/Inge Desarrollo de Software/BIMESTRE VI/DESARROLLO FULLSTACK/EFT/FULLSTACK3-PRODUCTOS)
2026-05-10T22:43:42.528-04:00  INFO 90877 --- [productos] [           main] f.productos.ProductosApplicationTests    : No active profile set, falling back to 1 default profile: "default"
2026-05-10T22:43:42.528-04:00 DEBUG 90877 --- [productos] [           main] o.s.boot.SpringApplication               : Loading source class fullstack_productos.productos.ProductosApplication
2026-05-10T22:43:42.534-04:00 DEBUG 90877 --- [productos] [kground-preinit] .h.v.m.ResourceBundleMessageInterpolator : Loaded expression factory via original TCCL
2026-05-10T22:43:42.566-04:00 DEBUG 90877 --- [productos] [           main] o.s.w.c.s.GenericWebApplicationContext   : Refreshing org.springframework.web.context.support.GenericWebApplicationContext@22d6cac2
2026-05-10T22:43:42.594-04:00 DEBUG 90877 --- [productos] [           main] o.s.b.f.s.DefaultListableBeanFactory     : Creating shared instance of singleton bean 'org.springframework.context.annotation.internalConfigurationAnnotationProcessor'
2026-05-10T22:43:42.613-04:00 DEBUG 90877 --- [productos] [           main] o.s.b.f.s.DefaultListableBeanFactory     : Creating shared instance of singleton bean 'org.springframework.boot.autoconfigure.internalCachingMetadataReaderFactory'
2026-05-10T22:43:42.647-04:00 DEBUG 90877 --- [productos] [kground-preinit] .i.e.ValidatorFactoryConfigurationHelper : HV000252: Using org.hibernate.validator.internal.engine.DefaultPropertyNodeNameProvider as property node name provider.
2026-05-10T22:43:42.653-04:00 DEBUG 90877 --- [productos] [kground-preinit] .i.e.ValidatorFactoryConfigurationHelper : HV000234: Using org.hibernate.validator.messageinterpolation.ResourceBundleMessageInterpolator as ValidatorFactory-scoped message interpolator.
2026-05-10T22:43:42.654-04:00 DEBUG 90877 --- [productos] [kground-preinit] .i.e.ValidatorFactoryConfigurationHelper : HV000234: Using org.hibernate.validator.internal.engine.resolver.JPATraversableResolver as ValidatorFactory-scoped traversable resolver.
2026-05-10T22:43:42.654-04:00 DEBUG 90877 --- [productos] [kground-preinit] .i.e.ValidatorFactoryConfigurationHelper : HV000234: Using org.hibernate.validator.internal.util.ExecutableParameterNameProvider as ValidatorFactory-scoped parameter name provider.
2026-05-10T22:43:42.654-04:00 DEBUG 90877 --- [productos] [kground-preinit] .i.e.ValidatorFactoryConfigurationHelper : HV000234: Using org.hibernate.validator.internal.engine.DefaultClockProvider as ValidatorFactory-scoped clock provider.
2026-05-10T22:43:42.655-04:00 DEBUG 90877 --- [productos] [kground-preinit] .i.e.ValidatorFactoryConfigurationHelper : HV000234: Using org.hibernate.validator.internal.engine.scripting.DefaultScriptEvaluatorFactory as ValidatorFactory-scoped script evaluator factory.
2026-05-10T22:43:42.686-04:00 DEBUG 90877 --- [productos] [           main] o.s.c.a.ClassPathBeanDefinitionScanner   : Identified candidate component class: file [/Users/krhisnaoyanedelyanez/Desktop/Inge Desarrollo de Software/BIMESTRE VI/DESARROLLO FULLSTACK/EFT/FULLSTACK3-PRODUCTOS/target/classes/fullstack_productos/productos/controller/ProductoController.class]
2026-05-10T22:43:42.693-04:00 DEBUG 90877 --- [productos] [           main] o.s.c.a.ClassPathBeanDefinitionScanner   : Identified candidate component class: file [/Users/krhisnaoyanedelyanez/Desktop/Inge Desarrollo de Software/BIMESTRE VI/DESARROLLO FULLSTACK/EFT/FULLSTACK3-PRODUCTOS/target/classes/fullstack_productos/productos/exception/GlobalExceptionHandler.class]
2026-05-10T22:43:42.704-04:00 DEBUG 90877 --- [productos] [           main] o.s.c.a.ClassPathBeanDefinitionScanner   : Ignored because not a concrete top-level class: file [/Users/krhisnaoyanedelyanez/Desktop/Inge Desarrollo de Software/BIMESTRE VI/DESARROLLO FULLSTACK/EFT/FULLSTACK3-PRODUCTOS/target/classes/fullstack_productos/productos/repository/ProductoRepository.class]
2026-05-10T22:43:42.706-04:00 DEBUG 90877 --- [productos] [           main] o.s.c.a.ClassPathBeanDefinitionScanner   : Identified candidate component class: file [/Users/krhisnaoyanedelyanez/Desktop/Inge Desarrollo de Software/BIMESTRE VI/DESARROLLO FULLSTACK/EFT/FULLSTACK3-PRODUCTOS/target/classes/fullstack_productos/productos/service/ProductoServiceImpl.class]
2026-05-10T22:43:44.014-04:00  INFO 90877 --- [productos] [           main] .s.d.r.c.RepositoryConfigurationDelegate : Bootstrapping Spring Data JPA repositories in DEFAULT mode.
2026-05-10T22:43:44.032-04:00 DEBUG 90877 --- [productos] [           main] o.s.b.f.s.DefaultListableBeanFactory     : Creating shared instance of singleton bean 'org.springframework.boot.autoconfigure.AutoConfigurationPackages'
2026-05-10T22:43:44.047-04:00 DEBUG 90877 --- [productos] [           main] o.s.b.a.AutoConfigurationPackages        : @EnableAutoConfiguration was declared on a class in the package 'fullstack_productos.productos'. Automatic @Repository and @Entity scanning is enabled.
2026-05-10T22:43:44.049-04:00 DEBUG 90877 --- [productos] [           main] .s.d.r.c.RepositoryConfigurationDelegate : Scanning for JPA repositories in packages fullstack_productos.productos.
2026-05-10T22:43:44.069-04:00 DEBUG 90877 --- [productos] [           main] o.s.d.r.c.RepositoryComponentProvider    : Identified candidate component class: file [/Users/krhisnaoyanedelyanez/Desktop/Inge Desarrollo de Software/BIMESTRE VI/DESARROLLO FULLSTACK/EFT/FULLSTACK3-PRODUCTOS/target/classes/fullstack_productos/productos/repository/ProductoRepository.class]
2026-05-10T22:43:44.098-04:00 DEBUG 90877 --- [productos] [           main] ssPathScanningCandidateComponentProvider : Identified candidate component class: file [/Users/krhisnaoyanedelyanez/Desktop/Inge Desarrollo de Software/BIMESTRE VI/DESARROLLO FULLSTACK/EFT/FULLSTACK3-PRODUCTOS/target/classes/fullstack_productos/productos/service/ProductoServiceImpl.class]
2026-05-10T22:43:44.112-04:00  INFO 90877 --- [productos] [           main] .s.d.r.c.RepositoryConfigurationDelegate : Finished Spring Data repository scanning in 60 ms. Found 1 JPA repository interface.
2026-05-10T22:43:44.216-04:00 DEBUG 90877 --- [productos] [           main] o.s.b.f.s.DefaultListableBeanFactory     : Creating shared instance of singleton bean 'propertySourcesPlaceholderConfigurer'
2026-05-10T22:43:44.225-04:00 DEBUG 90877 --- [productos] [           main] o.s.b.f.s.DefaultListableBeanFactory     : Creating shared instance of singleton bean 'org.springframework.boot.test.mock.mockito.MockitoPostProcessor'
2026-05-10T22:43:44.228-04:00 DEBUG 90877 --- [productos] [           main] o.s.b.f.s.DefaultListableBeanFactory     : Creating shared instance of singleton bean 'emBeanDefinitionRegistrarPostProcessor'
2026-05-10T22:43:44.230-04:00 DEBUG 90877 --- [productos] [           main] o.s.b.f.s.DefaultListableBeanFactory     : Creating shared instance of singleton bean 'org.springframework.boot.sql.init.dependency.DatabaseInitializationDependencyConfigurer$DependsOnDatabaseInitializationPostProcessor'
2026-05-10T22:43:44.308-04:00 DEBUG 90877 --- [productos] [           main] o.s.b.f.s.DefaultListableBeanFactory     : Creating shared instance of singleton bean 'org.springframework.context.event.internalEventListenerProcessor'
2026-05-10T22:43:44.310-04:00 DEBUG 90877 --- [productos] [           main] o.s.b.f.s.DefaultListableBeanFactory     : Creating shared instance of singleton bean 'bootstrapExecutorAliasPostProcessor'
2026-05-10T22:43:44.311-04:00 DEBUG 90877 --- [productos] [           main] o.s.b.f.s.DefaultListableBeanFactory     : Creating shared instance of singleton bean 'preserveErrorControllerTargetClassPostProcessor'
2026-05-10T22:43:44.312-04:00 DEBUG 90877 --- [productos] [           main] o.s.b.f.s.DefaultListableBeanFactory     : Creating shared instance of singleton bean 'org.springframework.context.event.internalEventListenerFactory'
2026-05-10T22:43:44.313-04:00 DEBUG 90877 --- [productos] [           main] o.s.b.f.s.DefaultListableBeanFactory     : Creating shared instance of singleton bean 'org.springframework.transaction.config.internalTransactionalEventListenerFactory'
2026-05-10T22:43:44.321-04:00 DEBUG 90877 --- [productos] [           main] o.s.b.f.s.DefaultListableBeanFactory     : Creating shared instance of singleton bean 'org.springframework.boot.test.mock.mockito.MockitoPostProcessor$SpyPostProcessor'
2026-05-10T22:43:44.325-04:00 DEBUG 90877 --- [productos] [           main] o.s.b.f.s.DefaultListableBeanFactory     : Creating shared instance of singleton bean 'org.springframework.context.annotation.internalAutowiredAnnotationProcessor'
2026-05-10T22:43:44.328-04:00 DEBUG 90877 --- [productos] [           main] o.s.b.f.s.DefaultListableBeanFactory     : Creating shared instance of singleton bean 'org.springframework.context.annotation.internalCommonAnnotationProcessor'
2026-05-10T22:43:44.332-04:00 DEBUG 90877 --- [productos] [           main] o.s.b.f.s.DefaultListableBeanFactory     : Creating shared instance of singleton bean 'org.springframework.context.annotation.internalPersistenceAnnotationProcessor'
2026-05-10T22:43:44.333-04:00 DEBUG 90877 --- [productos] [           main] o.s.b.f.s.DefaultListableBeanFactory     : Creating shared instance of singleton bean 'org.springframework.boot.context.properties.ConfigurationPropertiesBindingPostProcessor'
2026-05-10T22:43:44.334-04:00 DEBUG 90877 --- [productos] [           main] o.s.b.f.s.DefaultListableBeanFactory     : Creating shared instance of singleton bean 'org.springframework.boot.context.internalConfigurationPropertiesBinder'
2026-05-10T22:43:44.338-04:00 DEBUG 90877 --- [productos] [           main] o.s.b.f.s.DefaultListableBeanFactory     : Creating shared instance of singleton bean 'jdbcConnectionDetailsHikariBeanPostProcessor'
2026-05-10T22:43:44.342-04:00 DEBUG 90877 --- [productos] [           main] o.s.b.f.s.DefaultListableBeanFactory     : Creating shared instance of singleton bean 'methodValidationPostProcessor'
2026-05-10T22:43:44.344-04:00 DEBUG 90877 --- [productos] [           main] o.s.b.f.s.DefaultListableBeanFactory     : Autowiring by type from bean name 'methodValidationPostProcessor' via factory method to bean named 'environment'
2026-05-10T22:43:44.358-04:00 DEBUG 90877 --- [productos] [           main] o.s.b.f.s.DefaultListableBeanFactory     : Creating shared instance of singleton bean 'org.springframework.boot.context.properties.EnableConfigurationPropertiesRegistrar.methodValidationExcludeFilter'
2026-05-10T22:43:44.377-04:00 DEBUG 90877 --- [productos] [           main] o.s.b.f.s.DefaultListableBeanFactory     : Creating shared instance of singleton bean 'org.springframework.aop.config.internalAutoProxyCreator'
2026-05-10T22:43:44.395-04:00 DEBUG 90877 --- [productos] [           main] o.s.b.f.s.DefaultListableBeanFactory     : Creating shared instance of singleton bean 'persistenceExceptionTranslationPostProcessor'
2026-05-10T22:43:44.396-04:00 DEBUG 90877 --- [productos] [           main] o.s.b.f.s.DefaultListableBeanFactory     : Autowiring by type from bean name 'persistenceExceptionTranslationPostProcessor' via factory method to bean named 'environment'
2026-05-10T22:43:44.398-04:00 DEBUG 90877 --- [productos] [           main] o.s.b.f.s.DefaultListableBeanFactory     : Creating shared instance of singleton bean 'webServerFactoryCustomizerBeanPostProcessor'
2026-05-10T22:43:44.399-04:00 DEBUG 90877 --- [productos] [           main] o.s.b.f.s.DefaultListableBeanFactory     : Creating shared instance of singleton bean 'errorPageRegistrarBeanPostProcessor'
2026-05-10T22:43:44.399-04:00 DEBUG 90877 --- [productos] [           main] o.s.b.f.s.DefaultListableBeanFactory     : Creating shared instance of singleton bean 'healthEndpointGroupsBeanPostProcessor'
2026-05-10T22:43:44.404-04:00 DEBUG 90877 --- [productos] [           main] o.s.b.f.s.DefaultListableBeanFactory     : Creating shared instance of singleton bean 'org.springframework.transaction.config.internalTransactionAdvisor'
2026-05-10T22:43:44.405-04:00 DEBUG 90877 --- [productos] [           main] o.s.b.f.s.DefaultListableBeanFactory     : Creating shared instance of singleton bean 'org.springframework.transaction.annotation.ProxyTransactionManagementConfiguration'
2026-05-10T22:43:44.431-04:00 DEBUG 90877 --- [productos] [           main] o.s.b.f.s.DefaultListableBeanFactory     : Creating shared instance of singleton bean 'transactionAttributeSource'
2026-05-10T22:43:44.434-04:00 DEBUG 90877 --- [productos] [           main] o.s.b.f.s.DefaultListableBeanFactory     : Creating shared instance of singleton bean 'transactionInterceptor'
2026-05-10T22:43:44.435-04:00 DEBUG 90877 --- [productos] [           main] o.s.b.f.s.DefaultListableBeanFactory     : Autowiring by type from bean name 'transactionInterceptor' via factory method to bean named 'transactionAttributeSource'
2026-05-10T22:43:44.441-04:00 DEBUG 90877 --- [productos] [           main] o.s.b.f.s.DefaultListableBeanFactory     : Autowiring by type from bean name 'org.springframework.transaction.config.internalTransactionAdvisor' via factory method to bean named 'transactionAttributeSource'
2026-05-10T22:43:44.442-04:00 DEBUG 90877 --- [productos] [           main] o.s.b.f.s.DefaultListableBeanFactory     : Autowiring by type from bean name 'org.springframework.transaction.config.internalTransactionAdvisor' via factory method to bean named 'transactionInterceptor'
2026-05-10T22:43:44.446-04:00 DEBUG 90877 --- [productos] [           main] o.s.b.f.s.DefaultListableBeanFactory     : Creating shared instance of singleton bean 'meterRegistryPostProcessor'
2026-05-10T22:43:44.448-04:00 DEBUG 90877 --- [productos] [           main] o.s.b.f.s.DefaultListableBeanFactory     : Autowiring by type from bean name 'meterRegistryPostProcessor' via factory method to bean named 'org.springframework.web.context.support.GenericWebApplicationContext@22d6cac2'
2026-05-10T22:43:44.453-04:00 DEBUG 90877 --- [productos] [           main] o.s.b.f.s.DefaultListableBeanFactory     : Creating shared instance of singleton bean 'metricsRepositoryMethodInvocationListenerBeanPostProcessor'
2026-05-10T22:43:44.455-04:00 DEBUG 90877 --- [productos] [           main] o.s.b.f.s.DefaultListableBeanFactory     : Creating shared instance of singleton bean 'observationRegistryPostProcessor'
2026-05-10T22:43:44.457-04:00 DEBUG 90877 --- [productos] [           main] o.s.b.f.s.DefaultListableBeanFactory     : Creating shared instance of singleton bean 'projectingArgumentResolverBeanPostProcessor'
2026-05-10T22:43:44.477-04:00 DEBUG 90877 --- [productos] [           main] o.s.u.c.s.UiApplicationContextUtils      : Unable to locate ThemeSource with name 'themeSource': using default [org.springframework.ui.context.support.ResourceBundleThemeSource@6f1c3f18]
2026-05-10T22:43:44.478-04:00 DEBUG 90877 --- [productos] [           main] o.s.b.f.s.DefaultListableBeanFactory     : Creating shared instance of singleton bean 'applicationTaskExecutor'
2026-05-10T22:43:44.478-04:00 DEBUG 90877 --- [productos] [           main] o.s.b.f.s.DefaultListableBeanFactory     : Creating shared instance of singleton bean 'org.springframework.boot.autoconfigure.task.TaskExecutorConfigurations$TaskExecutorConfiguration'
2026-05-10T22:43:44.480-04:00 DEBUG 90877 --- [productos] [           main] o.s.b.f.s.DefaultListableBeanFactory     : Creating shared instance of singleton bean 'threadPoolTaskExecutorBuilder'
2026-05-10T22:43:44.480-04:00 DEBUG 90877 --- [productos] [           main] o.s.b.f.s.DefaultListableBeanFactory     : Creating shared instance of singleton bean 'org.springframework.boot.autoconfigure.task.TaskExecutorConfigurations$ThreadPoolTaskExecutorBuilderConfiguration'
2026-05-10T22:43:44.482-04:00 DEBUG 90877 --- [productos] [           main] o.s.b.f.s.DefaultListableBeanFactory     : Creating shared instance of singleton bean 'spring.task.execution-org.springframework.boot.autoconfigure.task.TaskExecutionProperties'
2026-05-10T22:43:44.483-04:00 DEBUG 90877 --- [productos] [           main] o.s.b.f.s.DefaultListableBeanFactory     : Creating shared instance of singleton bean 'org.springframework.boot.context.properties.BoundConfigurationProperties'
2026-05-10T22:43:44.496-04:00 DEBUG 90877 --- [productos] [           main] o.s.b.f.s.DefaultListableBeanFactory     : Autowiring by type from bean name 'threadPoolTaskExecutorBuilder' via factory method to bean named 'spring.task.execution-org.springframework.boot.autoconfigure.task.TaskExecutionProperties'
2026-05-10T22:43:44.502-04:00 DEBUG 90877 --- [productos] [           main] o.s.b.f.s.DefaultListableBeanFactory     : Autowiring by type from bean name 'applicationTaskExecutor' via factory method to bean named 'threadPoolTaskExecutorBuilder'
2026-05-10T22:43:44.530-04:00 DEBUG 90877 --- [productos] [           main] o.s.s.concurrent.ThreadPoolTaskExecutor  : Initializing ExecutorService 'applicationTaskExecutor'
2026-05-10T22:43:44.539-04:00 DEBUG 90877 --- [productos] [           main] o.s.b.f.s.DefaultListableBeanFactory     : Creating shared instance of singleton bean 'org.springframework.test.context.support.internalDynamicPropertyRegistrarBeanInitializer'
2026-05-10T22:43:44.543-04:00 DEBUG 90877 --- [productos] [           main] o.s.b.f.s.DefaultListableBeanFactory     : Creating shared instance of singleton bean 'dataSourceScriptDatabaseInitializer'
2026-05-10T22:43:44.544-04:00 DEBUG 90877 --- [productos] [           main] o.s.b.f.s.DefaultListableBeanFactory     : Creating shared instance of singleton bean 'org.springframework.boot.autoconfigure.sql.init.DataSourceInitializationConfiguration'
2026-05-10T22:43:44.546-04:00 DEBUG 90877 --- [productos] [           main] o.s.b.f.s.DefaultListableBeanFactory     : Creating shared instance of singleton bean 'dataSource'
2026-05-10T22:43:44.546-04:00 DEBUG 90877 --- [productos] [           main] o.s.b.f.s.DefaultListableBeanFactory     : Creating shared instance of singleton bean 'org.springframework.boot.autoconfigure.jdbc.DataSourceConfiguration$Hikari'
2026-05-10T22:43:44.548-04:00 DEBUG 90877 --- [productos] [           main] o.s.b.f.s.DefaultListableBeanFactory     : Creating shared instance of singleton bean 'spring.datasource-org.springframework.boot.autoconfigure.jdbc.DataSourceProperties'
2026-05-10T22:43:44.574-04:00 DEBUG 90877 --- [productos] [           main] o.s.b.f.s.DefaultListableBeanFactory     : Creating shared instance of singleton bean 'jdbcConnectionDetails'
2026-05-10T22:43:44.575-04:00 DEBUG 90877 --- [productos] [           main] o.s.b.f.s.DefaultListableBeanFactory     : Creating shared instance of singleton bean 'org.springframework.boot.autoconfigure.jdbc.DataSourceAutoConfiguration$PooledDataSourceConfiguration'
2026-05-10T22:43:44.578-04:00 DEBUG 90877 --- [productos] [           main] o.s.b.f.s.DefaultListableBeanFactory     : Autowiring by type from bean name 'jdbcConnectionDetails' via factory method to bean named 'spring.datasource-org.springframework.boot.autoconfigure.jdbc.DataSourceProperties'
2026-05-10T22:43:44.581-04:00 DEBUG 90877 --- [productos] [           main] o.s.b.f.s.DefaultListableBeanFactory     : Autowiring by type from bean name 'dataSource' via factory method to bean named 'spring.datasource-org.springframework.boot.autoconfigure.jdbc.DataSourceProperties'
2026-05-10T22:43:44.581-04:00 DEBUG 90877 --- [productos] [           main] o.s.b.f.s.DefaultListableBeanFactory     : Autowiring by type from bean name 'dataSource' via factory method to bean named 'jdbcConnectionDetails'
2026-05-10T22:43:44.581-04:00 DEBUG 90877 --- [productos] [           main] o.s.b.f.s.DefaultListableBeanFactory     : Autowiring by type from bean name 'dataSource' via factory method to bean named 'environment'
2026-05-10T22:43:44.881-04:00 DEBUG 90877 --- [productos] [           main] o.s.b.f.s.DefaultListableBeanFactory     : Creating shared instance of singleton bean 'spring.sql.init-org.springframework.boot.autoconfigure.sql.init.SqlInitializationProperties'
2026-05-10T22:43:44.885-04:00 DEBUG 90877 --- [productos] [           main] o.s.b.f.s.DefaultListableBeanFactory     : Autowiring by type from bean name 'dataSourceScriptDatabaseInitializer' via factory method to bean named 'dataSource'
2026-05-10T22:43:44.886-04:00 DEBUG 90877 --- [productos] [           main] o.s.b.f.s.DefaultListableBeanFactory     : Autowiring by type from bean name 'dataSourceScriptDatabaseInitializer' via factory method to bean named 'spring.sql.init-org.springframework.boot.autoconfigure.sql.init.SqlInitializationProperties'
2026-05-10T22:43:44.892-04:00 DEBUG 90877 --- [productos] [           main] o.s.b.f.s.DefaultListableBeanFactory     : Creating shared instance of singleton bean 'entityManagerFactory'
2026-05-10T22:43:44.893-04:00 DEBUG 90877 --- [productos] [           main] o.s.b.f.s.DefaultListableBeanFactory     : Creating shared instance of singleton bean 'org.springframework.boot.autoconfigure.orm.jpa.HibernateJpaConfiguration'
2026-05-10T22:43:44.895-04:00 DEBUG 90877 --- [productos] [           main] o.s.b.f.s.DefaultListableBeanFactory     : Creating shared instance of singleton bean 'spring.jpa-org.springframework.boot.autoconfigure.orm.jpa.JpaProperties'
2026-05-10T22:43:44.899-04:00 DEBUG 90877 --- [productos] [           main] o.s.b.f.s.DefaultListableBeanFactory     : Creating shared instance of singleton bean 'spring.jpa.hibernate-org.springframework.boot.autoconfigure.orm.jpa.HibernateProperties'
2026-05-10T22:43:44.901-04:00 DEBUG 90877 --- [productos] [           main] o.s.b.f.s.DefaultListableBeanFactory     : Autowiring by type from bean name 'org.springframework.boot.autoconfigure.orm.jpa.HibernateJpaConfiguration' via constructor to bean named 'dataSource'
2026-05-10T22:43:44.901-04:00 DEBUG 90877 --- [productos] [           main] o.s.b.f.s.DefaultListableBeanFactory     : Autowiring by type from bean name 'org.springframework.boot.autoconfigure.orm.jpa.HibernateJpaConfiguration' via constructor to bean named 'spring.jpa-org.springframework.boot.autoconfigure.orm.jpa.JpaProperties'
2026-05-10T22:43:44.901-04:00 DEBUG 90877 --- [productos] [           main] o.s.b.f.s.DefaultListableBeanFactory     : Autowiring by type from bean name 'org.springframework.boot.autoconfigure.orm.jpa.HibernateJpaConfiguration' via constructor to bean named 'org.springframework.beans.factory.support.DefaultListableBeanFactory@1440c311'
2026-05-10T22:43:44.901-04:00 DEBUG 90877 --- [productos] [           main] o.s.b.f.s.DefaultListableBeanFactory     : Autowiring by type from bean name 'org.springframework.boot.autoconfigure.orm.jpa.HibernateJpaConfiguration' via constructor to bean named 'spring.jpa.hibernate-org.springframework.boot.autoconfigure.orm.jpa.HibernateProperties'
2026-05-10T22:43:44.905-04:00 DEBUG 90877 --- [productos] [           main] o.s.b.f.s.DefaultListableBeanFactory     : Creating shared instance of singleton bean 'oracleUcpPoolDataSourceMetadataProvider'
2026-05-10T22:43:44.906-04:00 DEBUG 90877 --- [productos] [           main] o.s.b.f.s.DefaultListableBeanFactory     : Creating shared instance of singleton bean 'org.springframework.boot.autoconfigure.jdbc.metadata.DataSourcePoolMetadataProvidersConfiguration$OracleUcpPoolDataSourceMetadataProviderConfiguration'
2026-05-10T22:43:44.907-04:00 DEBUG 90877 --- [productos] [           main] o.s.b.f.s.DefaultListableBeanFactory     : Creating shared instance of singleton bean 'hikariPoolDataSourceMetadataProvider'
2026-05-10T22:43:44.907-04:00 DEBUG 90877 --- [productos] [           main] o.s.b.f.s.DefaultListableBeanFactory     : Creating shared instance of singleton bean 'org.springframework.boot.autoconfigure.jdbc.metadata.DataSourcePoolMetadataProvidersConfiguration$HikariPoolDataSourceMetadataProviderConfiguration'
2026-05-10T22:43:44.912-04:00 DEBUG 90877 --- [productos] [           main] o.s.b.f.s.DefaultListableBeanFactory     : Creating shared instance of singleton bean 'entityManagerFactoryBuilder'
2026-05-10T22:43:44.913-04:00 DEBUG 90877 --- [productos] [           main] o.s.b.f.s.DefaultListableBeanFactory     : Creating shared instance of singleton bean 'jpaVendorAdapter'
2026-05-10T22:43:44.924-04:00 DEBUG 90877 --- [productos] [           main] o.s.b.f.s.DefaultListableBeanFactory     : Autowiring by type from bean name 'entityManagerFactoryBuilder' via factory method to bean named 'jpaVendorAdapter'
2026-05-10T22:43:44.928-04:00 DEBUG 90877 --- [productos] [           main] o.s.b.f.s.DefaultListableBeanFactory     : Creating shared instance of singleton bean 'persistenceManagedTypes'
2026-05-10T22:43:44.930-04:00 DEBUG 90877 --- [productos] [           main] o.s.b.f.s.DefaultListableBeanFactory     : Autowiring by type from bean name 'persistenceManagedTypes' via factory method to bean named 'org.springframework.beans.factory.support.DefaultListableBeanFactory@1440c311'
2026-05-10T22:43:44.930-04:00 DEBUG 90877 --- [productos] [           main] o.s.b.f.s.DefaultListableBeanFactory     : Autowiring by type from bean name 'persistenceManagedTypes' via factory method to bean named 'org.springframework.web.context.support.GenericWebApplicationContext@22d6cac2'
2026-05-10T22:43:44.941-04:00 DEBUG 90877 --- [productos] [           main] o.s.b.f.s.DefaultListableBeanFactory     : Autowiring by type from bean name 'entityManagerFactory' via factory method to bean named 'entityManagerFactoryBuilder'
2026-05-10T22:43:44.942-04:00 DEBUG 90877 --- [productos] [           main] o.s.b.f.s.DefaultListableBeanFactory     : Autowiring by type from bean name 'entityManagerFactory' via factory method to bean named 'persistenceManagedTypes'
2026-05-10T22:43:44.956-04:00 DEBUG 90877 --- [productos] [           main] j.LocalContainerEntityManagerFactoryBean : Building JPA container EntityManagerFactory for persistence unit 'default'
2026-05-10T22:43:44.977-04:00 DEBUG 90877 --- [productos] [           main] o.hibernate.jpa.internal.util.LogHelper  : PersistenceUnitInfo [
	name: default
	persistence provider classname: null
	classloader: jdk.internal.loader.ClassLoaders$AppClassLoader@2c854dc5
	excludeUnlistedClasses: true
	JTA datasource: null
	Non JTA datasource: HikariDataSource (null)
	Transaction type: RESOURCE_LOCAL
	PU root URL: file:/Users/krhisnaoyanedelyanez/Desktop/Inge%20Desarrollo%20de%20Software/BIMESTRE%20VI/DESARROLLO%20FULLSTACK/EFT/FULLSTACK3-PRODUCTOS/target/test-classes/
	Shared Cache Mode: UNSPECIFIED
	Validation Mode: AUTO
	Jar files URLs []
	Managed classes names [
		fullstack_productos.productos.model.Producto]
	Mapping files names []
	Properties []
2026-05-10T22:43:44.983-04:00 DEBUG 90877 --- [productos] [           main] o.h.i.internal.IntegratorServiceImpl     : Adding Integrator [org.hibernate.boot.beanvalidation.BeanValidationIntegrator].
2026-05-10T22:43:44.984-04:00 DEBUG 90877 --- [productos] [           main] o.h.i.internal.IntegratorServiceImpl     : Adding Integrator [org.hibernate.cache.internal.CollectionCacheInvalidator].
2026-05-10T22:43:45.034-04:00  INFO 90877 --- [productos] [           main] org.hibernate.Version                    : HHH000412: Hibernate ORM core version 6.6.44.Final
2026-05-10T22:43:45.037-04:00 DEBUG 90877 --- [productos] [           main] org.hibernate.cfg.Environment            : HHH000206: 'hibernate.properties' not found
2026-05-10T22:43:45.059-04:00 DEBUG 90877 --- [productos] [           main] org.hibernate.orm.idgen.factory          : Registering IdentifierGenerator strategy [uuid2] -> [org.hibernate.id.UUIDGenerator]
2026-05-10T22:43:45.059-04:00 DEBUG 90877 --- [productos] [           main] org.hibernate.orm.idgen.factory          : Registering IdentifierGenerator strategy [guid] -> [org.hibernate.id.GUIDGenerator]
2026-05-10T22:43:45.059-04:00 DEBUG 90877 --- [productos] [           main] org.hibernate.orm.idgen.factory          : Registering IdentifierGenerator strategy [uuid] -> [org.hibernate.id.UUIDHexGenerator]
2026-05-10T22:43:45.060-04:00 DEBUG 90877 --- [productos] [           main] org.hibernate.orm.idgen.factory          : Registering IdentifierGenerator strategy [uuid.hex] -> [org.hibernate.id.UUIDHexGenerator]
2026-05-10T22:43:45.060-04:00 DEBUG 90877 --- [productos] [           main] org.hibernate.orm.idgen.factory          : Registering IdentifierGenerator strategy [assigned] -> [org.hibernate.id.Assigned]
2026-05-10T22:43:45.060-04:00 DEBUG 90877 --- [productos] [           main] org.hibernate.orm.idgen.factory          : Registering IdentifierGenerator strategy [identity] -> [org.hibernate.id.IdentityGenerator]
2026-05-10T22:43:45.061-04:00 DEBUG 90877 --- [productos] [           main] org.hibernate.orm.idgen.factory          : Registering IdentifierGenerator strategy [select] -> [org.hibernate.id.SelectGenerator]
2026-05-10T22:43:45.062-04:00 DEBUG 90877 --- [productos] [           main] org.hibernate.orm.idgen.factory          : Registering IdentifierGenerator strategy [sequence] -> [org.hibernate.id.enhanced.SequenceStyleGenerator]
2026-05-10T22:43:45.063-04:00 DEBUG 90877 --- [productos] [           main] org.hibernate.orm.idgen.factory          : Registering IdentifierGenerator strategy [increment] -> [org.hibernate.id.IncrementGenerator]
2026-05-10T22:43:45.063-04:00 DEBUG 90877 --- [productos] [           main] org.hibernate.orm.idgen.factory          : Registering IdentifierGenerator strategy [foreign] -> [org.hibernate.id.ForeignGenerator]
2026-05-10T22:43:45.063-04:00 DEBUG 90877 --- [productos] [           main] org.hibernate.orm.idgen.factory          : Registering IdentifierGenerator strategy [enhanced-sequence] -> [org.hibernate.id.enhanced.SequenceStyleGenerator]
2026-05-10T22:43:45.064-04:00 DEBUG 90877 --- [productos] [           main] org.hibernate.orm.idgen.factory          : Registering IdentifierGenerator strategy [enhanced-table] -> [org.hibernate.id.enhanced.TableGenerator]
2026-05-10T22:43:45.070-04:00 DEBUG 90877 --- [productos] [           main] o.h.c.internal.RegionFactoryInitiator    : Cannot default RegionFactory based on registered strategies as `[]` RegionFactory strategies were registered
2026-05-10T22:43:45.070-04:00  INFO 90877 --- [productos] [           main] o.h.c.internal.RegionFactoryInitiator    : HHH000026: Second-level cache disabled
2026-05-10T22:43:45.147-04:00 DEBUG 90877 --- [productos] [           main] org.hibernate.type.BasicTypeRegistry     : Adding type registration boolean -> org.hibernate.type.BasicTypeReference@3f3c8b60
2026-05-10T22:43:45.147-04:00 DEBUG 90877 --- [productos] [           main] org.hibernate.type.BasicTypeRegistry     : Adding type registration boolean -> org.hibernate.type.BasicTypeReference@3f3c8b60
2026-05-10T22:43:45.147-04:00 DEBUG 90877 --- [productos] [           main] org.hibernate.type.BasicTypeRegistry     : Adding type registration java.lang.Boolean -> org.hibernate.type.BasicTypeReference@3f3c8b60
2026-05-10T22:43:45.148-04:00 DEBUG 90877 --- [productos] [           main] org.hibernate.type.BasicTypeRegistry     : Adding type registration numeric_boolean -> org.hibernate.type.BasicTypeReference@16bbaab3
2026-05-10T22:43:45.148-04:00 DEBUG 90877 --- [productos] [           main] org.hibernate.type.BasicTypeRegistry     : Adding type registration org.hibernate.type.NumericBooleanConverter -> org.hibernate.type.BasicTypeReference@16bbaab3
2026-05-10T22:43:45.148-04:00 DEBUG 90877 --- [productos] [           main] org.hibernate.type.BasicTypeRegistry     : Adding type registration true_false -> org.hibernate.type.BasicTypeReference@3f357c9d
2026-05-10T22:43:45.148-04:00 DEBUG 90877 --- [productos] [           main] org.hibernate.type.BasicTypeRegistry     : Adding type registration org.hibernate.type.TrueFalseConverter -> org.hibernate.type.BasicTypeReference@3f357c9d
2026-05-10T22:43:45.148-04:00 DEBUG 90877 --- [productos] [           main] org.hibernate.type.BasicTypeRegistry     : Adding type registration yes_no -> org.hibernate.type.BasicTypeReference@fe42a09
2026-05-10T22:43:45.148-04:00 DEBUG 90877 --- [productos] [           main] org.hibernate.type.BasicTypeRegistry     : Adding type registration org.hibernate.type.YesNoConverter -> org.hibernate.type.BasicTypeReference@fe42a09
2026-05-10T22:43:45.148-04:00 DEBUG 90877 --- [productos] [           main] org.hibernate.type.BasicTypeRegistry     : Adding type registration byte -> org.hibernate.type.BasicTypeReference@5458c71e
2026-05-10T22:43:45.148-04:00 DEBUG 90877 --- [productos] [           main] org.hibernate.type.BasicTypeRegistry     : Adding type registration byte -> org.hibernate.type.BasicTypeReference@5458c71e
2026-05-10T22:43:45.149-04:00 DEBUG 90877 --- [productos] [           main] org.hibernate.type.BasicTypeRegistry     : Adding type registration java.lang.Byte -> org.hibernate.type.BasicTypeReference@5458c71e
2026-05-10T22:43:45.149-04:00 DEBUG 90877 --- [productos] [           main] org.hibernate.type.BasicTypeRegistry     : Adding type registration binary -> org.hibernate.type.BasicTypeReference@1ffd0114
2026-05-10T22:43:45.149-04:00 DEBUG 90877 --- [productos] [           main] org.hibernate.type.BasicTypeRegistry     : Adding type registration byte[] -> org.hibernate.type.BasicTypeReference@1ffd0114
2026-05-10T22:43:45.149-04:00 DEBUG 90877 --- [productos] [           main] org.hibernate.type.BasicTypeRegistry     : Adding type registration [B -> org.hibernate.type.BasicTypeReference@1ffd0114
2026-05-10T22:43:45.149-04:00 DEBUG 90877 --- [productos] [           main] org.hibernate.type.BasicTypeRegistry     : Adding type registration binary_wrapper -> org.hibernate.type.BasicTypeReference@b3857e2
2026-05-10T22:43:45.149-04:00 DEBUG 90877 --- [productos] [           main] org.hibernate.type.BasicTypeRegistry     : Adding type registration wrapper-binary -> org.hibernate.type.BasicTypeReference@b3857e2
2026-05-10T22:43:45.149-04:00 DEBUG 90877 --- [productos] [           main] org.hibernate.type.BasicTypeRegistry     : Adding type registration image -> org.hibernate.type.BasicTypeReference@25a290ee
2026-05-10T22:43:45.150-04:00 DEBUG 90877 --- [productos] [           main] org.hibernate.type.BasicTypeRegistry     : Adding type registration blob -> org.hibernate.type.BasicTypeReference@37d0d373
2026-05-10T22:43:45.150-04:00 DEBUG 90877 --- [productos] [           main] org.hibernate.type.BasicTypeRegistry     : Adding type registration java.sql.Blob -> org.hibernate.type.BasicTypeReference@37d0d373
2026-05-10T22:43:45.150-04:00 DEBUG 90877 --- [productos] [           main] org.hibernate.type.BasicTypeRegistry     : Adding type registration materialized_blob -> org.hibernate.type.BasicTypeReference@4052913c
2026-05-10T22:43:45.150-04:00 DEBUG 90877 --- [productos] [           main] org.hibernate.type.BasicTypeRegistry     : Adding type registration materialized_blob_wrapper -> org.hibernate.type.BasicTypeReference@99c4993
2026-05-10T22:43:45.150-04:00 DEBUG 90877 --- [productos] [           main] org.hibernate.type.BasicTypeRegistry     : Adding type registration short -> org.hibernate.type.BasicTypeReference@38089dae
2026-05-10T22:43:45.150-04:00 DEBUG 90877 --- [productos] [           main] org.hibernate.type.BasicTypeRegistry     : Adding type registration short -> org.hibernate.type.BasicTypeReference@38089dae
2026-05-10T22:43:45.151-04:00 DEBUG 90877 --- [productos] [           main] org.hibernate.type.BasicTypeRegistry     : Adding type registration java.lang.Short -> org.hibernate.type.BasicTypeReference@38089dae
2026-05-10T22:43:45.151-04:00 DEBUG 90877 --- [productos] [           main] org.hibernate.type.BasicTypeRegistry     : Adding type registration integer -> org.hibernate.type.BasicTypeReference@9729a97
2026-05-10T22:43:45.151-04:00 DEBUG 90877 --- [productos] [           main] org.hibernate.type.BasicTypeRegistry     : Adding type registration int -> org.hibernate.type.BasicTypeReference@9729a97
2026-05-10T22:43:45.151-04:00 DEBUG 90877 --- [productos] [           main] org.hibernate.type.BasicTypeRegistry     : Adding type registration java.lang.Integer -> org.hibernate.type.BasicTypeReference@9729a97
2026-05-10T22:43:45.151-04:00 DEBUG 90877 --- [productos] [           main] org.hibernate.type.BasicTypeRegistry     : Adding type registration long -> org.hibernate.type.BasicTypeReference@5dfd31f4
2026-05-10T22:43:45.151-04:00 DEBUG 90877 --- [productos] [           main] org.hibernate.type.BasicTypeRegistry     : Adding type registration long -> org.hibernate.type.BasicTypeReference@5dfd31f4
2026-05-10T22:43:45.151-04:00 DEBUG 90877 --- [productos] [           main] org.hibernate.type.BasicTypeRegistry     : Adding type registration java.lang.Long -> org.hibernate.type.BasicTypeReference@5dfd31f4
2026-05-10T22:43:45.151-04:00 DEBUG 90877 --- [productos] [           main] org.hibernate.type.BasicTypeRegistry     : Adding type registration float -> org.hibernate.type.BasicTypeReference@36463b09
2026-05-10T22:43:45.151-04:00 DEBUG 90877 --- [productos] [           main] org.hibernate.type.BasicTypeRegistry     : Adding type registration float -> org.hibernate.type.BasicTypeReference@36463b09
2026-05-10T22:43:45.152-04:00 DEBUG 90877 --- [productos] [           main] org.hibernate.type.BasicTypeRegistry     : Adding type registration java.lang.Float -> org.hibernate.type.BasicTypeReference@36463b09
2026-05-10T22:43:45.152-04:00 DEBUG 90877 --- [productos] [           main] org.hibernate.type.BasicTypeRegistry     : Adding type registration double -> org.hibernate.type.BasicTypeReference@4adf3582
2026-05-10T22:43:45.152-04:00 DEBUG 90877 --- [productos] [           main] org.hibernate.type.BasicTypeRegistry     : Adding type registration double -> org.hibernate.type.BasicTypeReference@4adf3582
2026-05-10T22:43:45.152-04:00 DEBUG 90877 --- [productos] [           main] org.hibernate.type.BasicTypeRegistry     : Adding type registration java.lang.Double -> org.hibernate.type.BasicTypeReference@4adf3582
2026-05-10T22:43:45.152-04:00 DEBUG 90877 --- [productos] [           main] org.hibernate.type.BasicTypeRegistry     : Adding type registration big_integer -> org.hibernate.type.BasicTypeReference@57e4b86c
2026-05-10T22:43:45.153-04:00 DEBUG 90877 --- [productos] [           main] org.hibernate.type.BasicTypeRegistry     : Adding type registration java.math.BigInteger -> org.hibernate.type.BasicTypeReference@57e4b86c
2026-05-10T22:43:45.154-04:00 DEBUG 90877 --- [productos] [           main] org.hibernate.type.BasicTypeRegistry     : Adding type registration big_decimal -> org.hibernate.type.BasicTypeReference@632241f5
2026-05-10T22:43:45.155-04:00 DEBUG 90877 --- [productos] [           main] org.hibernate.type.BasicTypeRegistry     : Adding type registration java.math.BigDecimal -> org.hibernate.type.BasicTypeReference@632241f5
2026-05-10T22:43:45.155-04:00 DEBUG 90877 --- [productos] [           main] org.hibernate.type.BasicTypeRegistry     : Adding type registration character -> org.hibernate.type.BasicTypeReference@64bba0eb
2026-05-10T22:43:45.155-04:00 DEBUG 90877 --- [productos] [           main] org.hibernate.type.BasicTypeRegistry     : Adding type registration char -> org.hibernate.type.BasicTypeReference@64bba0eb
2026-05-10T22:43:45.155-04:00 DEBUG 90877 --- [productos] [           main] org.hibernate.type.BasicTypeRegistry     : Adding type registration java.lang.Character -> org.hibernate.type.BasicTypeReference@64bba0eb
2026-05-10T22:43:45.156-04:00 DEBUG 90877 --- [productos] [           main] org.hibernate.type.BasicTypeRegistry     : Adding type registration character_nchar -> org.hibernate.type.BasicTypeReference@577bfadb
2026-05-10T22:43:45.156-04:00 DEBUG 90877 --- [productos] [           main] org.hibernate.type.BasicTypeRegistry     : Adding type registration string -> org.hibernate.type.BasicTypeReference@25ae1f80
2026-05-10T22:43:45.156-04:00 DEBUG 90877 --- [productos] [           main] org.hibernate.type.BasicTypeRegistry     : Adding type registration java.lang.String -> org.hibernate.type.BasicTypeReference@25ae1f80
2026-05-10T22:43:45.156-04:00 DEBUG 90877 --- [productos] [           main] org.hibernate.type.BasicTypeRegistry     : Adding type registration nstring -> org.hibernate.type.BasicTypeReference@54f2df29
2026-05-10T22:43:45.156-04:00 DEBUG 90877 --- [productos] [           main] org.hibernate.type.BasicTypeRegistry     : Adding type registration characters -> org.hibernate.type.BasicTypeReference@6df791a4
2026-05-10T22:43:45.156-04:00 DEBUG 90877 --- [productos] [           main] org.hibernate.type.BasicTypeRegistry     : Adding type registration char[] -> org.hibernate.type.BasicTypeReference@6df791a4
2026-05-10T22:43:45.156-04:00 DEBUG 90877 --- [productos] [           main] org.hibernate.type.BasicTypeRegistry     : Adding type registration [C -> org.hibernate.type.BasicTypeReference@6df791a4
2026-05-10T22:43:45.157-04:00 DEBUG 90877 --- [productos] [           main] org.hibernate.type.BasicTypeRegistry     : Adding type registration wrapper-characters -> org.hibernate.type.BasicTypeReference@655203e3
2026-05-10T22:43:45.157-04:00 DEBUG 90877 --- [productos] [           main] org.hibernate.type.BasicTypeRegistry     : Adding type registration text -> org.hibernate.type.BasicTypeReference@305552d6
2026-05-10T22:43:45.157-04:00 DEBUG 90877 --- [productos] [           main] org.hibernate.type.BasicTypeRegistry     : Adding type registration ntext -> org.hibernate.type.BasicTypeReference@729cd862
2026-05-10T22:43:45.157-04:00 DEBUG 90877 --- [productos] [           main] org.hibernate.type.BasicTypeRegistry     : Adding type registration clob -> org.hibernate.type.BasicTypeReference@23b71d24
2026-05-10T22:43:45.157-04:00 DEBUG 90877 --- [productos] [           main] org.hibernate.type.BasicTypeRegistry     : Adding type registration java.sql.Clob -> org.hibernate.type.BasicTypeReference@23b71d24
2026-05-10T22:43:45.157-04:00 DEBUG 90877 --- [productos] [           main] org.hibernate.type.BasicTypeRegistry     : Adding type registration nclob -> org.hibernate.type.BasicTypeReference@568f4faa
2026-05-10T22:43:45.157-04:00 DEBUG 90877 --- [productos] [           main] org.hibernate.type.BasicTypeRegistry     : Adding type registration java.sql.NClob -> org.hibernate.type.BasicTypeReference@568f4faa
2026-05-10T22:43:45.157-04:00 DEBUG 90877 --- [productos] [           main] org.hibernate.type.BasicTypeRegistry     : Adding type registration materialized_clob -> org.hibernate.type.BasicTypeReference@4c56644f
2026-05-10T22:43:45.158-04:00 DEBUG 90877 --- [productos] [           main] org.hibernate.type.BasicTypeRegistry     : Adding type registration materialized_clob_char_array -> org.hibernate.type.BasicTypeReference@589dfa6f
2026-05-10T22:43:45.158-04:00 DEBUG 90877 --- [productos] [           main] org.hibernate.type.BasicTypeRegistry     : Adding type registration materialized_clob_character_array -> org.hibernate.type.BasicTypeReference@43588265
2026-05-10T22:43:45.158-04:00 DEBUG 90877 --- [productos] [           main] org.hibernate.type.BasicTypeRegistry     : Adding type registration materialized_nclob -> org.hibernate.type.BasicTypeReference@6f8667bb
2026-05-10T22:43:45.158-04:00 DEBUG 90877 --- [productos] [           main] org.hibernate.type.BasicTypeRegistry     : Adding type registration materialized_nclob_character_array -> org.hibernate.type.BasicTypeReference@100d0218
2026-05-10T22:43:45.158-04:00 DEBUG 90877 --- [productos] [           main] org.hibernate.type.BasicTypeRegistry     : Adding type registration materialized_nclob_char_array -> org.hibernate.type.BasicTypeReference@2774dcf4
2026-05-10T22:43:45.158-04:00 DEBUG 90877 --- [productos] [           main] org.hibernate.type.BasicTypeRegistry     : Adding type registration Duration -> org.hibernate.type.BasicTypeReference@20b829d5
2026-05-10T22:43:45.158-04:00 DEBUG 90877 --- [productos] [           main] org.hibernate.type.BasicTypeRegistry     : Adding type registration java.time.Duration -> org.hibernate.type.BasicTypeReference@20b829d5
2026-05-10T22:43:45.158-04:00 DEBUG 90877 --- [productos] [           main] org.hibernate.type.BasicTypeRegistry     : Adding type registration LocalDateTime -> org.hibernate.type.BasicTypeReference@7c5f29c6
2026-05-10T22:43:45.159-04:00 DEBUG 90877 --- [productos] [           main] org.hibernate.type.BasicTypeRegistry     : Adding type registration java.time.LocalDateTime -> org.hibernate.type.BasicTypeReference@7c5f29c6
2026-05-10T22:43:45.159-04:00 DEBUG 90877 --- [productos] [           main] org.hibernate.type.BasicTypeRegistry     : Adding type registration LocalDate -> org.hibernate.type.BasicTypeReference@4baf997
2026-05-10T22:43:45.159-04:00 DEBUG 90877 --- [productos] [           main] org.hibernate.type.BasicTypeRegistry     : Adding type registration java.time.LocalDate -> org.hibernate.type.BasicTypeReference@4baf997
2026-05-10T22:43:45.159-04:00 DEBUG 90877 --- [productos] [           main] org.hibernate.type.BasicTypeRegistry     : Adding type registration LocalTime -> org.hibernate.type.BasicTypeReference@5280688
2026-05-10T22:43:45.159-04:00 DEBUG 90877 --- [productos] [           main] org.hibernate.type.BasicTypeRegistry     : Adding type registration java.time.LocalTime -> org.hibernate.type.BasicTypeReference@5280688
2026-05-10T22:43:45.159-04:00 DEBUG 90877 --- [productos] [           main] org.hibernate.type.BasicTypeRegistry     : Adding type registration OffsetDateTime -> org.hibernate.type.BasicTypeReference@643f6179
2026-05-10T22:43:45.159-04:00 DEBUG 90877 --- [productos] [           main] org.hibernate.type.BasicTypeRegistry     : Adding type registration java.time.OffsetDateTime -> org.hibernate.type.BasicTypeReference@643f6179
2026-05-10T22:43:45.159-04:00 DEBUG 90877 --- [productos] [           main] org.hibernate.type.BasicTypeRegistry     : Adding type registration OffsetDateTimeWithTimezone -> org.hibernate.type.BasicTypeReference@61ab6521
2026-05-10T22:43:45.159-04:00 DEBUG 90877 --- [productos] [           main] org.hibernate.type.BasicTypeRegistry     : Adding type registration OffsetDateTimeWithoutTimezone -> org.hibernate.type.BasicTypeReference@328e4ec2
2026-05-10T22:43:45.159-04:00 DEBUG 90877 --- [productos] [           main] org.hibernate.type.BasicTypeRegistry     : Adding type registration OffsetTime -> org.hibernate.type.BasicTypeReference@7757025d
2026-05-10T22:43:45.159-04:00 DEBUG 90877 --- [productos] [           main] org.hibernate.type.BasicTypeRegistry     : Adding type registration java.time.OffsetTime -> org.hibernate.type.BasicTypeReference@7757025d
2026-05-10T22:43:45.159-04:00 DEBUG 90877 --- [productos] [           main] org.hibernate.type.BasicTypeRegistry     : Adding type registration OffsetTimeUtc -> org.hibernate.type.BasicTypeReference@68fc9167
2026-05-10T22:43:45.159-04:00 DEBUG 90877 --- [productos] [           main] org.hibernate.type.BasicTypeRegistry     : Adding type registration OffsetTimeWithTimezone -> org.hibernate.type.BasicTypeReference@52c46334
2026-05-10T22:43:45.159-04:00 DEBUG 90877 --- [productos] [           main] org.hibernate.type.BasicTypeRegistry     : Adding type registration OffsetTimeWithoutTimezone -> org.hibernate.type.BasicTypeReference@12fccff0
2026-05-10T22:43:45.160-04:00 DEBUG 90877 --- [productos] [           main] org.hibernate.type.BasicTypeRegistry     : Adding type registration ZonedDateTime -> org.hibernate.type.BasicTypeReference@5d767218
2026-05-10T22:43:45.160-04:00 DEBUG 90877 --- [productos] [           main] org.hibernate.type.BasicTypeRegistry     : Adding type registration java.time.ZonedDateTime -> org.hibernate.type.BasicTypeReference@5d767218
2026-05-10T22:43:45.160-04:00 DEBUG 90877 --- [productos] [           main] org.hibernate.type.BasicTypeRegistry     : Adding type registration ZonedDateTimeWithTimezone -> org.hibernate.type.BasicTypeReference@510da778
2026-05-10T22:43:45.160-04:00 DEBUG 90877 --- [productos] [           main] org.hibernate.type.BasicTypeRegistry     : Adding type registration ZonedDateTimeWithoutTimezone -> org.hibernate.type.BasicTypeReference@20a1b3ae
2026-05-10T22:43:45.160-04:00 DEBUG 90877 --- [productos] [           main] org.hibernate.type.BasicTypeRegistry     : Adding type registration date -> org.hibernate.type.BasicTypeReference@54567b05
2026-05-10T22:43:45.160-04:00 DEBUG 90877 --- [productos] [           main] org.hibernate.type.BasicTypeRegistry     : Adding type registration java.sql.Date -> org.hibernate.type.BasicTypeReference@54567b05
2026-05-10T22:43:45.160-04:00 DEBUG 90877 --- [productos] [           main] org.hibernate.type.BasicTypeRegistry     : Adding type registration time -> org.hibernate.type.BasicTypeReference@3a5e2525
2026-05-10T22:43:45.160-04:00 DEBUG 90877 --- [productos] [           main] org.hibernate.type.BasicTypeRegistry     : Adding type registration java.sql.Time -> org.hibernate.type.BasicTypeReference@3a5e2525
2026-05-10T22:43:45.160-04:00 DEBUG 90877 --- [productos] [           main] org.hibernate.type.BasicTypeRegistry     : Adding type registration timestamp -> org.hibernate.type.BasicTypeReference@6546371
2026-05-10T22:43:45.160-04:00 DEBUG 90877 --- [productos] [           main] org.hibernate.type.BasicTypeRegistry     : Adding type registration java.sql.Timestamp -> org.hibernate.type.BasicTypeReference@6546371
2026-05-10T22:43:45.161-04:00 DEBUG 90877 --- [productos] [           main] org.hibernate.type.BasicTypeRegistry     : Adding type registration java.util.Date -> org.hibernate.type.BasicTypeReference@6546371
2026-05-10T22:43:45.161-04:00 DEBUG 90877 --- [productos] [           main] org.hibernate.type.BasicTypeRegistry     : Adding type registration calendar -> org.hibernate.type.BasicTypeReference@2b458cd6
2026-05-10T22:43:45.161-04:00 DEBUG 90877 --- [productos] [           main] org.hibernate.type.BasicTypeRegistry     : Adding type registration java.util.Calendar -> org.hibernate.type.BasicTypeReference@2b458cd6
2026-05-10T22:43:45.161-04:00 DEBUG 90877 --- [productos] [           main] org.hibernate.type.BasicTypeRegistry     : Adding type registration java.util.GregorianCalendar -> org.hibernate.type.BasicTypeReference@2b458cd6
2026-05-10T22:43:45.162-04:00 DEBUG 90877 --- [productos] [           main] org.hibernate.type.BasicTypeRegistry     : Adding type registration calendar_date -> org.hibernate.type.BasicTypeReference@4c2c44e8
2026-05-10T22:43:45.162-04:00 DEBUG 90877 --- [productos] [           main] org.hibernate.type.BasicTypeRegistry     : Adding type registration calendar_time -> org.hibernate.type.BasicTypeReference@227a933d
2026-05-10T22:43:45.162-04:00 DEBUG 90877 --- [productos] [           main] org.hibernate.type.BasicTypeRegistry     : Adding type registration instant -> org.hibernate.type.BasicTypeReference@25de8898
2026-05-10T22:43:45.162-04:00 DEBUG 90877 --- [productos] [           main] org.hibernate.type.BasicTypeRegistry     : Adding type registration java.time.Instant -> org.hibernate.type.BasicTypeReference@25de8898
2026-05-10T22:43:45.162-04:00 DEBUG 90877 --- [productos] [           main] org.hibernate.type.BasicTypeRegistry     : Adding type registration uuid -> org.hibernate.type.BasicTypeReference@bfb93cf
2026-05-10T22:43:45.162-04:00 DEBUG 90877 --- [productos] [           main] org.hibernate.type.BasicTypeRegistry     : Adding type registration java.util.UUID -> org.hibernate.type.BasicTypeReference@bfb93cf
2026-05-10T22:43:45.162-04:00 DEBUG 90877 --- [productos] [           main] org.hibernate.type.BasicTypeRegistry     : Adding type registration pg-uuid -> org.hibernate.type.BasicTypeReference@bfb93cf
2026-05-10T22:43:45.162-04:00 DEBUG 90877 --- [productos] [           main] org.hibernate.type.BasicTypeRegistry     : Adding type registration uuid-binary -> org.hibernate.type.BasicTypeReference@dd737ea
2026-05-10T22:43:45.163-04:00 DEBUG 90877 --- [productos] [           main] org.hibernate.type.BasicTypeRegistry     : Adding type registration uuid-char -> org.hibernate.type.BasicTypeReference@7bc2ae16
2026-05-10T22:43:45.163-04:00 DEBUG 90877 --- [productos] [           main] org.hibernate.type.BasicTypeRegistry     : Adding type registration class -> org.hibernate.type.BasicTypeReference@2a0963be
2026-05-10T22:43:45.163-04:00 DEBUG 90877 --- [productos] [           main] org.hibernate.type.BasicTypeRegistry     : Adding type registration java.lang.Class -> org.hibernate.type.BasicTypeReference@2a0963be
2026-05-10T22:43:45.163-04:00 DEBUG 90877 --- [productos] [           main] org.hibernate.type.BasicTypeRegistry     : Adding type registration currency -> org.hibernate.type.BasicTypeReference@7d3bf8db
2026-05-10T22:43:45.163-04:00 DEBUG 90877 --- [productos] [           main] org.hibernate.type.BasicTypeRegistry     : Adding type registration Currency -> org.hibernate.type.BasicTypeReference@7d3bf8db
2026-05-10T22:43:45.163-04:00 DEBUG 90877 --- [productos] [           main] org.hibernate.type.BasicTypeRegistry     : Adding type registration java.util.Currency -> org.hibernate.type.BasicTypeReference@7d3bf8db
2026-05-10T22:43:45.163-04:00 DEBUG 90877 --- [productos] [           main] org.hibernate.type.BasicTypeRegistry     : Adding type registration locale -> org.hibernate.type.BasicTypeReference@49e7e8f1
2026-05-10T22:43:45.163-04:00 DEBUG 90877 --- [productos] [           main] org.hibernate.type.BasicTypeRegistry     : Adding type registration java.util.Locale -> org.hibernate.type.BasicTypeReference@49e7e8f1
2026-05-10T22:43:45.163-04:00 DEBUG 90877 --- [productos] [           main] org.hibernate.type.BasicTypeRegistry     : Adding type registration serializable -> org.hibernate.type.BasicTypeReference@27bb4dc5
2026-05-10T22:43:45.163-04:00 DEBUG 90877 --- [productos] [           main] org.hibernate.type.BasicTypeRegistry     : Adding type registration java.io.Serializable -> org.hibernate.type.BasicTypeReference@27bb4dc5
2026-05-10T22:43:45.163-04:00 DEBUG 90877 --- [productos] [           main] org.hibernate.type.BasicTypeRegistry     : Adding type registration timezone -> org.hibernate.type.BasicTypeReference@464ede1f
2026-05-10T22:43:45.163-04:00 DEBUG 90877 --- [productos] [           main] org.hibernate.type.BasicTypeRegistry     : Adding type registration java.util.TimeZone -> org.hibernate.type.BasicTypeReference@464ede1f
2026-05-10T22:43:45.163-04:00 DEBUG 90877 --- [productos] [           main] org.hibernate.type.BasicTypeRegistry     : Adding type registration ZoneOffset -> org.hibernate.type.BasicTypeReference@64910b2d
2026-05-10T22:43:45.163-04:00 DEBUG 90877 --- [productos] [           main] org.hibernate.type.BasicTypeRegistry     : Adding type registration java.time.ZoneOffset -> org.hibernate.type.BasicTypeReference@64910b2d
2026-05-10T22:43:45.164-04:00 DEBUG 90877 --- [productos] [           main] org.hibernate.type.BasicTypeRegistry     : Adding type registration url -> org.hibernate.type.BasicTypeReference@1247c72e
2026-05-10T22:43:45.164-04:00 DEBUG 90877 --- [productos] [           main] org.hibernate.type.BasicTypeRegistry     : Adding type registration java.net.URL -> org.hibernate.type.BasicTypeReference@1247c72e
2026-05-10T22:43:45.164-04:00 DEBUG 90877 --- [productos] [           main] org.hibernate.type.BasicTypeRegistry     : Adding type registration vector -> org.hibernate.type.BasicTypeReference@6fef75c6
2026-05-10T22:43:45.164-04:00 DEBUG 90877 --- [productos] [           main] org.hibernate.type.BasicTypeRegistry     : Adding type registration float_vector -> org.hibernate.type.BasicTypeReference@5f61e002
2026-05-10T22:43:45.164-04:00 DEBUG 90877 --- [productos] [           main] org.hibernate.type.BasicTypeRegistry     : Adding type registration double_vector -> org.hibernate.type.BasicTypeReference@334540a0
2026-05-10T22:43:45.164-04:00 DEBUG 90877 --- [productos] [           main] org.hibernate.type.BasicTypeRegistry     : Adding type registration byte_vector -> org.hibernate.type.BasicTypeReference@1f179f51
2026-05-10T22:43:45.164-04:00 DEBUG 90877 --- [productos] [           main] org.hibernate.type.BasicTypeRegistry     : Adding type registration row_version -> org.hibernate.type.BasicTypeReference@b428830
2026-05-10T22:43:45.169-04:00 DEBUG 90877 --- [productos] [           main] org.hibernate.type.BasicTypeRegistry     : Adding type registration object -> org.hibernate.type.JavaObjectType@bb6f3f7
2026-05-10T22:43:45.169-04:00 DEBUG 90877 --- [productos] [           main] org.hibernate.type.BasicTypeRegistry     : Adding type registration java.lang.Object -> org.hibernate.type.JavaObjectType@bb6f3f7
2026-05-10T22:43:45.171-04:00 DEBUG 90877 --- [productos] [           main] org.hibernate.type.BasicTypeRegistry     : Adding type registration null -> org.hibernate.type.NullType@6a4af081
2026-05-10T22:43:45.171-04:00 DEBUG 90877 --- [productos] [           main] org.hibernate.type.BasicTypeRegistry     : Adding type registration imm_date -> org.hibernate.type.BasicTypeReference@36b53f08
2026-05-10T22:43:45.171-04:00 DEBUG 90877 --- [productos] [           main] org.hibernate.type.BasicTypeRegistry     : Adding type registration imm_time -> org.hibernate.type.BasicTypeReference@54329480
2026-05-10T22:43:45.171-04:00 DEBUG 90877 --- [productos] [           main] org.hibernate.type.BasicTypeRegistry     : Adding type registration imm_timestamp -> org.hibernate.type.BasicTypeReference@590013c7
2026-05-10T22:43:45.172-04:00 DEBUG 90877 --- [productos] [           main] org.hibernate.type.BasicTypeRegistry     : Adding type registration imm_calendar -> org.hibernate.type.BasicTypeReference@64f32e9e
2026-05-10T22:43:45.172-04:00 DEBUG 90877 --- [productos] [           main] org.hibernate.type.BasicTypeRegistry     : Adding type registration imm_calendar_date -> org.hibernate.type.BasicTypeReference@7b211077
2026-05-10T22:43:45.172-04:00 DEBUG 90877 --- [productos] [           main] org.hibernate.type.BasicTypeRegistry     : Adding type registration imm_calendar_time -> org.hibernate.type.BasicTypeReference@3b770d07
2026-05-10T22:43:45.172-04:00 DEBUG 90877 --- [productos] [           main] org.hibernate.type.BasicTypeRegistry     : Adding type registration imm_binary -> org.hibernate.type.BasicTypeReference@62b0bf85
2026-05-10T22:43:45.172-04:00 DEBUG 90877 --- [productos] [           main] org.hibernate.type.BasicTypeRegistry     : Adding type registration imm_serializable -> org.hibernate.type.BasicTypeReference@1fcaea93
2026-05-10T22:43:45.177-04:00 DEBUG 90877 --- [productos] [           main] o.h.boot.internal.BootstrapContextImpl   : Injecting JPA temp ClassLoader [org.springframework.instrument.classloading.SimpleThrowawayClassLoader@656ec00d] into BootstrapContext; was [null]
2026-05-10T22:43:45.177-04:00 DEBUG 90877 --- [productos] [           main] o.h.boot.internal.ClassLoaderAccessImpl  : ClassLoaderAccessImpl#injectTempClassLoader(org.springframework.instrument.classloading.SimpleThrowawayClassLoader@656ec00d) [was null]
2026-05-10T22:43:45.179-04:00 DEBUG 90877 --- [productos] [           main] o.h.boot.internal.BootstrapContextImpl   : Injecting ScanEnvironment [org.hibernate.jpa.boot.internal.StandardJpaScanEnvironmentImpl@45cd8607] into BootstrapContext; was [null]
2026-05-10T22:43:45.179-04:00 DEBUG 90877 --- [productos] [           main] o.h.boot.internal.BootstrapContextImpl   : Injecting ScanOptions [org.hibernate.boot.archive.scan.internal.StandardScanOptions@9e33a6a] into BootstrapContext; was [org.hibernate.boot.archive.scan.internal.StandardScanOptions@c497a55]
2026-05-10T22:43:45.196-04:00 DEBUG 90877 --- [productos] [           main] o.h.j.b.i.PersistenceUnitInfoDescriptor  : Pushing class transformers for PU named 'default' on loading classloader jdk.internal.loader.ClassLoaders$AppClassLoader@2c854dc5
2026-05-10T22:43:45.409-04:00  INFO 90877 --- [productos] [           main] o.s.o.j.p.SpringPersistenceUnitInfo      : No LoadTimeWeaver setup: ignoring JPA class transformer
2026-05-10T22:43:45.409-04:00 DEBUG 90877 --- [productos] [           main] o.h.boot.internal.BootstrapContextImpl   : Injecting JPA temp ClassLoader [null] into BootstrapContext; was [org.springframework.instrument.classloading.SimpleThrowawayClassLoader@656ec00d]
2026-05-10T22:43:45.410-04:00 DEBUG 90877 --- [productos] [           main] o.h.boot.internal.ClassLoaderAccessImpl  : ClassLoaderAccessImpl#injectTempClassLoader(null) [was org.springframework.instrument.classloading.SimpleThrowawayClassLoader@656ec00d]
2026-05-10T22:43:45.442-04:00  INFO 90877 --- [productos] [           main] com.zaxxer.hikari.HikariDataSource       : HikariPool-1 - Starting...
2026-05-10T22:43:46.661-04:00  INFO 90877 --- [productos] [           main] com.zaxxer.hikari.pool.HikariPool        : HikariPool-1 - Added connection oracle.jdbc.driver.T4CConnection@1d9af731
2026-05-10T22:43:46.662-04:00  INFO 90877 --- [productos] [           main] com.zaxxer.hikari.HikariDataSource       : HikariPool-1 - Start completed.
2026-05-10T22:43:46.681-04:00 DEBUG 90877 --- [productos] [           main] o.h.e.j.e.i.JdbcEnvironmentInitiator     : Database ->
	   name : Oracle
	version : Oracle Database 19c Enterprise Edition Release 19.0.0.0.0 - Production
Version 19.31.0.1.0
	  major : 19
	  minor : 31
2026-05-10T22:43:46.681-04:00 DEBUG 90877 --- [productos] [           main] o.h.e.j.e.i.JdbcEnvironmentInitiator     : Driver ->
	   name : Oracle JDBC driver
	version : 23.7.0.25.01
	  major : 23
	  minor : 7
2026-05-10T22:43:46.681-04:00 DEBUG 90877 --- [productos] [           main] o.h.e.j.e.i.JdbcEnvironmentInitiator     : JDBC version : 4.3
2026-05-10T22:43:46.947-04:00  WARN 90877 --- [productos] [           main] org.hibernate.orm.deprecation            : HHH90000025: OracleDialect does not need to be specified explicitly using 'hibernate.dialect' (remove the property setting and it will be selected by default)
2026-05-10T22:43:46.948-04:00 DEBUG 90877 --- [productos] [           main] org.hibernate.orm.dialect                : HHH035001: Using dialect: org.hibernate.dialect.OracleDialect, version: 19.31
2026-05-10T22:43:47.014-04:00  INFO 90877 --- [productos] [           main] org.hibernate.orm.connections.pooling    : HHH10001005: Database info:
	Database JDBC URL [Connecting through datasource 'HikariDataSource (HikariPool-1)']
	Database driver: undefined/unknown
	Database version: 19.31
	Autocommit mode: undefined/unknown
	Isolation level: undefined/unknown
	Minimum pool size: undefined/unknown
	Maximum pool size: undefined/unknown
2026-05-10T22:43:47.023-04:00 DEBUG 90877 --- [productos] [           main] o.h.t.d.jdbc.spi.JdbcTypeRegistry        : addDescriptor(NCharTypeDescriptor) replaced previous registration(CharTypeDescriptor)
2026-05-10T22:43:47.024-04:00 DEBUG 90877 --- [productos] [           main] o.h.t.d.jdbc.spi.JdbcTypeRegistry        : addDescriptor(NVarcharTypeDescriptor) replaced previous registration(VarcharTypeDescriptor)
2026-05-10T22:43:47.024-04:00 DEBUG 90877 --- [productos] [           main] o.h.t.d.jdbc.spi.JdbcTypeRegistry        : addDescriptor(LongNVarcharTypeDescriptor) replaced previous registration(LongVarcharTypeDescriptor)
2026-05-10T22:43:47.027-04:00 DEBUG 90877 --- [productos] [           main] o.h.t.d.jdbc.spi.JdbcTypeRegistry        : addDescriptor(NClobTypeDescriptor(DEFAULT)) replaced previous registration(ClobTypeDescriptor(DEFAULT))
2026-05-10T22:43:47.028-04:00 DEBUG 90877 --- [productos] [           main] o.h.t.d.jdbc.spi.JdbcTypeRegistry        : addDescriptor(BooleanTypeDescriptor) replaced previous registration(BooleanTypeDescriptor)
2026-05-10T22:43:47.037-04:00 DEBUG 90877 --- [productos] [           main] org.hibernate.type.BasicTypeRegistry     : Adding type registration null -> org.hibernate.type.NullType@45375bdf
2026-05-10T22:43:47.037-04:00 DEBUG 90877 --- [productos] [           main] org.hibernate.type.BasicTypeRegistry     : Type registration key [null] overrode previous entry : `org.hibernate.type.NullType@6a4af081`
2026-05-10T22:43:47.038-04:00 DEBUG 90877 --- [productos] [           main] org.hibernate.type.BasicTypeRegistry     : Adding type registration JAVA_OBJECT -> org.hibernate.type.JavaObjectType@14e83c9d
2026-05-10T22:43:47.038-04:00 DEBUG 90877 --- [productos] [           main] org.hibernate.type.BasicTypeRegistry     : Adding type registration java.lang.Object -> org.hibernate.type.JavaObjectType@14e83c9d
2026-05-10T22:43:47.038-04:00 DEBUG 90877 --- [productos] [           main] org.hibernate.type.BasicTypeRegistry     : Type registration key [java.lang.Object] overrode previous entry : `org.hibernate.type.JavaObjectType@bb6f3f7`
2026-05-10T22:43:47.042-04:00 DEBUG 90877 --- [productos] [           main] org.hibernate.type.BasicTypeRegistry     : Adding type registration org.hibernate.type.DurationType -> basicType@1(java.time.Duration,3015)
2026-05-10T22:43:47.042-04:00 DEBUG 90877 --- [productos] [           main] org.hibernate.type.BasicTypeRegistry     : Adding type registration Duration -> basicType@1(java.time.Duration,3015)
2026-05-10T22:43:47.042-04:00 DEBUG 90877 --- [productos] [           main] org.hibernate.type.BasicTypeRegistry     : Adding type registration java.time.Duration -> basicType@1(java.time.Duration,3015)
2026-05-10T22:43:47.045-04:00 DEBUG 90877 --- [productos] [           main] o.h.type.spi.TypeConfiguration$Scope     : Scoping TypeConfiguration [org.hibernate.type.spi.TypeConfiguration@11577ab8] to MetadataBuildingContext [org.hibernate.boot.internal.MetadataBuildingContextRootImpl@5513a46b]
2026-05-10T22:43:47.082-04:00 DEBUG 90877 --- [productos] [           main] o.h.boot.model.relational.Namespace      : Created database namespace [logicalName=Name{catalog=null, schema=null}, physicalName=Name{catalog=null, schema=null}]
2026-05-10T22:43:47.114-04:00 DEBUG 90877 --- [productos] [           main] o.h.boot.model.internal.EntityBinder     : Binding entity from annotated class: fullstack_productos.productos.model.Producto
2026-05-10T22:43:47.123-04:00 DEBUG 90877 --- [productos] [           main] o.h.boot.model.internal.EntityBinder     : Import with entity name Producto
2026-05-10T22:43:47.131-04:00 DEBUG 90877 --- [productos] [           main] o.h.boot.model.internal.EntityBinder     : Bind entity fullstack_productos.productos.model.Producto on table productos
2026-05-10T22:43:47.142-04:00 DEBUG 90877 --- [productos] [           main] o.h.boot.model.internal.AnnotatedColumn  : Binding column: AnnotatedDiscriminatorColumn(column='DTYPE')
2026-05-10T22:43:47.165-04:00 DEBUG 90877 --- [productos] [           main] o.h.boot.model.internal.AnnotatedColumn  : Binding column: AnnotatedColumn()
2026-05-10T22:43:47.166-04:00 DEBUG 90877 --- [productos] [           main] o.h.boot.internal.ClassLoaderAccessImpl  : Not known whether passed class name [fullstack_productos.productos.model.Producto] is safe
2026-05-10T22:43:47.166-04:00 DEBUG 90877 --- [productos] [           main] o.h.boot.internal.ClassLoaderAccessImpl  : No temp ClassLoader provided; using live ClassLoader for loading potentially unsafe class : fullstack_productos.productos.model.Producto
2026-05-10T22:43:47.172-04:00 DEBUG 90877 --- [productos] [           main] o.h.boot.model.internal.PropertyBinder   : MetadataSourceProcessor property id with lazy=false
2026-05-10T22:43:47.178-04:00 DEBUG 90877 --- [productos] [           main] o.h.b.m.internal.AbstractPropertyHolder  : Attempting to locate auto-apply AttributeConverter for property [fullstack_productos.productos.model.Producto:id]
2026-05-10T22:43:47.181-04:00 DEBUG 90877 --- [productos] [           main] o.h.b.model.internal.BasicValueBinder    : building BasicValue for id
2026-05-10T22:43:47.186-04:00 DEBUG 90877 --- [productos] [           main] org.hibernate.mapping.BasicValue         : Skipping column re-registration: productos.id
2026-05-10T22:43:47.187-04:00 DEBUG 90877 --- [productos] [           main] o.h.boot.model.internal.PropertyBinder   : Building property id
2026-05-10T22:43:47.191-04:00 DEBUG 90877 --- [productos] [           main] o.h.boot.model.internal.BinderHelper     : #makeIdGenerator(BasicValue([Column(id)]), id, identity, , ...)
2026-05-10T22:43:47.193-04:00 DEBUG 90877 --- [productos] [           main] o.h.boot.model.internal.AnnotatedColumn  : Binding column: AnnotatedColumn(column='DESCRIPCION')
2026-05-10T22:43:47.194-04:00 DEBUG 90877 --- [productos] [           main] o.h.boot.model.internal.PropertyBinder   : MetadataSourceProcessor property descripcion with lazy=false
2026-05-10T22:43:47.194-04:00 DEBUG 90877 --- [productos] [           main] o.h.b.m.internal.AbstractPropertyHolder  : Attempting to locate auto-apply AttributeConverter for property [fullstack_productos.productos.model.Producto:descripcion]
2026-05-10T22:43:47.194-04:00 DEBUG 90877 --- [productos] [           main] o.h.b.model.internal.BasicValueBinder    : building BasicValue for descripcion
2026-05-10T22:43:47.194-04:00 DEBUG 90877 --- [productos] [           main] org.hibernate.mapping.BasicValue         : Skipping column re-registration: productos.descripcion
2026-05-10T22:43:47.194-04:00 DEBUG 90877 --- [productos] [           main] o.h.boot.model.internal.PropertyBinder   : Building property descripcion
2026-05-10T22:43:47.195-04:00 DEBUG 90877 --- [productos] [           main] o.h.boot.model.internal.AnnotatedColumn  : Binding column: AnnotatedColumn(column='NOMBRE')
2026-05-10T22:43:47.195-04:00 DEBUG 90877 --- [productos] [           main] o.h.boot.model.internal.PropertyBinder   : MetadataSourceProcessor property nombre with lazy=false
2026-05-10T22:43:47.195-04:00 DEBUG 90877 --- [productos] [           main] o.h.b.m.internal.AbstractPropertyHolder  : Attempting to locate auto-apply AttributeConverter for property [fullstack_productos.productos.model.Producto:nombre]
2026-05-10T22:43:47.196-04:00 DEBUG 90877 --- [productos] [           main] o.h.b.model.internal.BasicValueBinder    : building BasicValue for nombre
2026-05-10T22:43:47.196-04:00 DEBUG 90877 --- [productos] [           main] org.hibernate.mapping.BasicValue         : Skipping column re-registration: productos.nombre
2026-05-10T22:43:47.196-04:00 DEBUG 90877 --- [productos] [           main] o.h.boot.model.internal.PropertyBinder   : Building property nombre
2026-05-10T22:43:47.197-04:00 DEBUG 90877 --- [productos] [           main] o.h.boot.model.internal.AnnotatedColumn  : Binding column: AnnotatedColumn(column='PRECIO')
2026-05-10T22:43:47.197-04:00 DEBUG 90877 --- [productos] [           main] o.h.boot.model.internal.PropertyBinder   : MetadataSourceProcessor property precio with lazy=false
2026-05-10T22:43:47.198-04:00 DEBUG 90877 --- [productos] [           main] o.h.b.m.internal.AbstractPropertyHolder  : Attempting to locate auto-apply AttributeConverter for property [fullstack_productos.productos.model.Producto:precio]
2026-05-10T22:43:47.198-04:00 DEBUG 90877 --- [productos] [           main] o.h.b.model.internal.BasicValueBinder    : building BasicValue for precio
2026-05-10T22:43:47.198-04:00 DEBUG 90877 --- [productos] [           main] org.hibernate.mapping.BasicValue         : Skipping column re-registration: productos.precio
2026-05-10T22:43:47.198-04:00 DEBUG 90877 --- [productos] [           main] o.h.boot.model.internal.PropertyBinder   : Building property precio
2026-05-10T22:43:47.199-04:00 DEBUG 90877 --- [productos] [           main] o.h.boot.model.internal.AnnotatedColumn  : Binding column: AnnotatedColumn(column='STOCK')
2026-05-10T22:43:47.199-04:00 DEBUG 90877 --- [productos] [           main] o.h.boot.model.internal.PropertyBinder   : MetadataSourceProcessor property stock with lazy=false
2026-05-10T22:43:47.199-04:00 DEBUG 90877 --- [productos] [           main] o.h.b.m.internal.AbstractPropertyHolder  : Attempting to locate auto-apply AttributeConverter for property [fullstack_productos.productos.model.Producto:stock]
2026-05-10T22:43:47.200-04:00 DEBUG 90877 --- [productos] [           main] o.h.b.model.internal.BasicValueBinder    : building BasicValue for stock
2026-05-10T22:43:47.200-04:00 DEBUG 90877 --- [productos] [           main] org.hibernate.mapping.BasicValue         : Skipping column re-registration: productos.stock
2026-05-10T22:43:47.200-04:00 DEBUG 90877 --- [productos] [           main] o.h.boot.model.internal.PropertyBinder   : Building property stock
2026-05-10T22:43:47.201-04:00 DEBUG 90877 --- [productos] [           main] o.h.b.r.c.i.ClassLoaderServiceImpl       : HHH000194: Package not found or no package-info.java: fullstack_productos.productos.model
2026-05-10T22:43:47.207-04:00 DEBUG 90877 --- [productos] [           main] o.h.b.model.internal.BasicValueBinder    : Starting `BasicValueBinder#fillSimpleValue` for id
2026-05-10T22:43:47.209-04:00 DEBUG 90877 --- [productos] [           main] o.h.b.model.internal.BasicValueBinder    : Starting `BasicValueBinder#fillSimpleValue` for descripcion
2026-05-10T22:43:47.209-04:00 DEBUG 90877 --- [productos] [           main] o.h.b.model.internal.BasicValueBinder    : Starting `BasicValueBinder#fillSimpleValue` for nombre
2026-05-10T22:43:47.209-04:00 DEBUG 90877 --- [productos] [           main] o.h.b.model.internal.BasicValueBinder    : Starting `BasicValueBinder#fillSimpleValue` for precio
2026-05-10T22:43:47.209-04:00 DEBUG 90877 --- [productos] [           main] o.h.b.model.internal.BasicValueBinder    : Starting `BasicValueBinder#fillSimpleValue` for stock
2026-05-10T22:43:47.214-04:00 DEBUG 90877 --- [productos] [           main] org.hibernate.mapping.PrimaryKey         : Forcing column [id] to be non-null as it is part of the primary key for table [productos]
2026-05-10T22:43:47.285-04:00 DEBUG 90877 --- [productos] [           main] o.hibernate.internal.SessionFactoryImpl  : Building session factory
2026-05-10T22:43:47.323-04:00 DEBUG 90877 --- [productos] [           main] .h.s.i.SessionFactoryServiceRegistryImpl : EventListenerRegistry access via ServiceRegistry is deprecated.  Use `sessionFactory.getEventEngine().getListenerRegistry()` instead
2026-05-10T22:43:47.323-04:00 DEBUG 90877 --- [productos] [           main] o.hibernate.internal.SessionFactoryImpl  : Instantiating SessionFactory with settings: {java.specification.version=21, hibernate.resource.beans.container=org.springframework.orm.hibernate5.SpringBeanContainer@4b4bc73d, hibernate.connection.handling_mode=DELAYED_ACQUISITION_AND_HOLD, sun.jnu.encoding=UTF-8, hibernate.dialect=org.hibernate.dialect.OracleDialect, hibernate.implicit_naming_strategy=org.springframework.boot.orm.jpa.hibernate.SpringImplicitNamingStrategy, java.class.path=/Users/krhisnaoyanedelyanez/Desktop/Inge Desarrollo de Software/BIMESTRE VI/DESARROLLO FULLSTACK/EFT/FULLSTACK3-PRODUCTOS/target/test-classes:/Users/krhisnaoyanedelyanez/Desktop/Inge Desarrollo de Software/BIMESTRE VI/DESARROLLO FULLSTACK/EFT/FULLSTACK3-PRODUCTOS/target/classes:/Users/krhisnaoyanedelyanez/.m2/repository/org/springframework/boot/spring-boot-starter-actuator/3.5.12/spring-boot-starter-actuator-3.5.12.jar:/Users/krhisnaoyanedelyanez/.m2/repository/org/springframework/boot/spring-boot-starter/3.5.12/spring-boot-starter-3.5.12.jar:/Users/krhisnaoyanedelyanez/.m2/repository/org/springframework/boot/spring-boot/3.5.12/spring-boot-3.5.12.jar:/Users/krhisnaoyanedelyanez/.m2/repository/org/springframework/boot/spring-boot-autoconfigure/3.5.12/spring-boot-autoconfigure-3.5.12.jar:/Users/krhisnaoyanedelyanez/.m2/repository/org/springframework/boot/spring-boot-starter-logging/3.5.12/spring-boot-starter-logging-3.5.12.jar:/Users/krhisnaoyanedelyanez/.m2/repository/ch/qos/logback/logback-classic/1.5.32/logback-classic-1.5.32.jar:/Users/krhisnaoyanedelyanez/.m2/repository/ch/qos/logback/logback-core/1.5.32/logback-core-1.5.32.jar:/Users/krhisnaoyanedelyanez/.m2/repository/org/apache/logging/log4j/log4j-to-slf4j/2.24.3/log4j-to-slf4j-2.24.3.jar:/Users/krhisnaoyanedelyanez/.m2/repository/org/apache/logging/log4j/log4j-api/2.24.3/log4j-api-2.24.3.jar:/Users/krhisnaoyanedelyanez/.m2/repository/org/slf4j/jul-to-slf4j/2.0.17/jul-to-slf4j-2.0.17.jar:/Users/krhisnaoyanedelyanez/.m2/repository/jakarta/annotation/jakarta.annotation-api/2.1.1/jakarta.annotation-api-2.1.1.jar:/Users/krhisnaoyanedelyanez/.m2/repository/org/yaml/snakeyaml/2.4/snakeyaml-2.4.jar:/Users/krhisnaoyanedelyanez/.m2/repository/org/springframework/boot/spring-boot-actuator-autoconfigure/3.5.12/spring-boot-actuator-autoconfigure-3.5.12.jar:/Users/krhisnaoyanedelyanez/.m2/repository/org/springframework/boot/spring-boot-actuator/3.5.12/spring-boot-actuator-3.5.12.jar:/Users/krhisnaoyanedelyanez/.m2/repository/com/fasterxml/jackson/core/jackson-databind/2.19.4/jackson-databind-2.19.4.jar:/Users/krhisnaoyanedelyanez/.m2/repository/com/fasterxml/jackson/core/jackson-annotations/2.19.4/jackson-annotations-2.19.4.jar:/Users/krhisnaoyanedelyanez/.m2/repository/com/fasterxml/jackson/core/jackson-core/2.19.4/jackson-core-2.19.4.jar:/Users/krhisnaoyanedelyanez/.m2/repository/com/fasterxml/jackson/datatype/jackson-datatype-jsr310/2.19.4/jackson-datatype-jsr310-2.19.4.jar:/Users/krhisn
[...]

   SecurityFilterAutoConfiguration:
      Did not match:
         - @ConditionalOnClass did not find required class 'org.springframework.security.config.http.SessionCreationPolicy' (OnClassCondition)

   SecurityRequestMatchersManagementContextConfiguration:
      Did not match:
         - @ConditionalOnClass did not find required class 'org.springframework.security.web.util.matcher.RequestMatcher' (OnClassCondition)

   SendGridAutoConfiguration:
      Did not match:
         - @ConditionalOnClass did not find required class 'com.sendgrid.SendGrid' (OnClassCondition)

   ServletEndpointManagementContextConfiguration.JerseyServletEndpointManagementContextConfiguration:
      Did not match:
         - @ConditionalOnClass did not find required class 'org.glassfish.jersey.server.ResourceConfig' (OnClassCondition)

   ServletManagementContextAutoConfiguration.ApplicationContextFilterConfiguration:
      Did not match:
         - @ConditionalOnBooleanProperty (management.server.add-application-context-header=true) did not find property 'management.server.add-application-context-header' (OnPropertyCondition)

   ServletWebServerFactoryAutoConfiguration.ForwardedHeaderFilterConfiguration:
      Did not match:
         - @ConditionalOnProperty (server.forward-headers-strategy=framework) did not find property 'server.forward-headers-strategy' (OnPropertyCondition)

   ServletWebServerFactoryConfiguration.EmbeddedJetty:
      Did not match:
         - @ConditionalOnClass did not find required classes 'org.eclipse.jetty.server.Server', 'org.eclipse.jetty.util.Loader', 'org.eclipse.jetty.ee10.webapp.WebAppContext' (OnClassCondition)

   ServletWebServerFactoryConfiguration.EmbeddedUndertow:
      Did not match:
         - @ConditionalOnClass did not find required classes 'io.undertow.Undertow', 'org.xnio.SslClientAuthMode' (OnClassCondition)

   SessionAutoConfiguration:
      Did not match:
         - @ConditionalOnClass did not find required class 'org.springframework.session.Session' (OnClassCondition)

   SessionsEndpointAutoConfiguration:
      Did not match:
         - @ConditionalOnClass did not find required class 'org.springframework.session.Session' (OnClassCondition)

   ShutdownEndpointAutoConfiguration:
      Did not match:
         - @ConditionalOnAvailableEndpoint the configured access for endpoint 'shutdown' is NONE (OnAvailableEndpointCondition)

   SignalFxMetricsExportAutoConfiguration:
      Did not match:
         - @ConditionalOnClass did not find required class 'io.micrometer.signalfx.SignalFxMeterRegistry' (OnClassCondition)

   SpringApplicationAdminJmxAutoConfiguration:
      Did not match:
         - @ConditionalOnBooleanProperty (spring.application.admin.enabled=true) did not find property 'spring.application.admin.enabled' (OnPropertyCondition)

   SslObservabilityAutoConfiguration#sslInfoProvider:
      Did not match:
         - @ConditionalOnMissingBean (types: org.springframework.boot.info.SslInfo; SearchStrategy: all) found beans of type 'org.springframework.boot.info.SslInfo' sslInfo (OnBeanCondition)

   StackdriverMetricsExportAutoConfiguration:
      Did not match:
         - @ConditionalOnClass did not find required class 'io.micrometer.stackdriver.StackdriverMeterRegistry' (OnClassCondition)

   StartupEndpointAutoConfiguration:
      Did not match:
         - ApplicationStartup configured applicationStartup is of type class org.springframework.core.metrics.DefaultApplicationStartup, expected BufferingApplicationStartup. (StartupEndpointAutoConfiguration.ApplicationStartupCondition)

   StatsdMetricsExportAutoConfiguration:
      Did not match:
         - @ConditionalOnClass did not find required class 'io.micrometer.statsd.StatsdMeterRegistry' (OnClassCondition)

   TaskExecutorConfigurations.SimpleAsyncTaskExecutorBuilderConfiguration#simpleAsyncTaskExecutorBuilderVirtualThreads:
      Did not match:
         - @ConditionalOnMissingBean (types: org.springframework.boot.task.SimpleAsyncTaskExecutorBuilder; SearchStrategy: all) found beans of type 'org.springframework.boot.task.SimpleAsyncTaskExecutorBuilder' simpleAsyncTaskExecutorBuilder (OnBeanCondition)

   TaskExecutorConfigurations.TaskExecutorConfiguration#applicationTaskExecutorVirtualThreads:
      Did not match:
         - @ConditionalOnThreading did not find VIRTUAL (OnThreadingCondition)

   TaskSchedulingAutoConfiguration#scheduledBeanLazyInitializationExcludeFilter:
      Did not match:
         - @ConditionalOnBean (names: org.springframework.context.annotation.internalScheduledAnnotationProcessor; SearchStrategy: all) did not find any beans named org.springframework.context.annotation.internalScheduledAnnotationProcessor (OnBeanCondition)

   TaskSchedulingConfigurations.SimpleAsyncTaskSchedulerBuilderConfiguration#simpleAsyncTaskSchedulerBuilderVirtualThreads:
      Did not match:
         - @ConditionalOnMissingBean (types: org.springframework.boot.task.SimpleAsyncTaskSchedulerBuilder; SearchStrategy: all) found beans of type 'org.springframework.boot.task.SimpleAsyncTaskSchedulerBuilder' simpleAsyncTaskSchedulerBuilder (OnBeanCondition)

   TaskSchedulingConfigurations.TaskSchedulerConfiguration:
      Did not match:
         - @ConditionalOnBean (names: org.springframework.context.annotation.internalScheduledAnnotationProcessor; SearchStrategy: all) did not find any beans named org.springframework.context.annotation.internalScheduledAnnotationProcessor (OnBeanCondition)

   ThreadDumpEndpointAutoConfiguration:
      Did not match:
         - @ConditionalOnAvailableEndpoint not exposed (OnAvailableEndpointCondition)

   ThymeleafAutoConfiguration:
      Did not match:
         - @ConditionalOnClass did not find required class 'org.thymeleaf.spring6.SpringTemplateEngine' (OnClassCondition)

   TransactionAutoConfiguration#transactionalOperator:
      Did not match:
         - @ConditionalOnSingleCandidate (types: org.springframework.transaction.ReactiveTransactionManager; SearchStrategy: all) did not find any beans (OnBeanCondition)

   TransactionAutoConfiguration.AspectJTransactionManagementConfiguration:
      Did not match:
         - @ConditionalOnBean (types: org.springframework.transaction.aspectj.AbstractTransactionAspect; SearchStrategy: all) did not find any beans of type org.springframework.transaction.aspectj.AbstractTransactionAspect (OnBeanCondition)

   TransactionAutoConfiguration.EnableTransactionManagementConfiguration.JdkDynamicAutoProxyConfiguration:
      Did not match:
         - @ConditionalOnBooleanProperty (spring.aop.proxy-target-class=false) did not find property 'spring.aop.proxy-target-class' (OnPropertyCondition)

   UserDetailsServiceAutoConfiguration:
      Did not match:
         - @ConditionalOnClass did not find required class 'org.springframework.security.authentication.AuthenticationManager' (OnClassCondition)

   WavefrontAutoConfiguration:
      Did not match:
         - @ConditionalOnClass did not find required class 'com.wavefront.sdk.common.application.ApplicationTags' (OnClassCondition)

   WavefrontMetricsExportAutoConfiguration:
      Did not match:
         - @ConditionalOnClass did not find required class 'com.wavefront.sdk.common.WavefrontSender' (OnClassCondition)

   WavefrontTracingAutoConfiguration:
      Did not match:
         - @ConditionalOnClass did not find required class 'com.wavefront.sdk.common.WavefrontSender' (OnClassCondition)

   WebClientAutoConfiguration:
      Did not match:
         - @ConditionalOnClass did not find required class 'org.springframework.web.reactive.function.client.WebClient' (OnClassCondition)

   WebClientObservationConfiguration:
      Did not match:
         - @ConditionalOnClass did not find required class 'org.springframework.web.reactive.function.client.WebClient' (OnClassCondition)

   WebFluxAutoConfiguration:
      Did not match:
         - @ConditionalOnClass did not find required class 'org.springframework.web.reactive.config.WebFluxConfigurer' (OnClassCondition)

   WebFluxEndpointManagementContextConfiguration:
      Did not match:
         - @ConditionalOnClass did not find required class 'org.springframework.web.reactive.DispatcherHandler' (OnClassCondition)

   WebFluxObservationAutoConfiguration:
      Did not match:
         - @ConditionalOnWebApplication did not find reactive web application classes (OnWebApplicationCondition)

   WebMvcAutoConfiguration#hiddenHttpMethodFilter:
      Did not match:
         - @ConditionalOnBooleanProperty (spring.mvc.hiddenmethod.filter.enabled=true) did not find property 'spring.mvc.hiddenmethod.filter.enabled' (OnPropertyCondition)

   WebMvcAutoConfiguration.ProblemDetailsErrorHandlingConfiguration:
      Did not match:
         - @ConditionalOnBooleanProperty (spring.mvc.problemdetails.enabled=true) did not find property 'spring.mvc.problemdetails.enabled' (OnPropertyCondition)

   WebMvcAutoConfiguration.ResourceChainCustomizerConfiguration:
      Did not match:
         - @ConditionalOnEnabledResourceChain did not find class org.webjars.WebJarVersionLocator (OnEnabledResourceChainCondition)

   WebMvcAutoConfiguration.WebMvcAutoConfigurationAdapter#beanNameViewResolver:
      Did not match:
         - @ConditionalOnMissingBean (types: org.springframework.web.servlet.view.BeanNameViewResolver; SearchStrategy: all) found beans of type 'org.springframework.web.servlet.view.BeanNameViewResolver' beanNameViewResolver (OnBeanCondition)

   WebMvcEndpointManagementContextConfiguration#managementHealthEndpointWebMvcHandlerMapping:
      Did not match:
         - Management Port actual port type (SAME) did not match required type (DIFFERENT) (OnManagementPortCondition)

   WebServiceTemplateAutoConfiguration:
      Did not match:
         - @ConditionalOnClass did not find required class 'org.springframework.oxm.Marshaller' (OnClassCondition)

   WebServicesAutoConfiguration:
      Did not match:
         - @ConditionalOnClass did not find required class 'org.springframework.ws.transport.http.MessageDispatcherServlet' (OnClassCondition)

   WebSessionIdResolverAutoConfiguration:
      Did not match:
         - @ConditionalOnClass did not find required class 'reactor.core.publisher.Mono' (OnClassCondition)

   WebSocketMessagingAutoConfiguration:
      Did not match:
         - @ConditionalOnClass did not find required class 'org.springframework.web.socket.config.annotation.WebSocketMessageBrokerConfigurer' (OnClassCondition)

   WebSocketReactiveAutoConfiguration:
      Did not match:
         - @ConditionalOnWebApplication did not find reactive web application classes (OnWebApplicationCondition)

   WebSocketServletAutoConfiguration.JettyWebSocketConfiguration:
      Did not match:
         - @ConditionalOnClass did not find required class 'org.eclipse.jetty.ee10.websocket.jakarta.server.config.JakartaWebSocketServletContainerInitializer' (OnClassCondition)

   WebSocketServletAutoConfiguration.UndertowWebSocketConfiguration:
      Did not match:
         - @ConditionalOnClass did not find required class 'io.undertow.websockets.jsr.Bootstrap' (OnClassCondition)

   XADataSourceAutoConfiguration:
      Did not match:
         - @ConditionalOnBean (types: org.springframework.boot.jdbc.XADataSourceWrapper; SearchStrategy: all) did not find any beans of type org.springframework.boot.jdbc.XADataSourceWrapper (OnBeanCondition)
      Matched:
         - @ConditionalOnClass found required classes 'javax.sql.DataSource', 'jakarta.transaction.TransactionManager', 'org.springframework.jdbc.datasource.embedded.EmbeddedDatabaseType' (OnClassCondition)

   ZipkinAutoConfiguration:
      Did not match:
         - @ConditionalOnClass did not find required class 'zipkin2.reporter.Encoding' (OnClassCondition)


Exclusions:
-----------

    None


Unconditional classes:
----------------------

    org.springframework.boot.autoconfigure.context.ConfigurationPropertiesAutoConfiguration

    org.springframework.boot.actuate.autoconfigure.availability.AvailabilityHealthContributorAutoConfiguration

    org.springframework.boot.autoconfigure.ssl.SslAutoConfiguration

    org.springframework.boot.actuate.autoconfigure.info.InfoContributorAutoConfiguration

    org.springframework.boot.autoconfigure.context.PropertyPlaceholderAutoConfiguration

    org.springframework.boot.autoconfigure.context.LifecycleAutoConfiguration

    org.springframework.boot.actuate.autoconfigure.health.HealthContributorAutoConfiguration

    org.springframework.boot.actuate.autoconfigure.metrics.integration.IntegrationMetricsAutoConfiguration

    org.springframework.boot.actuate.autoconfigure.endpoint.EndpointAutoConfiguration

    org.springframework.boot.autoconfigure.availability.ApplicationAvailabilityAutoConfiguration

    org.springframework.boot.autoconfigure.info.ProjectInfoAutoConfiguration

    org.springframework.boot.actuate.autoconfigure.web.server.ManagementContextAutoConfiguration



2026-05-10T22:43:49.535-04:00  INFO 90877 --- [productos] [           main] f.productos.ProductosApplicationTests    : Started ProductosApplicationTests in 7.438 seconds (process running for 8.854)
2026-05-10T22:43:49.541-04:00 DEBUG 90877 --- [productos] [           main] o.s.b.a.ApplicationAvailabilityBean      : Application availability state LivenessState changed to CORRECT
2026-05-10T22:43:49.543-04:00 DEBUG 90877 --- [productos] [           main] o.s.b.a.ApplicationAvailabilityBean      : Application availability state ReadinessState changed to ACCEPTING_TRAFFIC
2026-05-10T22:43:49.547-04:00 DEBUG 90877 --- [productos] [           main] org.springframework.test.context.cache   : Spring test ApplicationContext cache statistics: [DefaultContextCache@84180e2 size = 1, maxSize = 32, parentContextCount = 0, hitCount = 0, missCount = 1, failureCount = 0]
2026-05-10T22:43:49.548-04:00 DEBUG 90877 --- [productos] [           main] o.s.t.c.w.ServletTestExecutionListener   : Setting up MockHttpServletRequest, MockHttpServletResponse, ServletWebRequest, and RequestContextHolder for test class fullstack_productos.productos.ProductosApplicationTests
2026-05-10T22:43:49.566-04:00 DEBUG 90877 --- [productos] [           main] DependencyInjectionTestExecutionListener : Performing dependency injection for test class fullstack_productos.productos.ProductosApplicationTests
2026-05-10T22:43:49.566-04:00 DEBUG 90877 --- [productos] [           main] org.springframework.test.context.cache   : Spring test ApplicationContext cache statistics: [DefaultContextCache@84180e2 size = 1, maxSize = 32, parentContextCount = 0, hitCount = 1, missCount = 1, failureCount = 0]
2026-05-10T22:43:49.567-04:00 DEBUG 90877 --- [productos] [           main] org.springframework.test.context.cache   : Spring test ApplicationContext cache statistics: [DefaultContextCache@84180e2 size = 1, maxSize = 32, parentContextCount = 0, hitCount = 2, missCount = 1, failureCount = 0]
2026-05-10T22:43:49.588-04:00 DEBUG 90877 --- [productos] [           main] sContextBeforeModesTestExecutionListener : Before test method: class [ProductosApplicationTests], method [contextLoads], class annotated with @DirtiesContext [false] with mode [null], method annotated with @DirtiesContext [false] with mode [null]
2026-05-10T22:43:49.589-04:00 DEBUG 90877 --- [productos] [           main] org.springframework.test.context.cache   : Spring test ApplicationContext cache statistics: [DefaultContextCache@84180e2 size = 1, maxSize = 32, parentContextCount = 0, hitCount = 3, missCount = 1, failureCount = 0]
2026-05-10T22:43:49.590-04:00 DEBUG 90877 --- [productos] [           main] org.springframework.test.context.cache   : Spring test ApplicationContext cache statistics: [DefaultContextCache@84180e2 size = 1, maxSize = 32, parentContextCount = 0, hitCount = 4, missCount = 1, failureCount = 0]
2026-05-10T22:43:50.019-04:00 DEBUG 90877 --- [productos] [           main] org.springframework.test.context.cache   : Spring test ApplicationContext cache statistics: [DefaultContextCache@84180e2 size = 1, maxSize = 32, parentContextCount = 0, hitCount = 5, missCount = 1, failureCount = 0]
2026-05-10T22:43:50.023-04:00 DEBUG 90877 --- [productos] [           main] org.springframework.test.context.cache   : Spring test ApplicationContext cache statistics: [DefaultContextCache@84180e2 size = 1, maxSize = 32, parentContextCount = 0, hitCount = 6, missCount = 1, failureCount = 0]
2026-05-10T22:43:50.028-04:00 DEBUG 90877 --- [productos] [           main] org.springframework.test.context.cache   : Spring test ApplicationContext cache statistics: [DefaultContextCache@84180e2 size = 1, maxSize = 32, parentContextCount = 0, hitCount = 7, missCount = 1, failureCount = 0]
2026-05-10T22:43:50.028-04:00 DEBUG 90877 --- [productos] [           main] org.springframework.test.context.cache   : Spring test ApplicationContext cache statistics: [DefaultContextCache@84180e2 size = 1, maxSize = 32, parentContextCount = 0, hitCount = 8, missCount = 1, failureCount = 0]
2026-05-10T22:43:50.029-04:00 DEBUG 90877 --- [productos] [           main] org.springframework.test.context.cache   : Spring test ApplicationContext cache statistics: [DefaultContextCache@84180e2 size = 1, maxSize = 32, parentContextCount = 0, hitCount = 9, missCount = 1, failureCount = 0]
2026-05-10T22:43:50.030-04:00 DEBUG 90877 --- [productos] [           main] org.springframework.test.context.cache   : Spring test ApplicationContext cache statistics: [DefaultContextCache@84180e2 size = 1, maxSize = 32, parentContextCount = 0, hitCount = 10, missCount = 1, failureCount = 0]
2026-05-10T22:43:50.030-04:00 DEBUG 90877 --- [productos] [           main] org.springframework.test.context.cache   : Spring test ApplicationContext cache statistics: [DefaultContextCache@84180e2 size = 1, maxSize = 32, parentContextCount = 0, hitCount = 11, missCount = 1, failureCount = 0]
2026-05-10T22:43:50.031-04:00 DEBUG 90877 --- [productos] [           main] org.springframework.test.context.cache   : Spring test ApplicationContext cache statistics: [DefaultContextCache@84180e2 size = 1, maxSize = 32, parentContextCount = 0, hitCount = 12, missCount = 1, failureCount = 0]
2026-05-10T22:43:50.033-04:00 DEBUG 90877 --- [productos] [           main] org.springframework.test.context.cache   : Spring test ApplicationContext cache statistics: [DefaultContextCache@84180e2 size = 1, maxSize = 32, parentContextCount = 0, hitCount = 13, missCount = 1, failureCount = 0]
2026-05-10T22:43:50.033-04:00 DEBUG 90877 --- [productos] [           main] .c.s.DirtiesContextTestExecutionListener : After test method: class [ProductosApplicationTests], method [contextLoads], class annotated with @DirtiesContext [false] with mode [null], method annotated with @DirtiesContext [false] with mode [null]
2026-05-10T22:43:50.033-04:00 DEBUG 90877 --- [productos] [           main] o.s.t.c.w.ServletTestExecutionListener   : Resetting RequestContextHolder for test class fullstack_productos.productos.ProductosApplicationTests
]]></system-out>
    <system-err><![CDATA[Mockito is currently self-attaching to enable the inline-mock-maker. This will no longer work in future releases of the JDK. Please add Mockito as an agent to your build as described in Mockito's documentation: https://javadoc.io/doc/org.mockito/mockito-core/latest/org.mockito/org/mockito/Mockito.html#0.3
WARNING: A Java agent has been loaded dynamically (/Users/krhisnaoyanedelyanez/.m2/repository/net/bytebuddy/byte-buddy-agent/1.17.8/byte-buddy-agent-1.17.8.jar)
WARNING: If a serviceability tool is in use, please run with -XX:+EnableDynamicAgentLoading to hide this warning
WARNING: If a serviceability tool is not in use, please run with -Djdk.instrument.traceUsage for more information
WARNING: Dynamic loading of agents will be disallowed by default in a future release
]]></system-err>
  </testcase>
</testsuite>