<?xml version="1.0" encoding="UTF-8"?>
<testsuite xmlns:xsi="http://www.w3.org/2001/XMLSchema-instance" xsi:noNamespaceSchemaLocation="https://maven.apache.org/surefire/maven-surefire-plugin/xsd/surefire-test-report.xsd" version="3.0.2" name="fullstack_productos.productos.ProductoControllerTest" time="1.598" tests="8" errors="0" skipped="0" failures="0" flakes="0">
  <properties>
[...]
</properties>
  <testcase name="listar_retorna200ConListaDeProductos" classname="fullstack_productos.productos.ProductoControllerTest" time="0.466">
    <system-out><![CDATA[2026-05-10T22:43:50.910-04:00 DEBUG 90877 --- [productos] [           main] .b.t.a.w.s.WebMvcTestContextBootstrapper : Neither @ContextConfiguration nor @ContextHierarchy found for test class [ProductoControllerTest]: using SpringBootContextLoader
2026-05-10T22:43:50.920-04:00 DEBUG 90877 --- [productos] [           main] o.s.t.c.support.AbstractContextLoader    : Could not detect default resource locations for test class [fullstack_productos.productos.ProductoControllerTest]: no resource found for suffixes {-context.xml, Context.groovy}.
2026-05-10T22:43:50.921-04:00  INFO 90877 --- [productos] [           main] t.c.s.AnnotationConfigContextLoaderUtils : Could not detect default configuration classes for test class [fullstack_productos.productos.ProductoControllerTest]: ProductoControllerTest does not declare any static, non-private, non-final, nested classes annotated with @Configuration.
2026-05-10T22:43:50.926-04:00 DEBUG 90877 --- [productos] [           main] .b.t.a.w.s.WebMvcTestContextBootstrapper : Using ContextCustomizerFactory implementations for test class [ProductoControllerTest]: [ImportsContextCustomizerFactory, ExcludeFilterContextCustomizerFactory, HttpGraphQlTesterContextCustomizerFactory, DuplicateJsonObjectContextCustomizerFactory, MockitoContextCustomizerFactory, TestRestTemplateContextCustomizerFactory, WebTestClientContextCustomizerFactory, DisableReactorResourceFactoryGlobalResourcesContextCustomizerFactory, OnFailureConditionReportContextCustomizerFactory, OverrideAutoConfigurationContextCustomizerFactory, ObservabilityContextCustomizerFactory, TypeExcludeFiltersContextCustomizerFactory, PropertyMappingContextCustomizerFactory, WebDriverContextCustomizerFactory, BeanOverrideContextCustomizerFactory, MockServerContainerContextCustomizerFactory, DynamicPropertiesContextCustomizerFactory]
2026-05-10T22:43:51.014-04:00 DEBUG 90877 --- [productos] [           main] .b.t.a.w.s.WebMvcTestContextBootstrapper : Using ContextCustomizers for test class [ProductoControllerTest]: [ImportsContextCustomizer, ExcludeFilterContextCustomizer, DuplicateJsonObjectContextCustomizer, MockitoContextCustomizer, DisableReactorResourceFactoryGlobalResourcesContextCustomizerCustomizer, OnFailureConditionReportContextCustomizer, DisableAutoConfigurationContextCustomizer, DisableObservabilityContextCustomizer, TypeExcludeFiltersContextCustomizer, PropertyMappingContextCustomizer, WebDriverContextCustomizer, DynamicPropertiesContextCustomizer]
2026-05-10T22:43:51.016-04:00  INFO 90877 --- [productos] [           main] .b.t.c.SpringBootTestContextBootstrapper : Found @SpringBootConfiguration fullstack_productos.productos.ProductosApplication for test class fullstack_productos.productos.ProductoControllerTest
2026-05-10T22:43:51.017-04:00 DEBUG 90877 --- [productos] [           main] .s.t.c.u.TestContextSpringFactoriesUtils : Skipping candidate TestExecutionListener [org.springframework.test.context.observation.MicrometerObservationRegistryTestExecutionListener] due to a missing dependency. Specify custom TestExecutionListener classes or make the default TestExecutionListener classes and their required dependencies available. Offending class: io.micrometer.context.ThreadLocalAccessor. MicrometerObservationRegistryTestExecutionListener requires io.micrometer:micrometer-observation:1.10.8 or higher and io.micrometer:context-propagation:1.0.3 or higher.
2026-05-10T22:43:51.018-04:00 DEBUG 90877 --- [productos] [           main] .b.t.a.w.s.WebMvcTestContextBootstrapper : Using TestExecutionListeners for test class [ProductoControllerTest]: [ServletTestExecutionListener, DirtiesContextBeforeModesTestExecutionListener, ApplicationEventsTestExecutionListener, MockitoTestExecutionListener, BeanOverrideTestExecutionListener, DependencyInjectionTestExecutionListener, DirtiesContextTestExecutionListener, CommonCachesTestExecutionListener, TransactionalTestExecutionListener, SqlScriptsTestExecutionListener, EventPublishingTestExecutionListener, ResetMocksTestExecutionListener, RestDocsTestExecutionListener, MockRestServiceServerResetTestExecutionListener, MockMvcPrintOnlyOnFailureTestExecutionListener, WebDriverTestExecutionListener, MockWebServiceServerTestExecutionListener, MockitoResetTestExecutionListener]
2026-05-10T22:43:51.018-04:00 DEBUG 90877 --- [productos] [           main] sContextBeforeModesTestExecutionListener : Before test class: class [ProductoControllerTest], class annotated with @DirtiesContext [false] with mode [null]
2026-05-10T22:43:51.078-04:00 DEBUG 90877 --- [productos] [           main] .s.b.w.s.c.ApplicationServletEnvironment : Activating profiles []
2026-05-10T22:43:51.082-04:00 DEBUG 90877 --- [productos] [           main] o.s.c.e.PropertySourcesPropertyResolver  : Found key 'spring.application.name' in PropertySource 'configurationProperties' with value of type String

  .   ____          _            __ _ _
 /\\ / ___'_ __ _ _(_)_ __  __ _ \ \ \ \
( ( )\___ | '_ | '_| | '_ \/ _` | \ \ \ \
 \\/  ___)| |_)| | | | | || (_| |  ) ) ) )
  '  |____| .__|_| |_|_| |_\__, | / / / /
 =========|_|==============|___/=/_/_/_/

 :: Spring Boot ::               (v3.5.12)

2026-05-10T22:43:51.110-04:00  INFO 90877 --- [productos] [           main] f.productos.ProductoControllerTest       : Starting ProductoControllerTest using Java 21.0.11 with PID 90877 (started by krhisnaoyanedelyanez in /Users/krhisnaoyanedelyanez/Desktop/Inge Desarrollo de Software/BIMESTRE VI/DESARROLLO FULLSTACK/EFT/FULLSTACK3-PRODUCTOS)
2026-05-10T22:43:51.111-04:00  INFO 90877 --- [productos] [           main] f.productos.ProductoControllerTest       : No active profile set, falling back to 1 default profile: "default"
2026-05-10T22:43:51.111-04:00 DEBUG 90877 --- [productos] [           main] o.s.boot.SpringApplication               : Loading source class fullstack_productos.productos.ProductosApplication
2026-05-10T22:43:51.115-04:00 DEBUG 90877 --- [productos] [           main] o.s.w.c.s.GenericWebApplicationContext   : Refreshing org.springframework.web.context.support.GenericWebApplicationContext@1660bba7
2026-05-10T22:43:51.117-04:00 DEBUG 90877 --- [productos] [           main] o.s.b.f.s.DefaultListableBeanFactory     : Creating shared instance of singleton bean 'org.springframework.context.annotation.internalConfigurationAnnotationProcessor'
2026-05-10T22:43:51.118-04:00 DEBUG 90877 --- [productos] [           main] o.s.b.f.s.DefaultListableBeanFactory     : Creating shared instance of singleton bean 'org.springframework.boot.autoconfigure.internalCachingMetadataReaderFactory'
2026-05-10T22:43:51.195-04:00 DEBUG 90877 --- [productos] [           main] o.s.c.a.ClassPathBeanDefinitionScanner   : Identified candidate component class: file [/Users/krhisnaoyanedelyanez/Desktop/Inge Desarrollo de Software/BIMESTRE VI/DESARROLLO FULLSTACK/EFT/FULLSTACK3-PRODUCTOS/target/classes/fullstack_productos/productos/controller/ProductoController.class]
2026-05-10T22:43:51.200-04:00 DEBUG 90877 --- [productos] [           main] o.s.c.a.ClassPathBeanDefinitionScanner   : Identified candidate component class: file [/Users/krhisnaoyanedelyanez/Desktop/Inge Desarrollo de Software/BIMESTRE VI/DESARROLLO FULLSTACK/EFT/FULLSTACK3-PRODUCTOS/target/classes/fullstack_productos/productos/exception/GlobalExceptionHandler.class]
2026-05-10T22:43:51.449-04:00 DEBUG 90877 --- [productos] [           main] o.s.b.f.s.DefaultListableBeanFactory     : Creating shared instance of singleton bean 'org.springframework.boot.test.context.ImportsContextCustomizer$ImportsCleanupPostProcessor'
2026-05-10T22:43:51.451-04:00 DEBUG 90877 --- [productos] [           main] o.s.b.f.s.DefaultListableBeanFactory     : Creating shared instance of singleton bean 'org.springframework.boot.test.mock.mockito.MockitoPostProcessor'
2026-05-10T22:43:51.546-04:00 DEBUG 90877 --- [productos] [           main] o.s.b.f.s.DefaultListableBeanFactory     : Creating shared instance of singleton bean 'org.springframework.context.event.internalEventListenerProcessor'
2026-05-10T22:43:51.547-04:00 DEBUG 90877 --- [productos] [           main] o.s.b.f.s.DefaultListableBeanFactory     : Creating shared instance of singleton bean 'bootstrapExecutorAliasPostProcessor'
2026-05-10T22:43:51.547-04:00 DEBUG 90877 --- [productos] [           main] o.s.b.f.s.DefaultListableBeanFactory     : Creating shared instance of singleton bean 'preserveErrorControllerTargetClassPostProcessor'
2026-05-10T22:43:51.548-04:00 DEBUG 90877 --- [productos] [           main] o.s.b.f.s.DefaultListableBeanFactory     : Creating shared instance of singleton bean 'org.springframework.context.event.internalEventListenerFactory'
2026-05-10T22:43:51.550-04:00 DEBUG 90877 --- [productos] [           main] o.s.b.f.s.DefaultListableBeanFactory     : Creating shared instance of singleton bean 'org.springframework.context.annotation.internalAutowiredAnnotationProcessor'
2026-05-10T22:43:51.551-04:00 DEBUG 90877 --- [productos] [           main] o.s.b.f.s.DefaultListableBeanFactory     : Creating shared instance of singleton bean 'org.springframework.context.annotation.internalCommonAnnotationProcessor'
2026-05-10T22:43:51.552-04:00 DEBUG 90877 --- [productos] [           main] o.s.b.f.s.DefaultListableBeanFactory     : Creating shared instance of singleton bean 'org.springframework.context.annotation.internalPersistenceAnnotationProcessor'
2026-05-10T22:43:51.553-04:00 DEBUG 90877 --- [productos] [           main] o.s.b.f.s.DefaultListableBeanFactory     : Creating shared instance of singleton bean 'org.springframework.boot.test.mock.mockito.MockitoPostProcessor$SpyPostProcessor'
2026-05-10T22:43:51.553-04:00 DEBUG 90877 --- [productos] [           main] o.s.b.f.s.DefaultListableBeanFactory     : Creating shared instance of singleton bean 'org.springframework.boot.context.properties.ConfigurationPropertiesBindingPostProcessor'
2026-05-10T22:43:51.554-04:00 DEBUG 90877 --- [productos] [           main] o.s.b.f.s.DefaultListableBeanFactory     : Creating shared instance of singleton bean 'org.springframework.boot.context.internalConfigurationPropertiesBinder'
2026-05-10T22:43:51.556-04:00 DEBUG 90877 --- [productos] [           main] o.s.b.f.s.DefaultListableBeanFactory     : Creating shared instance of singleton bean 'methodValidationPostProcessor'
2026-05-10T22:43:51.557-04:00 DEBUG 90877 --- [productos] [           main] o.s.b.f.s.DefaultListableBeanFactory     : Autowiring by type from bean name 'methodValidationPostProcessor' via factory method to bean named 'environment'
2026-05-10T22:43:51.558-04:00 DEBUG 90877 --- [productos] [           main] o.s.b.f.s.DefaultListableBeanFactory     : Creating shared instance of singleton bean 'org.springframework.boot.context.properties.EnableConfigurationPropertiesRegistrar.methodValidationExcludeFilter'
2026-05-10T22:43:51.562-04:00 DEBUG 90877 --- [productos] [           main] o.s.b.f.s.DefaultListableBeanFactory     : Creating shared instance of singleton bean 'projectingArgumentResolverBeanPostProcessor'
2026-05-10T22:43:51.563-04:00 DEBUG 90877 --- [productos] [           main] o.s.u.c.s.UiApplicationContextUtils      : Unable to locate ThemeSource with name 'themeSource': using default [org.springframework.ui.context.support.ResourceBundleThemeSource@3d2ec8b2]
2026-05-10T22:43:51.563-04:00 DEBUG 90877 --- [productos] [           main] o.s.b.f.s.DefaultListableBeanFactory     : Creating shared instance of singleton bean 'applicationTaskExecutor'
2026-05-10T22:43:51.564-04:00 DEBUG 90877 --- [productos] [           main] o.s.b.f.s.DefaultListableBeanFactory     : Creating shared instance of singleton bean 'org.springframework.boot.autoconfigure.task.TaskExecutorConfigurations$TaskExecutorConfiguration'
2026-05-10T22:43:51.565-04:00 DEBUG 90877 --- [productos] [           main] o.s.b.f.s.DefaultListableBeanFactory     : Creating shared instance of singleton bean 'threadPoolTaskExecutorBuilder'
2026-05-10T22:43:51.565-04:00 DEBUG 90877 --- [productos] [           main] o.s.b.f.s.DefaultListableBeanFactory     : Creating shared instance of singleton bean 'org.springframework.boot.autoconfigure.task.TaskExecutorConfigurations$ThreadPoolTaskExecutorBuilderConfiguration'
2026-05-10T22:43:51.566-04:00 DEBUG 90877 --- [productos] [           main] o.s.b.f.s.DefaultListableBeanFactory     : Creating shared instance of singleton bean 'spring.task.execution-org.springframework.boot.autoconfigure.task.TaskExecutionProperties'
2026-05-10T22:43:51.567-04:00 DEBUG 90877 --- [productos] [           main] o.s.b.f.s.DefaultListableBeanFactory     : Creating shared instance of singleton bean 'org.springframework.boot.context.properties.BoundConfigurationProperties'
2026-05-10T22:43:51.575-04:00 DEBUG 90877 --- [productos] [           main] o.s.b.f.s.DefaultListableBeanFactory     : Autowiring by type from bean name 'threadPoolTaskExecutorBuilder' via factory method to bean named 'spring.task.execution-org.springframework.boot.autoconfigure.task.TaskExecutionProperties'
2026-05-10T22:43:51.576-04:00 DEBUG 90877 --- [productos] [           main] o.s.b.f.s.DefaultListableBeanFactory     : Autowiring by type from bean name 'applicationTaskExecutor' via factory method to bean named 'threadPoolTaskExecutorBuilder'
2026-05-10T22:43:51.577-04:00 DEBUG 90877 --- [productos] [           main] o.s.s.concurrent.ThreadPoolTaskExecutor  : Initializing ExecutorService 'applicationTaskExecutor'
2026-05-10T22:43:51.581-04:00 DEBUG 90877 --- [productos] [           main] o.s.b.f.s.DefaultListableBeanFactory     : Creating shared instance of singleton bean 'org.springframework.test.context.support.internalDynamicPropertyRegistrarBeanInitializer'
2026-05-10T22:43:51.583-04:00 DEBUG 90877 --- [productos] [           main] o.s.b.f.s.DefaultListableBeanFactory     : Creating shared instance of singleton bean 'productosApplication'
2026-05-10T22:43:51.584-04:00 DEBUG 90877 --- [productos] [           main] o.s.b.f.s.DefaultListableBeanFactory     : Creating shared instance of singleton bean 'productoController'
2026-05-10T22:43:51.585-04:00 DEBUG 90877 --- [productos] [           main] o.s.b.f.s.DefaultListableBeanFactory     : Autowiring by type from bean name 'productoController' via constructor to bean named 'fullstack_productos.productos.service.ProductoService#0'
2026-05-10T22:43:51.587-04:00 DEBUG 90877 --- [productos] [           main] o.s.b.f.s.DefaultListableBeanFactory     : Creating shared instance of singleton bean 'globalExceptionHandler'
2026-05-10T22:43:51.587-04:00 DEBUG 90877 --- [productos] [           main] o.s.b.f.s.DefaultListableBeanFactory     : Creating shared instance of singleton bean 'org.springframework.boot.autoconfigure.AutoConfigurationPackages'
2026-05-10T22:43:51.588-04:00 DEBUG 90877 --- [productos] [           main] o.s.b.f.s.DefaultListableBeanFactory     : Creating shared instance of singleton bean 'org.springframework.boot.autoconfigure.task.TaskExecutorConfigurations$SimpleAsyncTaskExecutorBuilderConfiguration'
2026-05-10T22:43:51.589-04:00 DEBUG 90877 --- [productos] [           main] o.s.b.f.s.DefaultListableBeanFactory     : Autowiring by type from bean name 'org.springframework.boot.autoconfigure.task.TaskExecutorConfigurations$SimpleAsyncTaskExecutorBuilderConfiguration' via constructor to bean named 'spring.task.execution-org.springframework.boot.autoconfigure.task.TaskExecutionProperties'
2026-05-10T22:43:51.589-04:00 DEBUG 90877 --- [productos] [           main] o.s.b.f.s.DefaultListableBeanFactory     : Creating shared instance of singleton bean 'simpleAsyncTaskExecutorBuilder'
2026-05-10T22:43:51.590-04:00 DEBUG 90877 --- [productos] [           main] o.s.b.f.s.DefaultListableBeanFactory     : Creating shared instance of singleton bean 'org.springframework.boot.autoconfigure.task.TaskExecutorConfigurations$AsyncConfigurerConfiguration'
2026-05-10T22:43:51.590-04:00 DEBUG 90877 --- [productos] [           main] o.s.b.f.s.DefaultListableBeanFactory     : Creating shared instance of singleton bean 'applicationTaskExecutorAsyncConfigurer'
2026-05-10T22:43:51.590-04:00 DEBUG 90877 --- [productos] [           main] o.s.b.f.s.DefaultListableBeanFactory     : Autowiring by type from bean name 'applicationTaskExecutorAsyncConfigurer' via factory method to bean named 'org.springframework.beans.factory.support.DefaultListableBeanFactory@797a5b31'
2026-05-10T22:43:51.591-04:00 DEBUG 90877 --- [productos] [           main] o.s.b.f.s.DefaultListableBeanFactory     : Creating shared instance of singleton bean 'org.springframework.boot.autoconfigure.task.TaskExecutorConfigurations$BootstrapExecutorConfiguration'
2026-05-10T22:43:51.591-04:00 DEBUG 90877 --- [productos] [           main] o.s.b.f.s.DefaultListableBeanFactory     : Creating shared instance of singleton bean 'org.springframework.boot.autoconfigure.task.TaskExecutionAutoConfiguration'
2026-05-10T22:43:51.592-04:00 DEBUG 90877 --- [productos] [           main] o.s.b.f.s.DefaultListableBeanFactory     : Creating shared instance of singleton bean 'org.springframework.boot.autoconfigure.validation.ValidationAutoConfiguration'
2026-05-10T22:43:51.592-04:00 DEBUG 90877 --- [productos] [           main] o.s.b.f.s.DefaultListableBeanFactory     : Creating shared instance of singleton bean 'defaultValidator'
2026-05-10T22:43:51.592-04:00 DEBUG 90877 --- [productos] [           main] o.s.b.f.s.DefaultListableBeanFactory     : Autowiring by type from bean name 'defaultValidator' via factory method to bean named 'org.springframework.web.context.support.GenericWebApplicationContext@1660bba7'
2026-05-10T22:43:51.593-04:00 DEBUG 90877 --- [productos] [           main] .h.v.m.ResourceBundleMessageInterpolator : Loaded expression factory via original TCCL
2026-05-10T22:43:51.593-04:00 DEBUG 90877 --- [productos] [           main] o.h.v.i.e.AbstractConfigurationImpl      : Setting custom MessageInterpolator of type org.springframework.validation.beanvalidation.LocaleContextMessageInterpolator
2026-05-10T22:43:51.593-04:00 DEBUG 90877 --- [productos] [           main] o.h.v.i.e.AbstractConfigurationImpl      : Setting custom ConstraintValidatorFactory of type org.springframework.validation.beanvalidation.SpringConstraintValidatorFactory
2026-05-10T22:43:51.594-04:00 DEBUG 90877 --- [productos] [           main] o.h.v.i.xml.config.ValidationXmlParser   : Trying to load META-INF/validation.xml for XML based Validator configuration.
2026-05-10T22:43:51.594-04:00 DEBUG 90877 --- [productos] [           main] o.h.v.i.xml.config.ResourceLoaderHelper  : Trying to load META-INF/validation.xml via user class loader
2026-05-10T22:43:51.594-04:00 DEBUG 90877 --- [productos] [           main] o.h.v.i.xml.config.ResourceLoaderHelper  : Trying to load META-INF/validation.xml via TCCL
2026-05-10T22:43:51.594-04:00 DEBUG 90877 --- [productos] [           main] o.h.v.i.xml.config.ResourceLoaderHelper  : Trying to load META-INF/validation.xml via Hibernate Validator's class loader
2026-05-10T22:43:51.594-04:00 DEBUG 90877 --- [productos] [           main] o.h.v.i.xml.config.ValidationXmlParser   : No META-INF/validation.xml found. Using annotation based configuration only.
2026-05-10T22:43:51.595-04:00 DEBUG 90877 --- [productos] [           main] o.h.v.i.e.resolver.TraversableResolvers  : Found jakarta.persistence.Persistence on classpath containing 'getPersistenceUtil'. Assuming JPA 2 environment. Trying to instantiate JPA aware TraversableResolver
2026-05-10T22:43:51.595-04:00 DEBUG 90877 --- [productos] [           main] o.h.v.i.e.resolver.TraversableResolvers  : Instantiated JPA aware TraversableResolver of type org.hibernate.validator.internal.engine.resolver.JPATraversableResolver.
2026-05-10T22:43:51.597-04:00 DEBUG 90877 --- [productos] [           main] .i.e.ValidatorFactoryConfigurationHelper : HV000252: Using org.hibernate.validator.internal.engine.DefaultPropertyNodeNameProvider as property node name provider.
2026-05-10T22:43:51.597-04:00 DEBUG 90877 --- [productos] [           main] .i.e.ValidatorFactoryConfigurationHelper : HV000234: Using org.springframework.validation.beanvalidation.LocaleContextMessageInterpolator as ValidatorFactory-scoped message interpolator.
2026-05-10T22:43:51.598-04:00 DEBUG 90877 --- [productos] [           main] .i.e.ValidatorFactoryConfigurationHelper : HV000234: Using org.hibernate.validator.internal.engine.resolver.JPATraversableResolver as ValidatorFactory-scoped traversable resolver.
2026-05-10T22:43:51.598-04:00 DEBUG 90877 --- [productos] [           main] .i.e.ValidatorFactoryConfigurationHelper : HV000234: Using org.hibernate.validator.internal.util.ExecutableParameterNameProvider as ValidatorFactory-scoped parameter name provider.
2026-05-10T22:43:51.598-04:00 DEBUG 90877 --- [productos] [           main] .i.e.ValidatorFactoryConfigurationHelper : HV000234: Using org.hibernate.validator.internal.engine.DefaultClockProvider as ValidatorFactory-scoped clock provider.
2026-05-10T22:43:51.598-04:00 DEBUG 90877 --- [productos] [           main] .i.e.ValidatorFactoryConfigurationHelper : HV000234: Using org.hibernate.validator.internal.engine.scripting.DefaultScriptEvaluatorFactory as ValidatorFactory-scoped script evaluator factory.
2026-05-10T22:43:51.599-04:00 DEBUG 90877 --- [productos] [           main] o.s.b.f.s.DefaultListableBeanFactory     : Creating shared instance of singleton bean 'org.springframework.boot.autoconfigure.web.servlet.error.ErrorMvcAutoConfiguration$WhitelabelErrorViewConfiguration'
2026-05-10T22:43:51.599-04:00 DEBUG 90877 --- [productos] [           main] o.s.b.f.s.DefaultListableBeanFactory     : Creating shared instance of singleton bean 'error'
2026-05-10T22:43:51.600-04:00 DEBUG 90877 --- [productos] [           main] o.s.b.f.s.DefaultListableBeanFactory     : Creating shared instance of singleton bean 'beanNameViewResolver'
2026-05-10T22:43:51.600-04:00 DEBUG 90877 --- [productos] [           main] o.s.b.f.s.DefaultListableBeanFactory     : Creating shared instance of singleton bean 'org.springframework.boot.autoconfigure.web.servlet.error.ErrorMvcAutoConfiguration$DefaultErrorViewResolverConfiguration'
2026-05-10T22:43:51.601-04:00 DEBUG 90877 --- [productos] [           main] o.s.b.f.s.DefaultListableBeanFactory     : Creating shared instance of singleton bean 'spring.web-org.springframework.boot.autoconfigure.web.WebProperties'
2026-05-10T22:43:51.602-04:00 DEBUG 90877 --- [productos] [           main] o.s.b.f.s.DefaultListableBeanFactory     : Autowiring by type from bean name 'org.springframework.boot.autoconfigure.web.servlet.error.ErrorMvcAutoConfiguration$DefaultErrorViewResolverConfiguration' via constructor to bean named 'org.springframework.web.context.support.GenericWebApplicationContext@1660bba7'
2026-05-10T22:43:51.602-04:00 DEBUG 90877 --- [productos] [           main] o.s.b.f.s.DefaultListableBeanFactory     : Autowiring by type from bean name 'org.springframework.boot.autoconfigure.web.servlet.error.ErrorMvcAutoConfiguration$DefaultErrorViewResolverConfiguration' via constructor to bean named 'spring.web-org.springframework.boot.autoconfigure.web.WebProperties'
2026-05-10T22:43:51.602-04:00 DEBUG 90877 --- [productos] [           main] o.s.b.f.s.DefaultListableBeanFactory     : Creating shared instance of singleton bean 'spring.mvc-org.springframework.boot.autoconfigure.web.servlet.WebMvcProperties'
2026-05-10T22:43:51.605-04:00 DEBUG 90877 --- [productos] [           main] o.s.b.f.s.DefaultListableBeanFactory     : Creating shared instance of singleton bean 'org.springframework.boot.autoconfigure.web.servlet.error.ErrorMvcAutoConfiguration'
2026-05-10T22:43:51.605-04:00 DEBUG 90877 --- [productos] [           main] o.s.b.f.s.DefaultListableBeanFactory     : Creating shared instance of singleton bean 'server-org.springframework.boot.autoconfigure.web.ServerProperties'
2026-05-10T22:43:51.609-04:00 DEBUG 90877 --- [productos] [           main] o.s.b.f.s.DefaultListableBeanFactory     : Autowiring by type from bean name 'org.springframework.boot.autoconfigure.web.servlet.error.ErrorMvcAutoConfiguration' via constructor to bean named 'server-org.springframework.boot.autoconfigure.web.ServerProperties'
2026-05-10T22:43:51.609-04:00 DEBUG 90877 --- [productos] [           main] o.s.b.f.s.DefaultListableBeanFactory     : Creating shared instance of singleton bean 'errorAttributes'
2026-05-10T22:43:51.610-04:00 DEBUG 90877 --- [productos] [           main] o.s.b.f.s.DefaultListableBeanFactory     : Creating shared instance of singleton bean 'basicErrorController'
2026-05-10T22:43:51.610-04:00 DEBUG 90877 --- [productos] [           main] o.s.b.f.s.DefaultListableBeanFactory     : Autowiring by type from bean name 'basicErrorController' via factory method to bean named 'errorAttributes'
2026-05-10T22:43:51.611-04:00 DEBUG 90877 --- [productos] [           main] o.s.b.f.s.DefaultListableBeanFactory     : Creating shared instance of singleton bean 'errorPageCustomizer'
2026-05-10T22:43:51.611-04:00 DEBUG 90877 --- [productos] [           main] o.s.b.f.s.DefaultListableBeanFactory     : Creating shared instance of singleton bean 'dispatcherServletPath'
2026-05-10T22:43:51.611-04:00 DEBUG 90877 --- [productos] [           main] o.s.b.f.s.DefaultListableBeanFactory     : Creating shared instance of singleton bean 'org.springframework.boot.test.autoconfigure.web.servlet.MockMvcAutoConfiguration'
2026-05-10T22:43:51.612-04:00 DEBUG 90877 --- [productos] [           main] o.s.b.f.s.DefaultListableBeanFactory     : Autowiring by type from bean name 'dispatcherServletPath' via factory method to bean named 'spring.mvc-org.springframework.boot.autoconfigure.web.servlet.WebMvcProperties'
2026-05-10T22:43:51.613-04:00 DEBUG 90877 --- [productos] [           main] o.s.b.f.s.DefaultListableBeanFactory     : Autowiring by type from bean name 'errorPageCustomizer' via factory method to bean named 'dispatcherServletPath'
2026-05-10T22:43:51.613-04:00 DEBUG 90877 --- [productos] [           main] o.s.b.f.s.DefaultListableBeanFactory     : Creating shared instance of singleton bean 'org.springframework.boot.autoconfigure.web.servlet.WebMvcAutoConfiguration$EnableWebMvcConfiguration'
2026-05-10T22:43:51.614-04:00 DEBUG 90877 --- [productos] [           main] o.s.b.f.s.DefaultListableBeanFactory     : Autowiring by type from bean name 'org.springframework.boot.autoconfigure.web.servlet.WebMvcAutoConfiguration$EnableWebMvcConfiguration' via constructor to bean named 'spring.mvc-org.springframework.boot.autoconfigure.web.servlet.WebMvcProperties'
2026-05-10T22:43:51.615-04:00 DEBUG 90877 --- [productos] [           main] o.s.b.f.s.DefaultListableBeanFactory     : Autowiring by type from bean name 'org.springframework.boot.autoconfigure.web.servlet.WebMvcAutoConfiguration$EnableWebMvcConfiguration' via constructor to bean named 'spring.web-org.springframework.boot.autoconfigure.web.WebProperties'
2026-05-10T22:43:51.615-04:00 DEBUG 90877 --- [productos] [           main] o.s.b.f.s.DefaultListableBeanFactory     : Autowiring by type from bean name 'org.springframework.boot.autoconfigure.web.servlet.WebMvcAutoConfiguration$EnableWebMvcConfiguration' via constructor to bean named 'org.springframework.beans.factory.support.DefaultListableBeanFactory@797a5b31'
2026-05-10T22:43:51.617-04:00 DEBUG 90877 --- [productos] [           main] o.s.b.f.s.DefaultListableBeanFactory     : Creating shared instance of singleton bean 'org.springframework.boot.autoconfigure.web.servlet.WebMvcAutoConfiguration$WebMvcAutoConfigurationAdapter'
2026-05-10T22:43:51.617-04:00 DEBUG 90877 --- [productos] [           main] o.s.b.f.s.DefaultListableBeanFactory     : Autowiring by type from bean name 'org.springframework.boot.autoconfigure.web.servlet.WebMvcAutoConfiguration$WebMvcAutoConfigurationAdapter' via constructor to bean named 'spring.web-org.springframework.boot.autoconfigure.web.WebProperties'
2026-05-10T22:43:51.618-04:00 DEBUG 90877 --- [productos] [           main] o.s.b.f.s.DefaultListableBeanFactory     : Autowiring by type from bean name 'org.springframework.boot.autoconfigure.web.servlet.WebMvcAutoConfiguration$WebMvcAutoConfigurationAdapter' via constructor to bean named 'spring.mvc-org.springframework.boot.autoconfigure.web.servlet.WebMvcProperties'
2026-05-10T22:43:51.618-04:00 DEBUG 90877 --- [productos] [           main] o.s.b.f.s.DefaultListableBeanFactory     : Autowiring by type from bean name 'org.springframework.boot.autoconfigure.web.servlet.WebMvcAutoConfiguration$WebMvcAutoConfigurationAdapter' via constructor to bean named 'org.springframework.beans.factory.support.DefaultListableBeanFactory@797a5b31'
2026-05-10T22:43:51.618-04:00 DEBUG 90877 --- [productos] [           main] o.s.b.f.s.DefaultListableBeanFactory     : Creating shared instance of singleton bean 'org.springframework.data.web.config.SpringDataWebConfiguration'
2026-05-10T22:43:51.619-04:00 DEBUG 90877 --- [productos] [           main] o.s.b.f.s.DefaultListableBeanFactory     : Autowiring by type from bean name 'org.springframework.data.web.config.SpringDataWebConfiguration' via constructor to bean named 'org.springframework.web.context.support.GenericWebApplicationContext@1660bba7'
2026-05-10T22:43:51.620-04:00 DEBUG 90877 --- [productos] [           main] o.s.b.f.s.DefaultListableBeanFactory     : Creating shared instance of singleton bean 'welcomePageHandlerMapping'
2026-05-10T22:43:51.621-04:00 DEBUG 90877 --- [productos] [           main] o.s.b.f.s.DefaultListableBeanFactory     : Creating shared instance of singleton bean 'mvcConversionService'
2026-05-10T22:43:51.627-04:00 DEBUG 90877 --- [productos] [           main] o.s.b.f.s.DefaultListableBeanFactory     : Creating shared instance of singleton bean 'mvcResourceUrlProvider'
2026-05-10T22:43:51.628-04:00 DEBUG 90877 --- [productos] [           main] o.s.b.f.s.DefaultListableBeanFactory     : Autowiring by type from bean name 'welcomePageHandlerMapping' via factory method to bean named 'org.springframework.web.context.support.GenericWebApplicationContext@1660bba7'
2026-05-10T22:43:51.628-04:00 DEBUG 90877 --- [productos] [           main] o.s.b.f.s.DefaultListableBeanFactory     : Autowiring by type from bean name 'welcomePageHandlerMapping' via factory method to bean named 'mvcConversionService'
2026-05-10T22:43:51.628-04:00 DEBUG 90877 --- [productos] [           main] o.s.b.f.s.DefaultListableBeanFactory     : Autowiring by type from bean name 'welcomePageHandlerMapping' via factory method to bean named 'mvcResourceUrlProvider'
2026-05-10T22:43:51.631-04:00 DEBUG 90877 --- [productos] [           main] o.s.b.f.s.DefaultListableBeanFactory     : Creating shared instance of singleton bean 'welcomePageNotAcceptableHandlerMapping'
2026-05-10T22:43:51.631-04:00 DEBUG 90877 --- [productos] [           main] o.s.b.f.s.DefaultListableBeanFactory     : Autowiring by type from bean name 'welcomePageNotAcceptableHandlerMapping' via factory method to bean named 'org.springframework.web.context.support.GenericWebApplicationContext@1660bba7'
2026-05-10T22:43:51.631-04:00 DEBUG 90877 --- [productos] [           main] o.s.b.f.s.DefaultListableBeanFactory     : Autowiring by type from bean name 'welcomePageNotAcceptableHandlerMapping' via factory method to bean named 'mvcConversionService'
2026-05-10T22:43:51.632-04:00 DEBUG 90877 --- [productos] [           main] o.s.b.f.s.DefaultListableBeanFactory     : Autowiring by type from bean name 'welcomePageNotAcceptableHandlerMapping' via factory method to bean named 'mvcResourceUrlProvider'
2026-05-10T22:43:51.634-04:00 DEBUG 90877 --- [productos] [           main] o.s.b.f.s.DefaultListableBeanFactory     : Creating shared instance of singleton bean 'localeResolver'
2026-05-10T22:43:51.634-04:00 DEBUG 90877 --- [productos] [           main] o.s.b.f.s.DefaultListableBeanFactory     : Creating shared instance of singleton bean 'themeResolver'
2026-05-10T22:43:51.634-04:00 DEBUG 90877 --- [productos] [           main] o.s.b.f.s.DefaultListableBeanFactory     : Creating shared instance of singleton bean 'flashMapManager'
2026-05-10T22:43:51.635-04:00 DEBUG 90877 --- [productos] [           main] o.s.b.f.s.DefaultListableBeanFactory     : Creating shared instance of singleton bean 'viewNameTranslator'
2026-05-10T22:43:51.635-04:00 DEBUG 90877 --- [productos] [           main] o.s.b.f.s.DefaultListableBeanFactory     : Creating shared instance of singleton bean 'mvcValidator'
2026-05-10T22:43:51.636-04:00 DEBUG 90877 --- [productos] [           main] o.s.b.f.s.DefaultListableBeanFactory     : Creating shared instance of singleton bean 'mvcContentNegotiationManager'
2026-05-10T22:43:51.636-04:00 DEBUG 90877 --- [productos] [           main] o.s.b.f.s.DefaultListableBeanFactory     : Creating shared instance of singleton bean 'requestMappingHandlerMapping'
2026-05-10T22:43:51.637-04:00 DEBUG 90877 --- [productos] [           main] o.s.b.f.s.DefaultListableBeanFactory     : Autowiring by type from bean name 'requestMappingHandlerMapping' via factory method to bean named 'mvcContentNegotiationManager'
2026-05-10T22:43:51.637-04:00 DEBUG 90877 --- [productos] [           main] o.s.b.f.s.DefaultListableBeanFactory     : Autowiring by type from bean name 'requestMappingHandlerMapping' via factory method to bean named 'mvcConversionService'
2026-05-10T22:43:51.637-04:00 DEBUG 90877 --- [productos] [           main] o.s.b.f.s.DefaultListableBeanFactory     : Autowiring by type from bean name 'requestMappingHandlerMapping' via factory method to bean named 'mvcResourceUrlProvider'
2026-05-10T22:43:51.650-04:00 DEBUG 90877 --- [productos] [           main] s.w.s.m.m.a.RequestMappingHandlerMapping : 7 mappings in 'requestMappingHandlerMapping'
2026-05-10T22:43:51.650-04:00 DEBUG 90877 --- [productos] [           main] o.s.b.f.s.DefaultListableBeanFactory     : Creating shared instance of singleton bean 'mvcPatternParser'
2026-05-10T22:43:51.650-04:00 DEBUG 90877 --- [productos] [           main] o.s.b.f.s.DefaultListableBeanFactory     : Creating shared instance of singleton bean 'mvcUrlPathHelper'
2026-05-10T22:43:51.651-04:00 DEBUG 90877 --- [productos] [           main] o.s.b.f.s.DefaultListableBeanFactory     : Creating shared instance of singleton bean 'mvcPathMatcher'
2026-05-10T22:43:51.651-04:00 DEBUG 90877 --- [productos] [           main] o.s.b.f.s.DefaultListableBeanFactory     : Creating shared instance of singleton bean 'viewControllerHandlerMapping'
2026-05-10T22:43:51.652-04:00 DEBUG 90877 --- [productos] [           main] o.s.b.f.s.DefaultListableBeanFactory     : Autowiring by type from bean name 'viewControllerHandlerMapping' via factory method to bean named 'mvcConversionService'
2026-05-10T22:43:51.652-04:00 DEBUG 90877 --- [productos] [           main] o.s.b.f.s.DefaultListableBeanFactory     : Autowiring by type from bean name 'viewControllerHandlerMapping' via factory method to bean named 'mvcResourceUrlProvider'
2026-05-10T22:43:51.652-04:00 DEBUG 90877 --- [productos] [           main] o.s.b.f.s.DefaultListableBeanFactory     : Creating shared instance of singleton bean 'beanNameHandlerMapping'
2026-05-10T22:43:51.652-04:00 DEBUG 90877 --- [productos] [           main] o.s.b.f.s.DefaultListableBeanFactory     : Autowiring by type from bean name 'beanNameHandlerMapping' via factory method to bean named 'mvcConversionService'
2026-05-10T22:43:51.652-04:00 DEBUG 90877 --- [productos] [           main] o.s.b.f.s.DefaultListableBeanFactory     : Autowiring by type from bean name 'beanNameHandlerMapping' via factory method to bean named 'mvcResourceUrlProvider'
2026-05-10T22:43:51.653-04:00 DEBUG 90877 --- [productos] [           main] o.s.b.f.s.DefaultListableBeanFactory     : Creating shared instance of singleton bean 'routerFunctionMapping'
2026-05-10T22:43:51.654-04:00 DEBUG 90877 --- [productos] [           main] o.s.b.f.s.DefaultListableBeanFactory     : Autowiring by type from bean name 'routerFunctionMapping' via factory method to bean named 'mvcConversionService'
2026-05-10T22:43:51.654-04:00 DEBUG 90877 --- [productos] [           main] o.s.b.f.s.DefaultListableBeanFactory     : Autowiring by type from bean name 'routerFunctionMapping' via factory method to bean named 'mvcResourceUrlProvider'
2026-05-10T22:43:51.654-04:00 DEBUG 90877 --- [productos] [           main] o.s.b.f.s.DefaultListableBeanFactory     : Creating shared instance of singleton bean 'messageConverters'
2026-05-10T22:43:51.654-04:00 DEBUG 90877 --- [productos] [           main] o.s.b.f.s.DefaultListableBeanFactory     : Creating shared instance of singleton bean 'org.springframework.boot.autoconfigure.http.HttpMessageConvertersAutoConfiguration'
2026-05-10T22:43:51.655-04:00 DEBUG 90877 --- [productos] [           main] o.s.b.f.s.DefaultListableBeanFactory     : Creating shared instance of singleton bean 'stringHttpMessageConverter'
2026-05-10T22:43:51.656-04:00 DEBUG 90877 --- [productos] [           main] o.s.b.f.s.DefaultListableBeanFactory     : Creating shared instance of singleton bean 'org.springframework.boot.autoconfigure.http.HttpMessageConvertersAutoConfiguration$StringHttpMessageConverterConfiguration'
2026-05-10T22:43:51.656-04:00 DEBUG 90877 --- [productos] [           main] o.s.b.f.s.DefaultListableBeanFactory     : Autowiring by type from bean name 'stringHttpMessageConverter' via factory method to bean named 'environment'
2026-05-10T22:43:51.658-04:00 DEBUG 90877 --- [productos] [           main] o.s.b.f.s.DefaultListableBeanFactory     : Creating shared instance of singleton bean 'mappingJackson2HttpMessageConverter'
2026-05-10T22:43:51.658-04:00 DEBUG 90877 --- [productos] [           main] o.s.b.f.s.DefaultListableBeanFactory     : Creating shared instance of singleton bean 'org.springframework.boot.autoconfigure.http.JacksonHttpMessageConvertersConfiguration$MappingJackson2HttpMessageConverterConfiguration'
2026-05-10T22:43:51.659-04:00 DEBUG 90877 --- [productos] [           main] o.s.b.f.s.DefaultListableBeanFactory     : Creating shared instance of singleton bean 'jacksonObjectMapper'
2026-05-10T22:43:51.659-04:00 DEBUG 90877 --- [productos] [           main] o.s.b.f.s.DefaultListableBeanFactory     : Creating shared instance of singleton bean 'org.springframework.boot.autoconfigure.jackson.JacksonAutoConfiguration$JacksonObjectMapperConfiguration'
2026-05-10T22:43:51.659-04:00 DEBUG 90877 --- [productos] [           main] o.s.b.f.s.DefaultListableBeanFactory     : Creating shared instance of singleton bean 'org.springframework.boot.autoconfigure.jackson.JacksonAutoConfiguration$JacksonObjectMapperBuilderConfiguration'
2026-05-10T22:43:51.660-04:00 DEBUG 90877 --- [productos] [           main] o.s.b.f.s.DefaultListableBeanFactory     : Creating shared instance of singleton bean 'standardJacksonObjectMapperBuilderCustomizer'
2026-05-10T22:43:51.661-04:00 DEBUG 90877 --- [productos] [           main] o.s.b.f.s.DefaultListableBeanFactory     : Creating shared instance of singleton bean 'org.springframework.boot.autoconfigure.jackson.JacksonAutoConfiguration$Jackson2ObjectMapperBuilderCustomizerConfiguration'
2026-05-10T22:43:51.661-04:00 DEBUG 90877 --- [productos] [           main] o.s.b.f.s.DefaultListableBeanFactory     : Creating shared instance of singleton bean 'spring.jackson-org.springframework.boot.autoconfigure.jackson.JacksonProperties'
2026-05-10T22:43:51.664-04:00 DEBUG 90877 --- [productos] [           main] o.s.b.f.s.DefaultListableBeanFactory     : Autowiring by type from bean name 'standardJacksonObjectMapperBuilderCustomizer' via factory method to bean named 'spring.jackson-org.springframework.boot.autoconfigure.jackson.JacksonProperties'
2026-05-10T22:43:51.665-04:00 DEBUG 90877 --- [productos] [           main] o.s.b.f.s.DefaultListableBeanFactory     : Creating shared instance of singleton bean 'parameterNamesModule'
2026-05-10T22:43:51.665-04:00 DEBUG 90877 --- [productos] [           main] o.s.b.f.s.DefaultListableBeanFactory     : Creating shared instance of singleton bean 'org.springframework.boot.autoconfigure.jackson.JacksonAutoConfiguration$ParameterNamesModuleConfiguration'
2026-05-10T22:43:51.666-04:00 DEBUG 90877 --- [productos] [           main] o.s.b.f.s.DefaultListableBeanFactory     : Creating shared instance of singleton bean 'jsonMixinModule'
2026-05-10T22:43:51.666-04:00 DEBUG 90877 --- [productos] [           main] o.s.b.f.s.DefaultListableBeanFactory     : Creating shared instance of singleton bean 'org.springframework.boot.autoconfigure.jackson.JacksonAutoConfiguration$JacksonMixinConfiguration'
2026-05-10T22:43:51.667-04:00 DEBUG 90877 --- [productos] [           main] o.s.b.f.s.DefaultListableBeanFactory     : Creating shared instance of singleton bean 'jsonMixinModuleEntries'
2026-05-10T22:43:51.667-04:00 DEBUG 90877 --- [productos] [           main] o.s.b.f.s.DefaultListableBeanFactory     : Autowiring by type from bean name 'jsonMixinModuleEntries' via factory method to bean named 'org.springframework.web.context.support.GenericWebApplicationContext@1660bba7'
2026-05-10T22:43:51.667-04:00 DEBUG 90877 --- [productos] [           main] o.s.b.a.AutoConfigurationPackages        : @EnableAutoConfiguration was declared on a class in the package 'fullstack_productos.productos'. Automatic @Repository and @Entity scanning is enabled.
2026-05-10T22:43:51.672-04:00 DEBUG 90877 --- [productos] [           main] o.s.b.f.s.DefaultListableBeanFactory     : Autowiring by type from bean name 'jsonMixinModule' via factory method to bean named 'org.springframework.web.context.support.GenericWebApplicationContext@1660bba7'
2026-05-10T22:43:51.673-04:00 DEBUG 90877 --- [productos] [           main] o.s.b.f.s.DefaultListableBeanFactory     : Autowiring by type from bean name 'jsonMixinModule' via factory method to bean named 'jsonMixinModuleEntries'
2026-05-10T22:43:51.674-04:00 DEBUG 90877 --- [productos] [           main] o.s.b.f.s.DefaultListableBeanFactory     : Creating shared instance of singleton bean 'jsonComponentModule'
2026-05-10T22:43:51.674-04:00 DEBUG 90877 --- [productos] [           main] o.s.b.f.s.DefaultListableBeanFactory     : Creating shared instance of singleton bean 'org.springframework.boot.autoconfigure.jackson.JacksonAutoConfiguration'
2026-05-10T22:43:51.677-04:00 DEBUG 90877 --- [productos] [           main] o.s.b.f.s.DefaultListableBeanFactory     : Creating shared instance of singleton bean 'jacksonGeoModule'
2026-05-10T22:43:51.677-04:00 DEBUG 90877 --- [productos] [           main] o.s.b.f.s.DefaultListableBeanFactory     : Creating shared instance of singleton bean 'org.springframework.data.web.config.SpringDataJacksonConfiguration'
2026-05-10T22:43:51.677-04:00 DEBUG 90877 --- [productos] [           main] o.s.b.f.s.DefaultListableBeanFactory     : Creating shared instance of singleton bean 'springDataWebSettings'
2026-05-10T22:43:51.678-04:00 DEBUG 90877 --- [productos] [           main] o.s.b.f.s.DefaultListableBeanFactory     : Creating shared instance of singleton bean 'org.springframework.boot.autoconfigure.data.web.SpringDataWebAutoConfiguration'
2026-05-10T22:43:51.678-04:00 DEBUG 90877 --- [productos] [           main] o.s.b.f.s.DefaultListableBeanFactory     : Creating shared instance of singleton bean 'spring.data.web-org.springframework.boot.autoconfigure.data.web.SpringDataWebProperties'
2026-05-10T22:43:51.679-04:00 DEBUG 90877 --- [productos] [           main] o.s.b.f.s.DefaultListableBeanFactory     : Autowiring by type from bean name 'org.springframework.boot.autoconfigure.data.web.SpringDataWebAutoConfiguration' via constructor to bean named 'spring.data.web-org.springframework.boot.autoconfigure.data.web.SpringDataWebProperties'
2026-05-10T22:43:51.680-04:00 DEBUG 90877 --- [productos] [           main] o.s.b.f.s.DefaultListableBeanFactory     : Creating shared instance of singleton bean 'pageModule'
2026-05-10T22:43:51.681-04:00 DEBUG 90877 --- [productos] [           main] o.s.b.f.s.DefaultListableBeanFactory     : Autowiring by type from bean name 'jacksonObjectMapperBuilder' via factory method to bean named 'org.springframework.web.context.support.GenericWebApplicationContext@1660bba7'
2026-05-10T22:43:51.681-04:00 DEBUG 90877 --- [productos] [           main] o.s.b.f.s.DefaultListableBeanFactory     : Autowiring by type from bean name 'jacksonObjectMapperBuilder' via factory method to bean named 'standardJacksonObjectMapperBuilderCustomizer'
2026-05-10T22:43:51.682-04:00 DEBUG 90877 --- [productos] [           main] o.s.b.f.s.DefaultListableBeanFactory     : Autowiring by type from bean name 'jacksonObjectMapper' via factory method to bean named 'jacksonObjectMapperBuilder'
2026-05-10T22:43:51.683-04:00 DEBUG 90877 --- [productos] [           main] o.s.b.f.s.DefaultListableBeanFactory     : Autowiring by type from bean name 'mappingJackson2HttpMessageConverter' via factory method to bean named 'jacksonObjectMapper'
2026-05-10T22:43:51.689-04:00 DEBUG 90877 --- [productos] [           main] o.s.b.f.s.DefaultListableBeanFactory     : Creating shared instance of singleton bean 'resourceHandlerMapping'
2026-05-10T22:43:51.690-04:00 DEBUG 90877 --- [productos] [           main] o.s.b.f.s.DefaultListableBeanFactory     : Autowiring by type from bean name 'resourceHandlerMapping' via factory method to bean named 'mvcContentNegotiationManager'
2026-05-10T22:43:51.690-04:00 DEBUG 90877 --- [productos] [           main] o.s.b.f.s.DefaultListableBeanFactory     : Autowiring by type from bean name 'resourceHandlerMapping' via factory method to bean named 'mvcConversionService'
2026-05-10T22:43:51.690-04:00 DEBUG 90877 --- [productos] [           main] o.s.b.f.s.DefaultListableBeanFactory     : Autowiring by type from bean name 'resourceHandlerMapping' via factory method to bean named 'mvcResourceUrlProvider'
2026-05-10T22:43:51.692-04:00 DEBUG 90877 --- [productos] [           main] o.s.w.s.handler.SimpleUrlHandlerMapping  : Patterns [/webjars/**, /**] in 'resourceHandlerMapping'
2026-05-10T22:43:51.692-04:00 DEBUG 90877 --- [productos] [           main] o.s.b.f.s.DefaultListableBeanFactory     : Creating shared instance of singleton bean 'defaultServletHandlerMapping'
2026-05-10T22:43:51.692-04:00 DEBUG 90877 --- [productos] [           main] o.s.b.f.s.DefaultListableBeanFactory     : Creating shared instance of singleton bean 'requestMappingHandlerAdapter'
2026-05-10T22:43:51.694-04:00 DEBUG 90877 --- [productos] [           main] o.s.b.f.s.DefaultListableBeanFactory     : Autowiring by type from bean name 'requestMappingHandlerAdapter' via factory method to bean named 'mvcContentNegotiationManager'
2026-05-10T22:43:51.694-04:00 DEBUG 90877 --- [productos] [           main] o.s.b.f.s.DefaultListableBeanFactory     : Autowiring by type from bean name 'requestMappingHandlerAdapter' via factory method to bean named 'mvcConversionService'
2026-05-10T22:43:51.694-04:00 DEBUG 90877 --- [productos] [           main] o.s.b.f.s.DefaultListableBeanFactory     : Autowiring by type from bean name 'requestMappingHandlerAdapter' via factory method to bean named 'mvcValidator'
2026-05-10T22:43:51.694-04:00 DEBUG 90877 --- [productos] [           main] o.s.b.f.s.DefaultListableBeanFactory     : Creating shared instance of singleton bean 'sortResolver'
2026-05-10T22:43:51.695-04:00 DEBUG 90877 --- [productos] [           main] o.s.b.f.s.DefaultListableBeanFactory     : Creating shared instance of singleton bean 'sortCustomizer'
2026-05-10T22:43:51.695-04:00 DEBUG 90877 --- [productos] [           main] o.s.b.f.s.DefaultListableBeanFactory     : Creating shared instance of singleton bean 'pageableResolver'
2026-05-10T22:43:51.696-04:00 DEBUG 90877 --- [productos] [           main] o.s.b.f.s.DefaultListableBeanFactory     : Creating shared instance of singleton bean 'pageableCustomizer'
2026-05-10T22:43:51.699-04:00 DEBUG 90877 --- [productos] [           main] s.w.s.m.m.a.RequestMappingHandlerAdapter : ControllerAdvice beans: 0 @ModelAttribute, 0 @InitBinder, 1 RequestBodyAdvice, 1 ResponseBodyAdvice
2026-05-10T22:43:51.699-04:00 DEBUG 90877 --- [productos] [           main] o.s.b.f.s.DefaultListableBeanFactory     : Creating shared instance of singleton bean 'mvcViewResolver'
2026-05-10T22:43:51.700-04:00 DEBUG 90877 --- [productos] [           main] o.s.b.f.s.DefaultListableBeanFactory     : Autowiring by type from bean name 'mvcViewResolver' via factory method to bean named 'mvcContentNegotiationManager'
2026-05-10T22:43:51.701-04:00 DEBUG 90877 --- [productos] [           main] o.s.b.f.s.DefaultListableBeanFactory     : Creating shared instance of singleton bean 'defaultViewResolver'
2026-05-10T22:43:51.701-04:00 DEBUG 90877 --- [productos] [           main] o.s.b.f.s.DefaultListableBeanFactory     : Creating shared instance of singleton bean 'viewResolver'
2026-05-10T22:43:51.702-04:00 DEBUG 90877 --- [productos] [           main] o.s.b.f.s.DefaultListableBeanFactory     : Autowiring by type from bean name 'viewResolver' via factory method to bean named 'org.springframework.beans.factory.support.DefaultListableBeanFactory@797a5b31'
2026-05-10T22:43:51.702-04:00 DEBUG 90877 --- [productos] [           main] o.s.b.f.s.DefaultListableBeanFactory     : Creating shared instance of singleton bean 'viewResolver'
2026-05-10T22:43:51.703-04:00 DEBUG 90877 --- [productos] [           main] o.s.b.f.s.DefaultListableBeanFactory     : Creating shared instance of singleton bean 'handlerFunctionAdapter'
2026-05-10T22:43:51.703-04:00 DEBUG 90877 --- [productos] [           main] o.s.b.f.s.DefaultListableBeanFactory     : Creating shared instance of singleton bean 'mvcUriComponentsContributor'
2026-05-10T22:43:51.704-04:00 DEBUG 90877 --- [productos] [           main] o.s.b.f.s.DefaultListableBeanFactory     : Autowiring by type from bean name 'mvcUriComponentsContributor' via factory method to bean named 'mvcConversionService'
2026-05-10T22:43:51.704-04:00 DEBUG 90877 --- [productos] [           main] o.s.b.f.s.DefaultListableBeanFactory     : Autowiring by type from bean name 'mvcUriComponentsContributor' via factory method to bean named 'requestMappingHandlerAdapter'
2026-05-10T22:43:51.705-04:00 DEBUG 90877 --- [productos] [           main] o.s.b.f.s.DefaultListableBeanFactory     : Creating shared instance of singleton bean 'httpRequestHandlerAdapter'
2026-05-10T22:43:51.705-04:00 DEBUG 90877 --- [productos] [           main] o.s.b.f.s.DefaultListableBeanFactory     : Creating shared instance of singleton bean 'simpleControllerHandlerAdapter'
2026-05-10T22:43:51.706-04:00 DEBUG 90877 --- [productos] [           main] o.s.b.f.s.DefaultListableBeanFactory     : Creating shared instance of singleton bean 'handlerExceptionResolver'
2026-05-10T22:43:51.706-04:00 DEBUG 90877 --- [productos] [           main] o.s.b.f.s.DefaultListableBeanFactory     : Autowiring by type from bean name 'handlerExceptionResolver' via factory method to bean named 'mvcContentNegotiationManager'
2026-05-10T22:43:51.709-04:00 DEBUG 90877 --- [productos] [           main] .m.m.a.ExceptionHandlerExceptionResolver : ControllerAdvice beans: 1 @ExceptionHandler, 1 ResponseBodyAdvice
2026-05-10T22:43:51.709-04:00 DEBUG 90877 --- [productos] [           main] o.s.b.f.s.DefaultListableBeanFactory     : Creating shared instance of singleton bean 'requestContextFilter'
2026-05-10T22:43:51.710-04:00 DEBUG 90877 --- [productos] [           main] o.s.b.f.s.DefaultListableBeanFactory     : Creating shared instance of singleton bean 'org.springframework.boot.autoconfigure.web.servlet.WebMvcAutoConfiguration'
2026-05-10T22:43:51.710-04:00 DEBUG 90877 --- [productos] [           main] o.s.b.f.s.DefaultListableBeanFactory     : Creating shared instance of singleton bean 'formContentFilter'
2026-05-10T22:43:51.712-04:00 DEBUG 90877 --- [productos] [           main] o.s.b.f.s.DefaultListableBeanFactory     : Creating shared instance of singleton bean 'org.springframework.boot.autoconfigure.http.JacksonHttpMessageConvertersConfiguration'
2026-05-10T22:43:51.712-04:00 DEBUG 90877 --- [productos] [           main] o.s.b.f.s.DefaultListableBeanFactory     : Creating shared instance of singleton bean 'org.springframework.data.web.config.ProjectingArgumentResolverRegistrar'
2026-05-10T22:43:51.712-04:00 DEBUG 90877 --- [productos] [           main] o.s.b.f.s.DefaultListableBeanFactory     : Creating shared instance of singleton bean 'offsetResolver'
2026-05-10T22:43:51.713-04:00 DEBUG 90877 --- [productos] [           main] o.s.b.f.s.DefaultListableBeanFactory     : Creating shared instance of singleton bean 'org.springframework.boot.autoconfigure.web.servlet.HttpEncodingAutoConfiguration'
2026-05-10T22:43:51.713-04:00 DEBUG 90877 --- [productos] [           main] o.s.b.f.s.DefaultListableBeanFactory     : Autowiring by type from bean name 'org.springframework.boot.autoconfigure.web.servlet.HttpEncodingAutoConfiguration' via constructor to bean named 'server-org.springframework.boot.autoconfigure.web.ServerProperties'
2026-05-10T22:43:51.714-04:00 DEBUG 90877 --- [productos] [           main] o.s.b.f.s.DefaultListableBeanFactory     : Creating shared instance of singleton bean 'characterEncodingFilter'
2026-05-10T22:43:51.714-04:00 DEBUG 90877 --- [productos] [           main] o.s.b.f.s.DefaultListableBeanFactory     : Creating shared instance of singleton bean 'localeCharsetMappingsCustomizer'
2026-05-10T22:43:51.715-04:00 DEBUG 90877 --- [productos] [           main] o.s.b.f.s.DefaultListableBeanFactory     : Creating shared instance of singleton bean 'org.springframework.boot.test.autoconfigure.web.servlet.MockMvcConfiguration'
2026-05-10T22:43:51.715-04:00 DEBUG 90877 --- [productos] [           main] o.s.b.f.s.DefaultListableBeanFactory     : Autowiring by type from bean name 'org.springframework.boot.test.autoconfigure.web.servlet.MockMvcConfiguration' via constructor to bean named 'org.springframework.web.context.support.GenericWebApplicationContext@1660bba7'
2026-05-10T22:43:51.715-04:00 DEBUG 90877 --- [productos] [           main] o.s.b.f.s.DefaultListableBeanFactory     : Autowiring by type from bean name 'org.springframework.boot.test.autoconfigure.web.servlet.MockMvcConfiguration' via constructor to bean named 'spring.mvc-org.springframework.boot.autoconfigure.web.servlet.WebMvcProperties'
2026-05-10T22:43:51.716-04:00 DEBUG 90877 --- [productos] [           main] o.s.b.f.s.DefaultListableBeanFactory     : Creating shared instance of singleton bean 'mockMvcBuilder'
2026-05-10T22:43:51.717-04:00 DEBUG 90877 --- [productos] [           main] o.s.b.f.s.DefaultListableBeanFactory     : Creating shared instance of singleton bean 'springBootMockMvcBuilderCustomizer'
2026-05-10T22:43:51.720-04:00 DEBUG 90877 --- [productos] [           main] o.s.b.f.s.DefaultListableBeanFactory     : Autowiring by type from bean name 'mockMvcBuilder' via factory method to bean named 'springBootMockMvcBuilderCustomizer'
2026-05-10T22:43:51.729-04:00 DEBUG 90877 --- [productos] [           main] o.s.b.w.s.ServletContextInitializerBeans : Mapping filters: characterEncodingFilter urls=[/*] order=-2147483648, formContentFilter urls=[/*] order=-9900, requestContextFilter urls=[/*] order=-105
2026-05-10T22:43:51.729-04:00 DEBUG 90877 --- [productos] [           main] o.s.b.w.s.ServletContextInitializerBeans : Mapping servlets: 
2026-05-10T22:43:51.735-04:00 DEBUG 90877 --- [productos] [           main] o.s.b.f.s.DefaultListableBeanFactory     : Creating shared instance of singleton bean 'mockMvc'
2026-05-10T22:43:51.735-04:00 DEBUG 90877 --- [productos] [           main] o.s.b.f.s.DefaultListableBeanFactory     : Autowiring by type from bean name 'mockMvc' via factory method to bean named 'mockMvcBuilder'
2026-05-10T22:43:51.739-04:00 DEBUG 90877 --- [productos] [           main] s.b.w.s.f.OrderedCharacterEncodingFilter : Filter 'characterEncodingFilter' configured for use
2026-05-10T22:43:51.739-04:00 DEBUG 90877 --- [productos] [           main] o.s.b.w.s.f.OrderedFormContentFilter     : Filter 'formContentFilter' configured for use
2026-05-10T22:43:51.739-04:00 DEBUG 90877 --- [productos] [           main] o.s.b.w.s.f.OrderedRequestContextFilter  : Filter 'requestContextFilter' configured for use
2026-05-10T22:43:51.740-04:00  INFO 90877 --- [productos] [           main] o.s.b.t.m.w.SpringBootMockServletContext : Initializing Spring TestDispatcherServlet ''
2026-05-10T22:43:51.741-04:00  INFO 90877 --- [productos] [           main] o.s.t.web.servlet.TestDispatcherServlet  : Initializing Servlet ''
2026-05-10T22:43:51.741-04:00 DEBUG 90877 --- [productos] [           main] o.s.t.web.servlet.TestDispatcherServlet  : Detected AcceptHeaderLocaleResolver
2026-05-10T22:43:51.741-04:00 DEBUG 90877 --- [productos] [           main] o.s.t.web.servlet.TestDispatcherServlet  : Detected FixedThemeResolver
2026-05-10T22:43:51.742-04:00 DEBUG 90877 --- [productos] [           main] o.s.t.web.servlet.TestDispatcherServlet  : Detected org.springframework.web.servlet.view.DefaultRequestToViewNameTranslator@57082d16
2026-05-10T22:43:51.742-04:00 DEBUG 90877 --- [productos] [           main] o.s.t.web.servlet.TestDispatcherServlet  : Detected org.springframework.web.servlet.support.SessionFlashMapManager@46092840
2026-05-10T22:43:51.742-04:00 DEBUG 90877 --- [productos] [           main] o.s.t.web.servlet.TestDispatcherServlet  : enableLoggingRequestDetails='false': request parameters and headers will be masked to prevent unsafe logging of potentially sensitive data
2026-05-10T22:43:51.743-04:00  INFO 90877 --- [productos] [           main] o.s.t.web.servlet.TestDispatcherServlet  : Completed initialization in 1 ms
2026-05-10T22:43:51.744-04:00 DEBUG 90877 --- [productos] [           main] o.s.b.f.s.DefaultListableBeanFactory     : Creating shared instance of singleton bean 'org.springframework.boot.test.autoconfigure.web.servlet.MockMvcTesterConfiguration'
2026-05-10T22:43:51.744-04:00 DEBUG 90877 --- [productos] [           main] o.s.b.f.s.DefaultListableBeanFactory     : Creating shared instance of singleton bean 'mockMvcTester'
2026-05-10T22:43:51.745-04:00 DEBUG 90877 --- [productos] [           main] o.s.b.f.s.DefaultListableBeanFactory     : Autowiring by type from bean name 'mockMvcTester' via factory method to bean named 'mockMvc'
2026-05-10T22:43:51.750-04:00 DEBUG 90877 --- [productos] [           main] o.s.b.f.s.DefaultListableBeanFactory     : Creating shared instance of singleton bean 'dispatcherServlet'
2026-05-10T22:43:51.750-04:00 DEBUG 90877 --- [productos] [           main] o.s.b.f.s.DefaultListableBeanFactory     : Autowiring by type from bean name 'dispatcherServlet' via factory method to bean named 'mockMvc'
2026-05-10T22:43:51.760-04:00 DEBUG 90877 --- [productos] [           main] o.s.c.support.DefaultLifecycleProcessor  : Starting beans in phase -2147483647
2026-05-10T22:43:51.760-04:00 DEBUG 90877 --- [productos] [           main] o.s.c.support.DefaultLifecycleProcessor  : Successfully started bean 'springBootLoggingLifecycle'
2026-05-10T22:43:51.760-04:00 DEBUG 90877 --- [productos] [           main] o.s.c.support.DefaultLifecycleProcessor  : Starting beans in phase 1073741823
2026-05-10T22:43:51.764-04:00 DEBUG 90877 --- [productos] [           main] .s.b.a.l.ConditionEvaluationReportLogger : 


============================
CONDITIONS EVALUATION REPORT
============================


Positive matches:
-----------------

   ErrorMvcAutoConfiguration matched:
      - @ConditionalOnClass found required classes 'jakarta.servlet.Servlet', 'org.springframework.web.servlet.DispatcherServlet' (OnClassCondition)
      - found 'session' scope (OnWebApplicationCondition)

   ErrorMvcAutoConfiguration#basicErrorController matched:
      - @ConditionalOnMissingBean (types: org.springframework.boot.web.servlet.error.ErrorController; SearchStrategy: current) did not find any beans (OnBeanCondition)

   ErrorMvcAutoConfiguration#errorAttributes matched:
      - @ConditionalOnMissingBean (types: org.springframework.boot.web.servlet.error.ErrorAttributes; SearchStrategy: current) did not find any beans (OnBeanCondition)

   ErrorMvcAutoConfiguration.WhitelabelErrorViewConfiguration matched:
      - @ConditionalOnBooleanProperty (server.error.whitelabel.enabled=true) matched (OnPropertyCondition)
      - ErrorTemplate Missing did not find error template view (ErrorMvcAutoConfiguration.ErrorTemplateMissingCondition)

   ErrorMvcAutoConfiguration.WhitelabelErrorViewConfiguration#beanNameViewResolver matched:
      - @ConditionalOnMissingBean (types: org.springframework.web.servlet.view.BeanNameViewResolver; SearchStrategy: all) did not find any beans (OnBeanCondition)

   ErrorMvcAutoConfiguration.WhitelabelErrorViewConfiguration#defaultErrorView matched:
      - @ConditionalOnMissingBean (names: error; SearchStrategy: all) did not find any beans (OnBeanCondition)

   HttpEncodingAutoConfiguration matched:
      - @ConditionalOnClass found required class 'org.springframework.web.filter.CharacterEncodingFilter' (OnClassCondition)
      - found 'session' scope (OnWebApplicationCondition)
      - @ConditionalOnBooleanProperty (server.servlet.encoding.enabled=true) matched (OnPropertyCondition)

   HttpEncodingAutoConfiguration#characterEncodingFilter matched:
      - @ConditionalOnMissingBean (types: org.springframework.web.filter.CharacterEncodingFilter; SearchStrategy: all) did not find any beans (OnBeanCondition)

   HttpMessageConvertersAutoConfiguration matched:
      - @ConditionalOnClass found required class 'org.springframework.http.converter.HttpMessageConverter' (OnClassCondition)
      - NoneNestedConditions 0 matched 1 did not; NestedCondition on HttpMessageConvertersAutoConfiguration.NotReactiveWebApplicationCondition.ReactiveWebApplication did not find reactive web application classes (HttpMessageConvertersAutoConfiguration.NotReactiveWebApplicationCondition)

   HttpMessageConvertersAutoConfiguration#messageConverters matched:
      - @ConditionalOnMissingBean (types: org.springframework.boot.autoconfigure.http.HttpMessageConverters; SearchStrategy: all) did not find any beans (OnBeanCondition)

   HttpMessageConvertersAutoConfiguration.StringHttpMessageConverterConfiguration matched:
      - @ConditionalOnClass found required class 'org.springframework.http.converter.StringHttpMessageConverter' (OnClassCondition)

   HttpMessageConvertersAutoConfiguration.StringHttpMessageConverterConfiguration#stringHttpMessageConverter matched:
      - @ConditionalOnMissingBean (types: org.springframework.http.converter.StringHttpMessageConverter; SearchStrategy: all) did not find any beans (OnBeanCondition)

   JacksonAutoConfiguration matched:
      - @ConditionalOnClass found required class 'com.fasterxml.jackson.databind.ObjectMapper' (OnClassCondition)

   JacksonAutoConfiguration.Jackson2ObjectMapperBuilderCustomizerConfiguration matched:
      - @ConditionalOnClass found required class 'org.springframework.http.converter.json.Jackson2ObjectMapperBuilder' (OnClassCondition)

   JacksonAutoConfiguration.JacksonObjectMapperBuilderConfiguration matched:
      - @ConditionalOnClass found required class 'org.springframework.http.converter.json.Jackson2ObjectMapperBuilder' (OnClassCondition)

   JacksonAutoConfiguration.JacksonObjectMapperBuilderConfiguration#jacksonObjectMapperBuilder matched:
      - @ConditionalOnMissingBean (types: org.springframework.http.converter.json.Jackson2ObjectMapperBuilder; SearchStrategy: all) did not find any beans (OnBeanCondition)

   JacksonAutoConfiguration.JacksonObjectMapperConfiguration matched:
      - @ConditionalOnClass found required class 'org.springframework.http.converter.json.Jackson2ObjectMapperBuilder' (OnClassCondition)

   JacksonAutoConfiguration.JacksonObjectMapperConfiguration#jacksonObjectMapper matched:
      - @ConditionalOnMissingBean (types: com.fasterxml.jackson.databind.ObjectMapper; SearchStrategy: all) did not find any beans (OnBeanCondition)

   JacksonAutoConfiguration.ParameterNamesModuleConfiguration matched:
      - @ConditionalOnClass found required class 'com.fasterxml.jackson.module.paramnames.ParameterNamesModule' (OnClassCondition)

   JacksonAutoConfiguration.ParameterNamesModuleConfiguration#parameterNamesModule matched:
      - @ConditionalOnMissingBean (types: com.fasterxml.jackson.module.paramnames.ParameterNamesModule; SearchStrategy: all) did not find any beans (OnBeanCondition)

   JacksonHttpMessageConvertersConfiguration.MappingJackson2HttpMessageConverterConfiguration matched:
      - @ConditionalOnClass found required class 'com.fasterxml.jackson.databind.ObjectMapper' (OnClassCondition)
      - @ConditionalOnPreferredJsonMapper JACKSON no property was configured and Jackson is the default (OnPreferredJsonMapperCondition)
      - @ConditionalOnBean (types: com.fasterxml.jackson.databind.ObjectMapper; SearchStrategy: all) found bean 'jacksonObjectMapper' (OnBeanCondition)

   JacksonHttpMessageConvertersConfiguration.MappingJackson2HttpMessageConverterConfiguration#mappingJackson2HttpMessageConverter matched:
      - @ConditionalOnMissingBean (types: org.springframework.http.converter.json.MappingJackson2HttpMessageConverter ignored: org.springframework.hateoas.server.mvc.TypeConstrainedMappingJackson2HttpMessageConverter,org.springframework.data.rest.webmvc.alps.AlpsJsonHttpMessageConverter; SearchStrategy: all) did not find any beans (OnBeanCondition)

   MockMvcAutoConfiguration matched:
      - found 'session' scope (OnWebApplicationCondition)

   MockMvcAutoConfiguration#dispatcherServlet matched:
      - @ConditionalOnMissingBean (types: org.springframework.web.servlet.DispatcherServlet; SearchStrategy: all) did not find any beans (OnBeanCondition)

   MockMvcAutoConfiguration#dispatcherServletPath matched:
      - @ConditionalOnMissingBean (types: org.springframework.boot.autoconfigure.web.servlet.DispatcherServletPath; SearchStrategy: all) did not find any beans (OnBeanCondition)

   MockMvcConfiguration#mockMvc matched:
      - @ConditionalOnMissingBean (types: org.springframework.test.web.servlet.MockMvc; SearchStrategy: all) did not find any beans (OnBeanCondition)

   MockMvcConfiguration#mockMvcBuilder matched:
      - @ConditionalOnMissingBean (types: org.springframework.test.web.servlet.MockMvcBuilder; SearchStrategy: all) did not find any beans (OnBeanCondition)

   MockMvcTesterConfiguration matched:
      - @ConditionalOnClass found required class 'org.assertj.core.api.Assert' (OnClassCondition)

   MockMvcTesterConfiguration#mockMvcTester matched:
      - @ConditionalOnMissingBean (types: org.springframework.test.web.servlet.assertj.MockMvcTester; SearchStrategy: all) did not find any beans (OnBeanCondition)

   NoOpCacheConfiguration matched:
      - Cache org.springframework.boot.autoconfigure.cache.NoOpCacheConfiguration NONE cache type (CacheCondition)

   SpringDataWebAutoConfiguration matched:
      - @ConditionalOnClass found required classes 'org.springframework.data.web.PageableHandlerMethodArgumentResolver', 'org.springframework.web.servlet.config.annotation.WebMvcConfigurer' (OnClassCondition)
      - found 'session' scope (OnWebApplicationCondition)
      - @ConditionalOnMissingBean (types: org.springframework.data.web.PageableHandlerMethodArgumentResolver; SearchStrategy: all) did not find any beans (OnBeanCondition)

   SpringDataWebAutoConfiguration#pageableCustomizer matched:
      - @ConditionalOnMissingBean (types: org.springframework.data.web.config.PageableHandlerMethodArgumentResolverCustomizer; SearchStrategy: all) did not find any beans (OnBeanCondition)

   SpringDataWebAutoConfiguration#sortCustomizer matched:
      - @ConditionalOnMissingBean (types: org.springframework.data.web.config.SortHandlerMethodArgumentResolverCustomizer; SearchStrategy: all) did not find any beans (OnBeanCondition)

   SpringDataWebAutoConfiguration#springDataWebSettings matched:
      - @ConditionalOnMissingBean (types: org.springframework.data.web.config.SpringDataWebSettings; SearchStrategy: all) did not find any beans (OnBeanCondition)

   TaskExecutionAutoConfiguration matched:
      - @ConditionalOnClass found required class 'org.springframework.scheduling.concurrent.ThreadPoolTaskExecutor' (OnClassCondition)

   TaskExecutorConfigurations.AsyncConfigurerConfiguration matched:
      - @ConditionalOnMissingBean (types: org.springframework.scheduling.annotation.AsyncConfigurer; SearchStrategy: all) did not find any beans (OnBeanCondition)

   TaskExecutorConfigurations.AsyncConfigurerConfiguration#applicationTaskExecutorAsyncConfigurer matched:
      - @ConditionalOnMissingBean (types: org.springframework.scheduling.annotation.AsyncConfigurer; SearchStrategy: all) did not find any beans (OnBeanCondition)

   TaskExecutorConfigurations.SimpleAsyncTaskExecutorBuilderConfiguration#simpleAsyncTaskExecutorBuilder matched:
      - @ConditionalOnMissingBean (types: org.springframework.boot.task.SimpleAsyncTaskExecutorBuilder; SearchStrategy: all) did not find any beans (OnBeanCondition)
      - @ConditionalOnThreading found PLATFORM (OnThreadingCondition)

   TaskExecutorConfigurations.TaskExecutorConfiguration matched:
      - AnyNestedCondition 1 matched 1 did not; NestedCondition on TaskExecutorConfigurations.OnExecutorCondition.ModelCondition @ConditionalOnProperty (spring.task.execution.mode=force) did not find property 'spring.task.execution.mode'; NestedCondition on TaskExecutorConfigurations.OnExecutorCondition.ExecutorBeanCondition @ConditionalOnMissingBean (types: java.util.concurrent.Executor; SearchStrategy: all) did not find any beans (TaskExecutorConfigurations.OnExecutorCondition)

   TaskExecutorConfigurations.TaskExecutorConfiguration#applicationTaskExecutor matched:
      - @ConditionalOnThreading found PLATFORM (OnThreadingCondition)

   TaskExecutorConfigurations.ThreadPoolTaskExecutorBuilderConfiguration#threadPoolTaskExecutorBuilder matched:
      - @ConditionalOnMissingBean (types: org.springframework.boot.task.ThreadPoolTaskExecutorBuilder; SearchStrategy: all) did not find any beans (OnBeanCondition)

   ValidationAutoConfiguration matched:
      - @ConditionalOnClass found required class 'jakarta.validation.executable.ExecutableValidator' (OnClassCondition)
      - @ConditionalOnResource found location classpath:META-INF/services/jakarta.validation.spi.ValidationProvider (OnResourceCondition)

   ValidationAutoConfiguration#defaultValidator matched:
      - @ConditionalOnMissingBean (types: jakarta.validation.Validator; SearchStrategy: all) did not find any beans (OnBeanCondition)

   ValidationAutoConfiguration#methodValidationPostProcessor matched:
      - @ConditionalOnMissingBean (types: org.springframework.validation.beanvalidation.MethodValidationPostProcessor; SearchStrategy: current) did not find any beans (OnBeanCondition)

   WebMvcAutoConfiguration matched:
      - @ConditionalOnClass found required classes 'jakarta.servlet.Servlet', 'org.springframework.web.servlet.DispatcherServlet', 'org.springframework.web.servlet.config.annotation.WebMvcConfigurer' (OnClassCondition)
      - found 'session' scope (OnWebApplicationCondition)
      - @ConditionalOnMissingBean (types: org.springframework.web.servlet.config.annotation.WebMvcConfigurationSupport; SearchStrategy: all) did not find any beans (OnBeanCondition)

   WebMvcAutoConfiguration#formContentFilter matched:
      - @ConditionalOnBooleanProperty (spring.mvc.formcontent.filter.enabled=true) matched (OnPropertyCondition)
      - @ConditionalOnMissingBean (types: org.springframework.web.filter.FormContentFilter; SearchStrategy: all) did not find any beans (OnBeanCondition)

   WebMvcAutoConfiguration.EnableWebMvcConfiguration#flashMapManager matched:
      - @ConditionalOnMissingBean (names: flashMapManager; SearchStrategy: all) did not find any beans (OnBeanCondition)

   WebMvcAutoConfiguration.EnableWebMvcConfiguration#localeResolver matched:
      - @ConditionalOnMissingBean (names: localeResolver; SearchStrategy: all) did not find any beans (OnBeanCondition)

   WebMvcAutoConfiguration.EnableWebMvcConfiguration#themeResolver matched:
      - @ConditionalOnMissingBean (names: themeResolver; SearchStrategy: all) did not find any beans (OnBeanCondition)

   WebMvcAutoConfiguration.EnableWebMvcConfiguration#viewNameTranslator matched:
      - @ConditionalOnMissingBean (names: viewNameTranslator; SearchStrategy: all) did not find any beans (OnBeanCondition)

   WebMvcAutoConfiguration.WebMvcAutoConfigurationAdapter#defaultViewResolver matched:
      - @ConditionalOnMissingBean (types: org.springframework.web.servlet.view.InternalResourceViewResolver; SearchStrategy: all) did not find any beans (OnBeanCondition)

   WebMvcAutoConfiguration.WebMvcAutoConfigurationAdapter#requestContextFilter matched:
      - @ConditionalOnMissingBean (types: org.springframework.web.context.request.RequestContextListener,org.springframework.web.filter.RequestContextFilter; SearchStrategy: all) did not find any beans (OnBeanCondition)

   WebMvcAutoConfiguration.WebMvcAutoConfigurationAdapter#viewResolver matched:
      - @ConditionalOnBean (types: org.springframework.web.servlet.ViewResolver; SearchStrategy: all) found beans 'defaultViewResolver', 'beanNameViewResolver', 'mvcViewResolver'; @ConditionalOnMissingBean (names: viewResolver types: org.springframework.web.servlet.view.ContentNegotiatingViewResolver; SearchStrategy: all) did not find any beans (OnBeanCondition)


Negative matches:
-----------------

   Cache2kCacheConfiguration:
      Did not match:
         - @ConditionalOnClass did not find required class 'org.cache2k.Cache2kBuilder' (OnClassCondition)

   CacheAutoConfiguration:
      Did not match:
         - @ConditionalOnBean (types: org.springframework.cache.interceptor.CacheAspectSupport; SearchStrategy: all) did not find any beans of type org.springframework.cache.interceptor.CacheAspectSupport (OnBeanCondition)
      Matched:
         - @ConditionalOnClass found required class 'org.springframework.cache.CacheManager' (OnClassCondition)

   CacheAutoConfiguration.CacheManagerEntityManagerFactoryDependsOnPostProcessor:
      Did not match:
         - Ancestor org.springframework.boot.autoconfigure.cache.CacheAutoConfiguration did not match (ConditionEvaluationReport.AncestorsMatchedCondition)
      Matched:
         - @ConditionalOnClass found required class 'org.springframework.orm.jpa.LocalContainerEntityManagerFactoryBean' (OnClassCondition)

   CaffeineCacheConfiguration:
      Did not match:
         - @ConditionalOnClass did not find required class 'com.github.benmanes.caffeine.cache.Caffeine' (OnClassCondition)

   CouchbaseCacheConfiguration:
      Did not match:
         - @ConditionalOnClass did not find required class 'com.couchbase.client.java.Cluster' (OnClassCondition)

   ErrorMvcAutoConfiguration.DefaultErrorViewResolverConfiguration#conventionErrorViewResolver:
      Did not match:
         - @ConditionalOnBean (types: org.springframework.web.servlet.DispatcherServlet; SearchStrategy: all) did not find any beans of type org.springframework.web.servlet.DispatcherServlet (OnBeanCondition)

   FreeMarkerAutoConfiguration:
      Did not match:
         - @ConditionalOnClass did not find required class 'freemarker.template.Configuration' (OnClassCondition)

   GenericCacheConfiguration:
      Did not match:
         - Cache org.springframework.boot.autoconfigure.cache.GenericCacheConfiguration unknown cache type (CacheCondition)

   GroovyTemplateAutoConfiguration:
      Did not match:
         - @ConditionalOnClass did not find required class 'groovy.text.markup.MarkupTemplateEngine' (OnClassCondition)

   GsonAutoConfiguration:
      Did not match:
         - @ConditionalOnClass did not find required class 'com.google.gson.Gson' (OnClassCondition)

   GsonHttpMessageConvertersConfiguration:
      Did not match:
         - @ConditionalOnClass did not find required class 'com.google.gson.Gson' (OnClassCondition)

   HazelcastCacheConfiguration:
      Did not match:
         - @ConditionalOnClass did not find required class 'com.hazelcast.core.HazelcastInstance' (OnClassCondition)

   HypermediaAutoConfiguration:
      Did not match:
         - @ConditionalOnClass did not find required class 'org.springframework.hateoas.EntityModel' (OnClassCondition)

   InfinispanCacheConfiguration:
      Did not match:
         - @ConditionalOnClass did not find required class 'org.infinispan.spring.embedded.provider.SpringEmbeddedCacheManager' (OnClassCondition)

   JCacheCacheConfiguration:
      Did not match:
         - @ConditionalOnClass did not find required class 'javax.cache.Caching' (OnClassCondition)

   JacksonHttpMessageConvertersConfiguration.MappingJackson2XmlHttpMessageConverterConfiguration:
      Did not match:
         - @ConditionalOnClass did not find required class 'com.fasterxml.jackson.dataformat.xml.XmlMapper' (OnClassCondition)

   JsonbAutoConfiguration:
      Did not match:
         - @ConditionalOnClass did not find required class 'jakarta.json.bind.Jsonb' (OnClassCondition)

   JsonbHttpMessageConvertersConfiguration:
      Did not match:
         - @ConditionalOnClass did not find required class 'jakarta.json.bind.Jsonb' (OnClassCondition)

   MessageSourceAutoConfiguration:
      Did not match:
         - ResourceBundle did not find bundle with basename messages (MessageSourceAutoConfiguration.ResourceBundleCondition)

   MockMvcAutoConfiguration.WebTestClientMockMvcConfiguration:
      Did not match:
         - @ConditionalOnClass did not find required class 'org.springframework.web.reactive.function.client.WebClient' (OnClassCondition)

   MockMvcSecurityConfiguration:
      Did not match:
         - @ConditionalOnClass did not find required class 'org.springframework.security.test.web.servlet.request.SecurityMockMvcRequestPostProcessors' (OnClassCondition)

   MockMvcWebClientAutoConfiguration:
      Did not match:
         - @ConditionalOnClass did not find required class 'org.htmlunit.WebClient' (OnClassCondition)

   MockMvcWebDriverAutoConfiguration:
      Did not match:
         - @ConditionalOnClass did not find required class 'org.openqa.selenium.htmlunit.HtmlUnitDriver' (OnClassCondition)

   MustacheAutoConfiguration:
      Did not match:
         - @ConditionalOnClass did not find required class 'com.samskivert.mustache.Mustache' (OnClassCondition)

   OAuth2ClientAutoConfiguration:
      Did not match:
         - @ConditionalOnClass did not find required class 'org.springframework.security.oauth2.client.registration.ClientRegistration' (OnClassCondition)

   OAuth2ClientWebSecurityAutoConfiguration:
      Did not match:
         - @ConditionalOnClass did not find required class 'org.springframework.security.config.annotation.web.configuration.EnableWebSecurity' (OnClassCondition)

   OAuth2ResourceServerAutoConfiguration:
      Did not match:
         - @ConditionalOnClass did not find required class 'org.springframework.security.oauth2.server.resource.authentication.BearerTokenAuthenticationToken' (OnClassCondition)

   RedisCacheConfiguration:
      Did not match:
         - @ConditionalOnClass did not find required class 'org.springframework.data.redis.connection.RedisConnectionFactory' (OnClassCondition)

   Saml2RelyingPartyAutoConfiguration:
      Did not match:
[...]
2026-05-10T22:43:52.403-04:00 DEBUG 90877 --- [productos] [           main] org.springframework.test.context.cache   : Spring test ApplicationContext cache statistics: [DefaultContextCache@84180e2 size = 2, maxSize = 32, parentContextCount = 0, hitCount = 82, missCount = 2, failureCount = 0]
2026-05-10T22:43:52.403-04:00 DEBUG 90877 --- [productos] [           main] org.springframework.test.context.cache   : Spring test ApplicationContext cache statistics: [DefaultContextCache@84180e2 size = 2, maxSize = 32, parentContextCount = 0, hitCount = 83, missCount = 2, failureCount = 0]
2026-05-10T22:43:52.403-04:00 DEBUG 90877 --- [productos] [           main] org.springframework.test.context.cache   : Spring test ApplicationContext cache statistics: [DefaultContextCache@84180e2 size = 2, maxSize = 32, parentContextCount = 0, hitCount = 84, missCount = 2, failureCount = 0]
2026-05-10T22:43:52.404-04:00 DEBUG 90877 --- [productos] [           main] .c.s.DirtiesContextTestExecutionListener : After test method: class [ProductoControllerTest], method [obtenerPorId_existente_retorna200], class annotated with @DirtiesContext [false] with mode [null], method annotated with @DirtiesContext [false] with mode [null]
]]></system-out>
  </testcase>
  <testcase name="obtenerPorId_noExistente_retorna404" classname="fullstack_productos.productos.ProductoControllerTest" time="0.008">
    <system-out><![CDATA[2026-05-10T22:43:52.406-04:00 DEBUG 90877 --- [productos] [           main] org.springframework.test.context.cache   : Spring test ApplicationContext cache statistics: [DefaultContextCache@84180e2 size = 2, maxSize = 32, parentContextCount = 0, hitCount = 85, missCount = 2, failureCount = 0]
2026-05-10T22:43:52.406-04:00 DEBUG 90877 --- [productos] [           main] DependencyInjectionTestExecutionListener : Performing dependency injection for test class fullstack_productos.productos.ProductoControllerTest
2026-05-10T22:43:52.406-04:00 DEBUG 90877 --- [productos] [           main] org.springframework.test.context.cache   : Spring test ApplicationContext cache statistics: [DefaultContextCache@84180e2 size = 2, maxSize = 32, parentContextCount = 0, hitCount = 86, missCount = 2, failureCount = 0]
2026-05-10T22:43:52.406-04:00 DEBUG 90877 --- [productos] [           main] org.springframework.test.context.cache   : Spring test ApplicationContext cache statistics: [DefaultContextCache@84180e2 size = 2, maxSize = 32, parentContextCount = 0, hitCount = 87, missCount = 2, failureCount = 0]
2026-05-10T22:43:52.407-04:00 DEBUG 90877 --- [productos] [           main] sContextBeforeModesTestExecutionListener : Before test method: class [ProductoControllerTest], method [obtenerPorId_noExistente_retorna404], class annotated with @DirtiesContext [false] with mode [null], method annotated with @DirtiesContext [false] with mode [null]
2026-05-10T22:43:52.408-04:00 DEBUG 90877 --- [productos] [           main] org.springframework.test.context.cache   : Spring test ApplicationContext cache statistics: [DefaultContextCache@84180e2 size = 2, maxSize = 32, parentContextCount = 0, hitCount = 88, missCount = 2, failureCount = 0]
2026-05-10T22:43:52.409-04:00 DEBUG 90877 --- [productos] [           main] org.springframework.test.context.cache   : Spring test ApplicationContext cache statistics: [DefaultContextCache@84180e2 size = 2, maxSize = 32, parentContextCount = 0, hitCount = 89, missCount = 2, failureCount = 0]
2026-05-10T22:43:52.410-04:00 DEBUG 90877 --- [productos] [           main] org.springframework.test.context.cache   : Spring test ApplicationContext cache statistics: [DefaultContextCache@84180e2 size = 2, maxSize = 32, parentContextCount = 0, hitCount = 90, missCount = 2, failureCount = 0]
2026-05-10T22:43:52.410-04:00 DEBUG 90877 --- [productos] [           main] org.springframework.test.context.cache   : Spring test ApplicationContext cache statistics: [DefaultContextCache@84180e2 size = 2, maxSize = 32, parentContextCount = 0, hitCount = 91, missCount = 2, failureCount = 0]
2026-05-10T22:43:52.411-04:00 DEBUG 90877 --- [productos] [           main] o.s.t.web.servlet.TestDispatcherServlet  : GET "/api/productos/99", parameters={}
2026-05-10T22:43:52.412-04:00 DEBUG 90877 --- [productos] [           main] s.w.s.m.m.a.RequestMappingHandlerMapping : Mapped to fullstack_productos.productos.controller.ProductoController#obtenerPorId(Long)
2026-05-10T22:43:52.412-04:00 DEBUG 90877 --- [productos] [           main] o.s.w.s.m.m.a.HttpEntityMethodProcessor  : Using 'application/json', given [*/*] and supported [application/json, application/*+json]
2026-05-10T22:43:52.412-04:00 DEBUG 90877 --- [productos] [           main] o.s.w.s.m.m.a.HttpEntityMethodProcessor  : Nothing to write: null body
2026-05-10T22:43:52.413-04:00 DEBUG 90877 --- [productos] [           main] o.s.t.web.servlet.TestDispatcherServlet  : Completed 404 NOT_FOUND
2026-05-10T22:43:52.413-04:00 DEBUG 90877 --- [productos] [           main] org.springframework.test.context.cache   : Spring test ApplicationContext cache statistics: [DefaultContextCache@84180e2 size = 2, maxSize = 32, parentContextCount = 0, hitCount = 92, missCount = 2, failureCount = 0]
2026-05-10T22:43:52.413-04:00 DEBUG 90877 --- [productos] [           main] org.springframework.test.context.cache   : Spring test ApplicationContext cache statistics: [DefaultContextCache@84180e2 size = 2, maxSize = 32, parentContextCount = 0, hitCount = 93, missCount = 2, failureCount = 0]
2026-05-10T22:43:52.414-04:00 DEBUG 90877 --- [productos] [           main] org.springframework.test.context.cache   : Spring test ApplicationContext cache statistics: [DefaultContextCache@84180e2 size = 2, maxSize = 32, parentContextCount = 0, hitCount = 94, missCount = 2, failureCount = 0]
2026-05-10T22:43:52.414-04:00 DEBUG 90877 --- [productos] [           main] org.springframework.test.context.cache   : Spring test ApplicationContext cache statistics: [DefaultContextCache@84180e2 size = 2, maxSize = 32, parentContextCount = 0, hitCount = 95, missCount = 2, failureCount = 0]
2026-05-10T22:43:52.414-04:00 DEBUG 90877 --- [productos] [           main] org.springframework.test.context.cache   : Spring test ApplicationContext cache statistics: [DefaultContextCache@84180e2 size = 2, maxSize = 32, parentContextCount = 0, hitCount = 96, missCount = 2, failureCount = 0]
2026-05-10T22:43:52.414-04:00 DEBUG 90877 --- [productos] [           main] org.springframework.test.context.cache   : Spring test ApplicationContext cache statistics: [DefaultContextCache@84180e2 size = 2, maxSize = 32, parentContextCount = 0, hitCount = 97, missCount = 2, failureCount = 0]
2026-05-10T22:43:52.415-04:00 DEBUG 90877 --- [productos] [           main] org.springframework.test.context.cache   : Spring test ApplicationContext cache statistics: [DefaultContextCache@84180e2 size = 2, maxSize = 32, parentContextCount = 0, hitCount = 98, missCount = 2, failureCount = 0]
2026-05-10T22:43:52.415-04:00 DEBUG 90877 --- [productos] [           main] .c.s.DirtiesContextTestExecutionListener : After test method: class [ProductoControllerTest], method [obtenerPorId_noExistente_retorna404], class annotated with @DirtiesContext [false] with mode [null], method annotated with @DirtiesContext [false] with mode [null]
]]></system-out>
  </testcase>
  <testcase name="actualizar_productoExistente_retorna200" classname="fullstack_productos.productos.ProductoControllerTest" time="0.012">
    <system-out><![CDATA[2026-05-10T22:43:52.417-04:00 DEBUG 90877 --- [productos] [           main] org.springframework.test.context.cache   : Spring test ApplicationContext cache statistics: [DefaultContextCache@84180e2 size = 2, maxSize = 32, parentContextCount = 0, hitCount = 99, missCount = 2, failureCount = 0]
2026-05-10T22:43:52.417-04:00 DEBUG 90877 --- [productos] [           main] DependencyInjectionTestExecutionListener : Performing dependency injection for test class fullstack_productos.productos.ProductoControllerTest
2026-05-10T22:43:52.417-04:00 DEBUG 90877 --- [productos] [           main] org.springframework.test.context.cache   : Spring test ApplicationContext cache statistics: [DefaultContextCache@84180e2 size = 2, maxSize = 32, parentContextCount = 0, hitCount = 100, missCount = 2, failureCount = 0]
2026-05-10T22:43:52.417-04:00 DEBUG 90877 --- [productos] [           main] org.springframework.test.context.cache   : Spring test ApplicationContext cache statistics: [DefaultContextCache@84180e2 size = 2, maxSize = 32, parentContextCount = 0, hitCount = 101, missCount = 2, failureCount = 0]
2026-05-10T22:43:52.419-04:00 DEBUG 90877 --- [productos] [           main] sContextBeforeModesTestExecutionListener : Before test method: class [ProductoControllerTest], method [actualizar_productoExistente_retorna200], class annotated with @DirtiesContext [false] with mode [null], method annotated with @DirtiesContext [false] with mode [null]
2026-05-10T22:43:52.419-04:00 DEBUG 90877 --- [productos] [           main] org.springframework.test.context.cache   : Spring test ApplicationContext cache statistics: [DefaultContextCache@84180e2 size = 2, maxSize = 32, parentContextCount = 0, hitCount = 102, missCount = 2, failureCount = 0]
2026-05-10T22:43:52.419-04:00 DEBUG 90877 --- [productos] [           main] org.springframework.test.context.cache   : Spring test ApplicationContext cache statistics: [DefaultContextCache@84180e2 size = 2, maxSize = 32, parentContextCount = 0, hitCount = 103, missCount = 2, failureCount = 0]
2026-05-10T22:43:52.420-04:00 DEBUG 90877 --- [productos] [           main] org.springframework.test.context.cache   : Spring test ApplicationContext cache statistics: [DefaultContextCache@84180e2 size = 2, maxSize = 32, parentContextCount = 0, hitCount = 104, missCount = 2, failureCount = 0]
2026-05-10T22:43:52.420-04:00 DEBUG 90877 --- [productos] [           main] org.springframework.test.context.cache   : Spring test ApplicationContext cache statistics: [DefaultContextCache@84180e2 size = 2, maxSize = 32, parentContextCount = 0, hitCount = 105, missCount = 2, failureCount = 0]
2026-05-10T22:43:52.421-04:00 DEBUG 90877 --- [productos] [           main] o.s.t.web.servlet.TestDispatcherServlet  : PUT "/api/productos/1", parameters={}
2026-05-10T22:43:52.421-04:00 DEBUG 90877 --- [productos] [           main] s.w.s.m.m.a.RequestMappingHandlerMapping : Mapped to fullstack_productos.productos.controller.ProductoController#actualizar(Long, Producto)
2026-05-10T22:43:52.423-04:00 DEBUG 90877 --- [productos] [           main] m.m.a.RequestResponseBodyMethodProcessor : Read "application/json;charset=UTF-8" to [fullstack_productos.productos.model.Producto@fe739e7]
2026-05-10T22:43:52.424-04:00 DEBUG 90877 --- [productos] [           main] o.s.w.s.m.m.a.HttpEntityMethodProcessor  : Using 'application/json', given [*/*] and supported [application/json, application/*+json]
2026-05-10T22:43:52.425-04:00 DEBUG 90877 --- [productos] [           main] o.s.w.s.m.m.a.HttpEntityMethodProcessor  : Writing [fullstack_productos.productos.model.Producto@2c513e9f]
2026-05-10T22:43:52.426-04:00 DEBUG 90877 --- [productos] [           main] o.s.t.web.servlet.TestDispatcherServlet  : Completed 200 OK
2026-05-10T22:43:52.427-04:00 DEBUG 90877 --- [productos] [           main] org.springframework.test.context.cache   : Spring test ApplicationContext cache statistics: [DefaultContextCache@84180e2 size = 2, maxSize = 32, parentContextCount = 0, hitCount = 106, missCount = 2, failureCount = 0]
2026-05-10T22:43:52.427-04:00 DEBUG 90877 --- [productos] [           main] org.springframework.test.context.cache   : Spring test ApplicationContext cache statistics: [DefaultContextCache@84180e2 size = 2, maxSize = 32, parentContextCount = 0, hitCount = 107, missCount = 2, failureCount = 0]
2026-05-10T22:43:52.428-04:00 DEBUG 90877 --- [productos] [           main] org.springframework.test.context.cache   : Spring test ApplicationContext cache statistics: [DefaultContextCache@84180e2 size = 2, maxSize = 32, parentContextCount = 0, hitCount = 108, missCount = 2, failureCount = 0]
2026-05-10T22:43:52.428-04:00 DEBUG 90877 --- [productos] [           main] org.springframework.test.context.cache   : Spring test ApplicationContext cache statistics: [DefaultContextCache@84180e2 size = 2, maxSize = 32, parentContextCount = 0, hitCount = 109, missCount = 2, failureCount = 0]
2026-05-10T22:43:52.428-04:00 DEBUG 90877 --- [productos] [           main] org.springframework.test.context.cache   : Spring test ApplicationContext cache statistics: [DefaultContextCache@84180e2 size = 2, maxSize = 32, parentContextCount = 0, hitCount = 110, missCount = 2, failureCount = 0]
2026-05-10T22:43:52.428-04:00 DEBUG 90877 --- [productos] [           main] org.springframework.test.context.cache   : Spring test ApplicationContext cache statistics: [DefaultContextCache@84180e2 size = 2, maxSize = 32, parentContextCount = 0, hitCount = 111, missCount = 2, failureCount = 0]
2026-05-10T22:43:52.429-04:00 DEBUG 90877 --- [productos] [           main] org.springframework.test.context.cache   : Spring test ApplicationContext cache statistics: [DefaultContextCache@84180e2 size = 2, maxSize = 32, parentContextCount = 0, hitCount = 112, missCount = 2, failureCount = 0]
2026-05-10T22:43:52.429-04:00 DEBUG 90877 --- [productos] [           main] .c.s.DirtiesContextTestExecutionListener : After test method: class [ProductoControllerTest], method [actualizar_productoExistente_retorna200], class annotated with @DirtiesContext [false] with mode [null], method annotated with @DirtiesContext [false] with mode [null]
]]></system-out>
  </testcase>
  <testcase name="eliminar_productoExistente_retorna204" classname="fullstack_productos.productos.ProductoControllerTest" time="0.035">
    <system-out><![CDATA[2026-05-10T22:43:52.432-04:00 DEBUG 90877 --- [productos] [           main] org.springframework.test.context.cache   : Spring test ApplicationContext cache statistics: [DefaultContextCache@84180e2 size = 2, maxSize = 32, parentContextCount = 0, hitCount = 113, missCount = 2, failureCount = 0]
2026-05-10T22:43:52.432-04:00 DEBUG 90877 --- [productos] [           main] DependencyInjectionTestExecutionListener : Performing dependency injection for test class fullstack_productos.productos.ProductoControllerTest
2026-05-10T22:43:52.432-04:00 DEBUG 90877 --- [productos] [           main] org.springframework.test.context.cache   : Spring test ApplicationContext cache statistics: [DefaultContextCache@84180e2 size = 2, maxSize = 32, parentContextCount = 0, hitCount = 114, missCount = 2, failureCount = 0]
2026-05-10T22:43:52.432-04:00 DEBUG 90877 --- [productos] [           main] org.springframework.test.context.cache   : Spring test ApplicationContext cache statistics: [DefaultContextCache@84180e2 size = 2, maxSize = 32, parentContextCount = 0, hitCount = 115, missCount = 2, failureCount = 0]
2026-05-10T22:43:52.458-04:00 DEBUG 90877 --- [productos] [           main] sContextBeforeModesTestExecutionListener : Before test method: class [ProductoControllerTest], method [eliminar_productoExistente_retorna204], class annotated with @DirtiesContext [false] with mode [null], method annotated with @DirtiesContext [false] with mode [null]
2026-05-10T22:43:52.459-04:00 DEBUG 90877 --- [productos] [           main] org.springframework.test.context.cache   : Spring test ApplicationContext cache statistics: [DefaultContextCache@84180e2 size = 2, maxSize = 32, parentContextCount = 0, hitCount = 116, missCount = 2, failureCount = 0]
2026-05-10T22:43:52.459-04:00 DEBUG 90877 --- [productos] [           main] org.springframework.test.context.cache   : Spring test ApplicationContext cache statistics: [DefaultContextCache@84180e2 size = 2, maxSize = 32, parentContextCount = 0, hitCount = 117, missCount = 2, failureCount = 0]
2026-05-10T22:43:52.460-04:00 DEBUG 90877 --- [productos] [           main] org.springframework.test.context.cache   : Spring test ApplicationContext cache statistics: [DefaultContextCache@84180e2 size = 2, maxSize = 32, parentContextCount = 0, hitCount = 118, missCount = 2, failureCount = 0]
2026-05-10T22:43:52.461-04:00 DEBUG 90877 --- [productos] [           main] org.springframework.test.context.cache   : Spring test ApplicationContext cache statistics: [DefaultContextCache@84180e2 size = 2, maxSize = 32, parentContextCount = 0, hitCount = 119, missCount = 2, failureCount = 0]
2026-05-10T22:43:52.462-04:00 DEBUG 90877 --- [productos] [           main] o.s.t.web.servlet.TestDispatcherServlet  : DELETE "/api/productos/1", parameters={}
2026-05-10T22:43:52.462-04:00 DEBUG 90877 --- [productos] [           main] s.w.s.m.m.a.RequestMappingHandlerMapping : Mapped to fullstack_productos.productos.controller.ProductoController#eliminar(Long)
2026-05-10T22:43:52.463-04:00 DEBUG 90877 --- [productos] [           main] o.s.w.s.m.m.a.HttpEntityMethodProcessor  : Using 'application/json', given [*/*] and supported [application/json, application/*+json]
2026-05-10T22:43:52.463-04:00 DEBUG 90877 --- [productos] [           main] o.s.w.s.m.m.a.HttpEntityMethodProcessor  : Nothing to write: null body
2026-05-10T22:43:52.463-04:00 DEBUG 90877 --- [productos] [           main] o.s.t.web.servlet.TestDispatcherServlet  : Completed 204 NO_CONTENT
2026-05-10T22:43:52.464-04:00 DEBUG 90877 --- [productos] [           main] org.springframework.test.context.cache   : Spring test ApplicationContext cache statistics: [DefaultContextCache@84180e2 size = 2, maxSize = 32, parentContextCount = 0, hitCount = 120, missCount = 2, failureCount = 0]
2026-05-10T22:43:52.464-04:00 DEBUG 90877 --- [productos] [           main] org.springframework.test.context.cache   : Spring test ApplicationContext cache statistics: [DefaultContextCache@84180e2 size = 2, maxSize = 32, parentContextCount = 0, hitCount = 121, missCount = 2, failureCount = 0]
2026-05-10T22:43:52.465-04:00 DEBUG 90877 --- [productos] [           main] org.springframework.test.context.cache   : Spring test ApplicationContext cache statistics: [DefaultContextCache@84180e2 size = 2, maxSize = 32, parentContextCount = 0, hitCount = 122, missCount = 2, failureCount = 0]
2026-05-10T22:43:52.466-04:00 DEBUG 90877 --- [productos] [           main] org.springframework.test.context.cache   : Spring test ApplicationContext cache statistics: [DefaultContextCache@84180e2 size = 2, maxSize = 32, parentContextCount = 0, hitCount = 123, missCount = 2, failureCount = 0]
2026-05-10T22:43:52.466-04:00 DEBUG 90877 --- [productos] [           main] org.springframework.test.context.cache   : Spring test ApplicationContext cache statistics: [DefaultContextCache@84180e2 size = 2, maxSize = 32, parentContextCount = 0, hitCount = 124, missCount = 2, failureCount = 0]
2026-05-10T22:43:52.466-04:00 DEBUG 90877 --- [productos] [           main] org.springframework.test.context.cache   : Spring test ApplicationContext cache statistics: [DefaultContextCache@84180e2 size = 2, maxSize = 32, parentContextCount = 0, hitCount = 125, missCount = 2, failureCount = 0]
2026-05-10T22:43:52.467-04:00 DEBUG 90877 --- [productos] [           main] org.springframework.test.context.cache   : Spring test ApplicationContext cache statistics: [DefaultContextCache@84180e2 size = 2, maxSize = 32, parentContextCount = 0, hitCount = 126, missCount = 2, failureCount = 0]
2026-05-10T22:43:52.467-04:00 DEBUG 90877 --- [productos] [           main] .c.s.DirtiesContextTestExecutionListener : After test method: class [ProductoControllerTest], method [eliminar_productoExistente_retorna204], class annotated with @DirtiesContext [false] with mode [null], method annotated with @DirtiesContext [false] with mode [null]
]]></system-out>
  </testcase>
</testsuite>